Copyright 1986-2022 Xilinx, Inc. All Rights Reserved.
------------------------------------------------------------------------------------
| Tool Version : Vivado v.2022.2 (win64) Build 3671981 Fri Oct 14 05:00:03 MDT 2022
| Date         : Wed Jun 24 01:38:44 2026
| Host         : LAPTOP-G40ALRVF running 64-bit major release  (build 9200)
| Command      : report_timing_summary -file V:/reports/impl_10p0ns_timing.rpt
| Design       : poly_mul_top
| Device       : 7a200t-sbg484
| Speed File   : -1  PRODUCTION 1.23 2018-06-13
------------------------------------------------------------------------------------

Timing Summary Report

------------------------------------------------------------------------------------------------
| Timer Settings
| --------------
------------------------------------------------------------------------------------------------

  Enable Multi Corner Analysis               :  Yes
  Enable Pessimism Removal                   :  Yes
  Pessimism Removal Resolution               :  Nearest Common Node
  Enable Input Delay Default Clock           :  No
  Enable Preset / Clear Arcs                 :  No
  Disable Flight Delays                      :  No
  Ignore I/O Paths                           :  No
  Timing Early Launch at Borrowing Latches   :  No
  Borrow Time for Max Delay Exceptions       :  Yes
  Merge Timing Exceptions                    :  Yes

  Corner  Analyze    Analyze    
  Name    Max Paths  Min Paths  
  ------  ---------  ---------  
  Slow    Yes        Yes        
  Fast    Yes        Yes        


------------------------------------------------------------------------------------------------
| Report Methodology
| ------------------
------------------------------------------------------------------------------------------------

No report available as report_methodology has not been run prior. Run report_methodology on the current design for the summary of methodology violations.



check_timing report

Table of Contents
-----------------
1. checking no_clock (0)
2. checking constant_clock (0)
3. checking pulse_width_clock (0)
4. checking unconstrained_internal_endpoints (0)
5. checking no_input_delay (80)
6. checking no_output_delay (66)
7. checking multiple_clock (0)
8. checking generated_clocks (0)
9. checking loops (0)
10. checking partial_input_delay (0)
11. checking partial_output_delay (0)
12. checking latch_loops (0)

1. checking no_clock (0)
------------------------
 There are 0 register/latch pins with no clock.


2. checking constant_clock (0)
------------------------------
 There are 0 register/latch pins with constant_clock.


3. checking pulse_width_clock (0)
---------------------------------
 There are 0 register/latch pins which need pulse_width check


4. checking unconstrained_internal_endpoints (0)
------------------------------------------------
 There are 0 pins that are not constrained for maximum delay.

 There are 0 pins that are not constrained for maximum delay due to constant clock.


5. checking no_input_delay (80)
-------------------------------
 There are 80 input ports with no input delay specified. (HIGH)

 There are 0 input ports with no input delay but user has a false path constraint.


6. checking no_output_delay (66)
--------------------------------
 There are 66 ports with no output delay specified. (HIGH)

 There are 0 ports with no output delay but user has a false path constraint

 There are 0 ports with no output delay but with a timing clock defined on it or propagating through it


7. checking multiple_clock (0)
------------------------------
 There are 0 register/latch pins with multiple clocks.


8. checking generated_clocks (0)
--------------------------------
 There are 0 generated clocks that are not connected to a clock source.


9. checking loops (0)
---------------------
 There are 0 combinational loops in the design.


10. checking partial_input_delay (0)
------------------------------------
 There are 0 input ports with partial input delay specified.


11. checking partial_output_delay (0)
-------------------------------------
 There are 0 ports with partial output delay specified.


12. checking latch_loops (0)
----------------------------
 There are 0 combinational latch loops in the design through latch input



------------------------------------------------------------------------------------------------
| Design Timing Summary
| ---------------------
------------------------------------------------------------------------------------------------

    WNS(ns)      TNS(ns)  TNS Failing Endpoints  TNS Total Endpoints      WHS(ns)      THS(ns)  THS Failing Endpoints  THS Total Endpoints     WPWS(ns)     TPWS(ns)  TPWS Failing Endpoints  TPWS Total Endpoints  
    -------      -------  ---------------------  -------------------      -------      -------  ---------------------  -------------------     --------     --------  ----------------------  --------------------  
     -0.110       -0.337                      7               190640        0.024        0.000                      0               190640        3.750        0.000                       0                 61147  


Timing constraints are not met.


------------------------------------------------------------------------------------------------
| Clock Summary
| -------------
------------------------------------------------------------------------------------------------

Clock  Waveform(ns)       Period(ns)      Frequency(MHz)
-----  ------------       ----------      --------------
clk    {0.000 5.000}      10.000          100.000         


------------------------------------------------------------------------------------------------
| Intra Clock Table
| -----------------
------------------------------------------------------------------------------------------------

Clock             WNS(ns)      TNS(ns)  TNS Failing Endpoints  TNS Total Endpoints      WHS(ns)      THS(ns)  THS Failing Endpoints  THS Total Endpoints     WPWS(ns)     TPWS(ns)  TPWS Failing Endpoints  TPWS Total Endpoints  
-----             -------      -------  ---------------------  -------------------      -------      -------  ---------------------  -------------------     --------     --------  ----------------------  --------------------  
clk                -0.110       -0.337                      7               190640        0.024        0.000                      0               190640        3.750        0.000                       0                 61147  


------------------------------------------------------------------------------------------------
| Inter Clock Table
| -----------------
------------------------------------------------------------------------------------------------

From Clock    To Clock          WNS(ns)      TNS(ns)  TNS Failing Endpoints  TNS Total Endpoints      WHS(ns)      THS(ns)  THS Failing Endpoints  THS Total Endpoints  
----------    --------          -------      -------  ---------------------  -------------------      -------      -------  ---------------------  -------------------  


------------------------------------------------------------------------------------------------
| Other Path Groups Table
| -----------------------
------------------------------------------------------------------------------------------------

Path Group    From Clock    To Clock          WNS(ns)      TNS(ns)  TNS Failing Endpoints  TNS Total Endpoints      WHS(ns)      THS(ns)  THS Failing Endpoints  THS Total Endpoints  
----------    ----------    --------          -------      -------  ---------------------  -------------------      -------      -------  ---------------------  -------------------  


------------------------------------------------------------------------------------------------
| Timing Details
| --------------
------------------------------------------------------------------------------------------------


---------------------------------------------------------------------------------------------------
From Clock:  clk
  To Clock:  clk

Setup :            7  Failing Endpoints,  Worst Slack       -0.110ns,  Total Violation       -0.337ns
Hold  :            0  Failing Endpoints,  Worst Slack        0.024ns,  Total Violation        0.000ns
PW    :            0  Failing Endpoints,  Worst Slack        3.750ns,  Total Violation        0.000ns
---------------------------------------------------------------------------------------------------


Max Delay Paths
--------------------------------------------------------------------------------------
Slack (VIOLATED) :        -0.110ns  (required time - arrival time)
  Source:                 u_core/g_stage[11].u_stage/u_butterfly/b_r_reg[3]/C
                            (rising edge-triggered cell FDRE clocked by clk  {rise@0.000ns fall@5.000ns period=10.000ns})
  Destination:            u_core/g_stage[11].u_stage/u_butterfly/u_mul/t_s0_reg/A[12]
                            (rising edge-triggered cell DSP48E1 clocked by clk  {rise@0.000ns fall@5.000ns period=10.000ns})
  Path Group:             clk
  Path Type:              Setup (Max at Slow Process Corner)
  Requirement:            10.000ns  (clk rise@10.000ns - clk rise@0.000ns)
  Data Path Delay:        9.317ns  (logic 4.662ns (50.035%)  route 4.655ns (49.965%))
  Logic Levels:           27  (CARRY4=24 LUT3=1 LUT4=2)
  Clock Path Skew:        -0.212ns (DCD - SCD + CPR)
    Destination Clock Delay (DCD):    4.922ns = ( 14.922 - 10.000 ) 
    Source Clock Delay      (SCD):    5.403ns
    Clock Pessimism Removal (CPR):    0.269ns
  Clock Uncertainty:      0.035ns  ((TSJ^2 + TIJ^2)^1/2 + DJ) / 2 + PE
    Total System Jitter     (TSJ):    0.071ns
    Total Input Jitter      (TIJ):    0.000ns
    Discrete Jitter          (DJ):    0.000ns
    Phase Error              (PE):    0.000ns

    Location             Delay type                Incr(ns)  Path(ns)    Netlist Resource(s)
  -------------------------------------------------------------------    -------------------
                         (clock clk rise edge)        0.000     0.000 r  
    Y11                                               0.000     0.000 r  clk (IN)
                         net (fo=0)                   0.000     0.000    clk
    Y11                  IBUF (Prop_ibuf_I_O)         0.994     0.994 r  clk_IBUF_inst/O
                         net (fo=1, routed)           2.457     3.450    clk_IBUF
    BUFGCTRL_X0Y0        BUFG (Prop_bufg_I_O)         0.096     3.546 r  clk_IBUF_BUFG_inst/O
                         net (fo=61222, routed)       1.857     5.403    u_core/g_stage[11].u_stage/u_butterfly/clk_IBUF_BUFG
    SLICE_X114Y60        FDRE                                         r  u_core/g_stage[11].u_stage/u_butterfly/b_r_reg[3]/C
  -------------------------------------------------------------------    -------------------
    SLICE_X114Y60        FDRE (Prop_fdre_C_Q)         0.456     5.859 r  u_core/g_stage[11].u_stage/u_butterfly/b_r_reg[3]/Q
                         net (fo=6, routed)           0.957     6.817    u_core/g_stage[11].u_stage/u_butterfly/u_sub/Q[3]
    SLICE_X114Y64        LUT4 (Prop_lut4_I3_O)        0.124     6.941 r  u_core/g_stage[11].u_stage/u_butterfly/u_sub/y1_carry_i_7__21/O
                         net (fo=1, routed)           0.000     6.941    u_core/g_stage[11].u_stage/u_butterfly/u_sub/y1_carry_i_7__21_n_0
    SLICE_X114Y64        CARRY4 (Prop_carry4_S[1]_CO[3])
                                                      0.550     7.491 r  u_core/g_stage[11].u_stage/u_butterfly/u_sub/y1_carry/CO[3]
                         net (fo=1, routed)           0.000     7.491    u_core/g_stage[11].u_stage/u_butterfly/u_sub/y1_carry_n_0
    SLICE_X114Y65        CARRY4 (Prop_carry4_CI_CO[3])
                                                      0.114     7.605 r  u_core/g_stage[11].u_stage/u_butterfly/u_sub/y1_carry__0/CO[3]
                         net (fo=1, routed)           0.000     7.605    u_core/g_stage[11].u_stage/u_butterfly/u_sub/y1_carry__0_n_0
    SLICE_X114Y66        CARRY4 (Prop_carry4_CI_CO[3])
                                                      0.114     7.719 r  u_core/g_stage[11].u_stage/u_butterfly/u_sub/y1_carry__1/CO[3]
                         net (fo=1, routed)           0.000     7.719    u_core/g_stage[11].u_stage/u_butterfly/u_sub/y1_carry__1_n_0
    SLICE_X114Y67        CARRY4 (Prop_carry4_CI_CO[3])
                                                      0.114     7.833 r  u_core/g_stage[11].u_stage/u_butterfly/u_sub/y1_carry__2/CO[3]
                         net (fo=1, routed)           0.000     7.833    u_core/g_stage[11].u_stage/u_butterfly/u_sub/y1_carry__2_n_0
    SLICE_X114Y68        CARRY4 (Prop_carry4_CI_CO[3])
                                                      0.114     7.947 r  u_core/g_stage[11].u_stage/u_butterfly/u_sub/y1_carry__3/CO[3]
                         net (fo=1, routed)           0.000     7.947    u_core/g_stage[11].u_stage/u_butterfly/u_sub/y1_carry__3_n_0
    SLICE_X114Y69        CARRY4 (Prop_carry4_CI_CO[3])
                                                      0.114     8.061 r  u_core/g_stage[11].u_stage/u_butterfly/u_sub/y1_carry__4/CO[3]
                         net (fo=1, routed)           0.000     8.061    u_core/g_stage[11].u_stage/u_butterfly/u_sub/y1_carry__4_n_0
    SLICE_X114Y70        CARRY4 (Prop_carry4_CI_CO[3])
                                                      0.114     8.175 r  u_core/g_stage[11].u_stage/u_butterfly/u_sub/y1_carry__5/CO[3]
                         net (fo=1, routed)           0.000     8.175    u_core/g_stage[11].u_stage/u_butterfly/u_sub/y1_carry__5_n_0
    SLICE_X114Y71        CARRY4 (Prop_carry4_CI_CO[3])
                                                      0.114     8.289 r  u_core/g_stage[11].u_stage/u_butterfly/u_sub/y1_carry__6/CO[3]
                         net (fo=14, routed)          1.006     9.294    u_core/g_stage[11].u_stage/u_butterfly/u_sub/y1_0
    SLICE_X104Y66        LUT3 (Prop_lut3_I2_O)        0.124     9.418 r  u_core/g_stage[11].u_stage/u_butterfly/u_sub/__2_carry_i_3__10/O
                         net (fo=2, routed)           0.898    10.316    u_core/g_stage[11].u_stage/u_butterfly/u_sub/__2_carry_i_3__10_n_0
    SLICE_X100Y62        LUT4 (Prop_lut4_I0_O)        0.124    10.440 r  u_core/g_stage[11].u_stage/u_butterfly/u_sub/__2_carry_i_6__10/O
                         net (fo=1, routed)           0.000    10.440    u_core/g_stage[11].u_stage/u_butterfly/u_sub/__2_carry_i_6__10_n_0
    SLICE_X100Y62        CARRY4 (Prop_carry4_S[1]_CO[3])
                                                      0.533    10.973 r  u_core/g_stage[11].u_stage/u_butterfly/u_sub/__2_carry/CO[3]
                         net (fo=1, routed)           0.000    10.973    u_core/g_stage[11].u_stage/u_butterfly/u_sub/__2_carry_n_0
    SLICE_X100Y63        CARRY4 (Prop_carry4_CI_CO[3])
                                                      0.117    11.090 r  u_core/g_stage[11].u_stage/u_butterfly/u_sub/__2_carry__0/CO[3]
                         net (fo=1, routed)           0.000    11.090    u_core/g_stage[11].u_stage/u_butterfly/u_sub/__2_carry__0_n_0
    SLICE_X100Y64        CARRY4 (Prop_carry4_CI_CO[3])
                                                      0.117    11.207 r  u_core/g_stage[11].u_stage/u_butterfly/u_sub/__2_carry__1/CO[3]
                         net (fo=1, routed)           0.000    11.207    u_core/g_stage[11].u_stage/u_butterfly/u_sub/__2_carry__1_n_0
    SLICE_X100Y65        CARRY4 (Prop_carry4_CI_CO[3])
                                                      0.117    11.324 r  u_core/g_stage[11].u_stage/u_butterfly/u_sub/__2_carry__2/CO[3]
                         net (fo=1, routed)           0.000    11.324    u_core/g_stage[11].u_stage/u_butterfly/u_sub/__2_carry__2_n_0
    SLICE_X100Y66        CARRY4 (Prop_carry4_CI_CO[3])
                                                      0.117    11.441 r  u_core/g_stage[11].u_stage/u_butterfly/u_sub/__2_carry__3/CO[3]
                         net (fo=1, routed)           0.000    11.441    u_core/g_stage[11].u_stage/u_butterfly/u_sub/__2_carry__3_n_0
    SLICE_X100Y67        CARRY4 (Prop_carry4_CI_CO[3])
                                                      0.117    11.558 r  u_core/g_stage[11].u_stage/u_butterfly/u_sub/__2_carry__4/CO[3]
                         net (fo=1, routed)           0.000    11.558    u_core/g_stage[11].u_stage/u_butterfly/u_sub/__2_carry__4_n_0
    SLICE_X100Y68        CARRY4 (Prop_carry4_CI_CO[3])
                                                      0.117    11.675 r  u_core/g_stage[11].u_stage/u_butterfly/u_sub/__2_carry__5/CO[3]
                         net (fo=1, routed)           0.000    11.675    u_core/g_stage[11].u_stage/u_butterfly/u_sub/__2_carry__5_n_0
    SLICE_X100Y69        CARRY4 (Prop_carry4_CI_CO[3])
                                                      0.117    11.792 r  u_core/g_stage[11].u_stage/u_butterfly/u_sub/__2_carry__6/CO[3]
                         net (fo=1, routed)           0.000    11.792    u_core/g_stage[11].u_stage/u_butterfly/u_sub/__2_carry__6_n_0
    SLICE_X100Y70        CARRY4 (Prop_carry4_CI_CO[3])
                                                      0.117    11.909 r  u_core/g_stage[11].u_stage/u_butterfly/u_sub/__2_carry__7/CO[3]
                         net (fo=1, routed)           0.000    11.909    u_core/g_stage[11].u_stage/u_butterfly/u_sub/__2_carry__7_n_0
    SLICE_X100Y71        CARRY4 (Prop_carry4_CI_CO[3])
                                                      0.117    12.026 r  u_core/g_stage[11].u_stage/u_butterfly/u_sub/__2_carry__8/CO[3]
                         net (fo=1, routed)           0.000    12.026    u_core/g_stage[11].u_stage/u_butterfly/u_sub/__2_carry__8_n_0
    SLICE_X100Y72        CARRY4 (Prop_carry4_CI_CO[3])
                                                      0.117    12.143 r  u_core/g_stage[11].u_stage/u_butterfly/u_sub/__2_carry__9/CO[3]
                         net (fo=1, routed)           0.000    12.143    u_core/g_stage[11].u_stage/u_butterfly/u_sub/__2_carry__9_n_0
    SLICE_X100Y73        CARRY4 (Prop_carry4_CI_CO[3])
                                                      0.117    12.260 r  u_core/g_stage[11].u_stage/u_butterfly/u_sub/__2_carry__10/CO[3]
                         net (fo=1, routed)           0.000    12.260    u_core/g_stage[11].u_stage/u_butterfly/u_sub/__2_carry__10_n_0
    SLICE_X100Y74        CARRY4 (Prop_carry4_CI_CO[3])
                                                      0.117    12.377 r  u_core/g_stage[11].u_stage/u_butterfly/u_sub/__2_carry__11/CO[3]
                         net (fo=1, routed)           0.009    12.386    u_core/g_stage[11].u_stage/u_butterfly/u_sub/__2_carry__11_n_0
    SLICE_X100Y75        CARRY4 (Prop_carry4_CI_CO[3])
                                                      0.117    12.503 r  u_core/g_stage[11].u_stage/u_butterfly/u_sub/__2_carry__12/CO[3]
                         net (fo=1, routed)           0.000    12.503    u_core/g_stage[11].u_stage/u_butterfly/u_sub/__2_carry__12_n_0
    SLICE_X100Y76        CARRY4 (Prop_carry4_CI_CO[3])
                                                      0.117    12.620 r  u_core/g_stage[11].u_stage/u_butterfly/u_sub/__2_carry__13/CO[3]
                         net (fo=1, routed)           0.000    12.620    u_core/g_stage[11].u_stage/u_butterfly/u_sub/__2_carry__13_n_0
    SLICE_X100Y77        CARRY4 (Prop_carry4_CI_O[3])
                                                      0.315    12.935 r  u_core/g_stage[11].u_stage/u_butterfly/u_sub/__2_carry__14/O[3]
                         net (fo=4, routed)           1.786    14.721    u_core/g_stage[11].u_stage/u_butterfly/u_mul/a[63]
    DSP48_X6Y46          DSP48E1                                      r  u_core/g_stage[11].u_stage/u_butterfly/u_mul/t_s0_reg/A[12]
  -------------------------------------------------------------------    -------------------

                         (clock clk rise edge)       10.000    10.000 r  
    Y11                                               0.000    10.000 r  clk (IN)
                         net (fo=0)                   0.000    10.000    clk
    Y11                  IBUF (Prop_ibuf_I_O)         0.860    10.860 r  clk_IBUF_inst/O
                         net (fo=1, routed)           2.334    13.194    clk_IBUF
    BUFGCTRL_X0Y0        BUFG (Prop_bufg_I_O)         0.091    13.285 r  clk_IBUF_BUFG_inst/O
                         net (fo=61222, routed)       1.637    14.922    u_core/g_stage[11].u_stage/u_butterfly/u_mul/clk_IBUF_BUFG
    DSP48_X6Y46          DSP48E1                                      r  u_core/g_stage[11].u_stage/u_butterfly/u_mul/t_s0_reg/CLK
                         clock pessimism              0.269    15.191    
                         clock uncertainty           -0.035    15.156    
    DSP48_X6Y46          DSP48E1 (Setup_dsp48e1_CLK_A[12])
                                                     -0.545    14.611    u_core/g_stage[11].u_stage/u_butterfly/u_mul/t_s0_reg
  -------------------------------------------------------------------
                         required time                         14.611    
                         arrival time                         -14.721    
  -------------------------------------------------------------------
                         slack                                 -0.110    





Min Delay Paths
--------------------------------------------------------------------------------------
Slack (MET) :             0.024ns  (arrival time - required time)
  Source:                 u_core/g_stage[2].u_stage/u_butterfly/u_mul/m_s4_reg[5]/C
                            (rising edge-triggered cell FDRE clocked by clk  {rise@0.000ns fall@5.000ns period=10.000ns})
  Destination:            u_core/g_stage[2].u_stage/u_butterfly/u_mul/term_hi_s5_reg[65]/D
                            (rising edge-triggered cell FDRE clocked by clk  {rise@0.000ns fall@5.000ns period=10.000ns})
  Path Group:             clk
  Path Type:              Hold (Min at Fast Process Corner)
  Requirement:            0.000ns  (clk rise@0.000ns - clk rise@0.000ns)
  Data Path Delay:        0.350ns  (logic 0.141ns (40.302%)  route 0.209ns (59.698%))
  Logic Levels:           0  
  Clock Path Skew:        0.263ns (DCD - SCD - CPR)
    Destination Clock Delay (DCD):    2.172ns
    Source Clock Delay      (SCD):    1.645ns
    Clock Pessimism Removal (CPR):    0.265ns

    Location             Delay type                Incr(ns)  Path(ns)    Netlist Resource(s)
  -------------------------------------------------------------------    -------------------
                         (clock clk rise edge)        0.000     0.000 r  
    Y11                                               0.000     0.000 r  clk (IN)
                         net (fo=0)                   0.000     0.000    clk
    Y11                  IBUF (Prop_ibuf_I_O)         0.222     0.222 r  clk_IBUF_inst/O
                         net (fo=1, routed)           0.843     1.065    clk_IBUF
    BUFGCTRL_X0Y0        BUFG (Prop_bufg_I_O)         0.026     1.091 r  clk_IBUF_BUFG_inst/O
                         net (fo=61222, routed)       0.554     1.645    u_core/g_stage[2].u_stage/u_butterfly/u_mul/clk_IBUF_BUFG
    SLICE_X81Y171        FDRE                                         r  u_core/g_stage[2].u_stage/u_butterfly/u_mul/m_s4_reg[5]/C
  -------------------------------------------------------------------    -------------------
    SLICE_X81Y171        FDRE (Prop_fdre_C_Q)         0.141     1.786 r  u_core/g_stage[2].u_stage/u_butterfly/u_mul/m_s4_reg[5]/Q
                         net (fo=1, routed)           0.209     1.995    u_core/g_stage[2].u_stage/u_butterfly/u_mul/m_s4[5]
    SLICE_X84Y171        FDRE                                         r  u_core/g_stage[2].u_stage/u_butterfly/u_mul/term_hi_s5_reg[65]/D
  -------------------------------------------------------------------    -------------------

                         (clock clk rise edge)        0.000     0.000 r  
    Y11                                               0.000     0.000 r  clk (IN)
                         net (fo=0)                   0.000     0.000    clk
    Y11                  IBUF (Prop_ibuf_I_O)         0.411     0.411 r  clk_IBUF_inst/O
                         net (fo=1, routed)           0.910     1.322    clk_IBUF
    BUFGCTRL_X0Y0        BUFG (Prop_bufg_I_O)         0.029     1.351 r  clk_IBUF_BUFG_inst/O
                         net (fo=61222, routed)       0.822     2.172    u_core/g_stage[2].u_stage/u_butterfly/u_mul/clk_IBUF_BUFG
    SLICE_X84Y171        FDRE                                         r  u_core/g_stage[2].u_stage/u_butterfly/u_mul/term_hi_s5_reg[65]/C
                         clock pessimism             -0.265     1.908    
    SLICE_X84Y171        FDRE (Hold_fdre_C_D)         0.063     1.971    u_core/g_stage[2].u_stage/u_butterfly/u_mul/term_hi_s5_reg[65]
  -------------------------------------------------------------------
                         required time                         -1.971    
                         arrival time                           1.995    
  -------------------------------------------------------------------
                         slack                                  0.024    





Pulse Width Checks
--------------------------------------------------------------------------------------
Clock Name:         clk
Waveform(ns):       { 0.000 5.000 }
Period(ns):         10.000
Sources:            { clk }

Check Type        Corner  Lib Pin      Reference Pin  Required(ns)  Actual(ns)  Slack(ns)  Location      Pin
Min Period        n/a     DSP48E1/CLK  n/a            3.884         10.000      6.116      DSP48_X4Y59   u_core/g_stage[0].u_stage/u_butterfly/u_mul/t_s0_reg__0/CLK
Low Pulse Width   Slow    RAMD64E/CLK  n/a            1.250         5.000       3.750      SLICE_X92Y63  a_bank0_reg_0_63_0_2/RAMA/CLK
High Pulse Width  Slow    RAMD64E/CLK  n/a            1.250         5.000       3.750      SLICE_X92Y63  a_bank0_reg_0_63_0_2/RAMA/CLK



