Copyright 1986-2022 Xilinx, Inc. All Rights Reserved.
----------------------------------------------------------------------------------------
| Tool Version     : Vivado v.2022.2 (win64) Build 3671981 Fri Oct 14 05:00:03 MDT 2022
| Date             : Wed Jun 24 01:39:48 2026
| Host             : LAPTOP-G40ALRVF running 64-bit major release  (build 9200)
| Command          : report_power -file V:/reports/impl_10p0ns_power.rpt
| Design           : poly_mul_top
| Device           : xc7a200tsbg484-1
| Design State     : routed
| Grade            : commercial
| Process          : typical
| Characterization : Production
----------------------------------------------------------------------------------------

Power Report

Table of Contents
-----------------
1. Summary
1.1 On-Chip Components
1.2 Power Supply Summary
1.3 Confidence Level
2. Settings
2.1 Environment
2.2 Clock Constraints
3. Detailed Reports
3.1 By Hierarchy

1. Summary
----------

+--------------------------+--------------+
| Total On-Chip Power (W)  | 2.731        |
| Design Power Budget (W)  | Unspecified* |
| Power Budget Margin (W)  | NA           |
| Dynamic (W)              | 2.584        |
| Device Static (W)        | 0.147        |
| Effective TJA (C/W)      | 3.3          |
| Max Ambient (C)          | 76.0         |
| Junction Temperature (C) | 34.0         |
| Confidence Level         | Low          |
| Setting File             | ---          |
| Simulation Activity File | ---          |
| Design Nets Matched      | NA           |
+--------------------------+--------------+
* Specify Design Power Budget using, set_operating_conditions -design_power_budget <value in Watts>


1.1 On-Chip Components
----------------------

+--------------------------+-----------+----------+-----------+-----------------+
| On-Chip                  | Power (W) | Used     | Available | Utilization (%) |
+--------------------------+-----------+----------+-----------+-----------------+
| Clocks                   |     0.190 |        3 |       --- |             --- |
| Slice Logic              |     0.751 |   136996 |       --- |             --- |
|   LUT as Logic           |     0.543 |    49538 |    133800 |           37.02 |
|   LUT as Distributed RAM |     0.109 |    26112 |     46200 |           56.52 |
|   LUT as Shift Register  |     0.030 |     4251 |     46200 |            9.20 |
|   Register               |     0.030 |    30323 |    269200 |           11.26 |
|   CARRY4                 |     0.025 |     3792 |     33450 |           11.34 |
|   F7/F8 Muxes            |     0.013 |    14792 |    133800 |           11.06 |
|   Others                 |     0.000 |      229 |       --- |             --- |
|   BUFG                   |     0.000 |        1 |        32 |            3.13 |
| Signals                  |     1.062 |   102943 |       --- |             --- |
| Block RAM                |     0.046 |       10 |       365 |            2.74 |
| DSPs                     |     0.473 |      520 |       740 |           70.27 |
| I/O                      |     0.061 |      159 |       285 |           55.79 |
| Static Power             |     0.147 |          |           |                 |
| Total                    |     2.731 |          |           |                 |
+--------------------------+-----------+----------+-----------+-----------------+


1.2 Power Supply Summary
------------------------

+-----------+-------------+-----------+-------------+------------+-------------+-------------+------------+
| Source    | Voltage (V) | Total (A) | Dynamic (A) | Static (A) | Powerup (A) | Budget (A)  | Margin (A) |
+-----------+-------------+-----------+-------------+------------+-------------+-------------+------------+
| Vccint    |       1.000 |     2.564 |       2.520 |      0.043 |       NA    | Unspecified | NA         |
| Vccaux    |       1.800 |     0.037 |       0.005 |      0.032 |       NA    | Unspecified | NA         |
| Vcco33    |       3.300 |     0.000 |       0.000 |      0.000 |       NA    | Unspecified | NA         |
| Vcco25    |       2.500 |     0.000 |       0.000 |      0.000 |       NA    | Unspecified | NA         |
| Vcco18    |       1.800 |     0.034 |       0.029 |      0.005 |       NA    | Unspecified | NA         |
| Vcco15    |       1.500 |     0.000 |       0.000 |      0.000 |       NA    | Unspecified | NA         |
| Vcco135   |       1.350 |     0.000 |       0.000 |      0.000 |       NA    | Unspecified | NA         |
| Vcco12    |       1.200 |     0.000 |       0.000 |      0.000 |       NA    | Unspecified | NA         |
| Vccaux_io |       1.800 |     0.000 |       0.000 |      0.000 |       NA    | Unspecified | NA         |
| Vccbram   |       1.000 |     0.004 |       0.003 |      0.001 |       NA    | Unspecified | NA         |
| MGTAVcc   |       1.000 |     0.000 |       0.000 |      0.000 |       NA    | Unspecified | NA         |
| MGTAVtt   |       1.200 |     0.000 |       0.000 |      0.000 |       NA    | Unspecified | NA         |
| Vccadc    |       1.800 |     0.020 |       0.000 |      0.020 |       NA    | Unspecified | NA         |
+-----------+-------------+-----------+-------------+------------+-------------+-------------+------------+


1.3 Confidence Level
--------------------

+-----------------------------+------------+--------------------------------------------------------+------------------------------------------------------------------------------------------------------------+
| User Input Data             | Confidence | Details                                                | Action                                                                                                     |
+-----------------------------+------------+--------------------------------------------------------+------------------------------------------------------------------------------------------------------------+
| Design implementation state | High       | Design is routed                                       |                                                                                                            |
| Clock nodes activity        | High       | User specified more than 95% of clocks                 |                                                                                                            |
| I/O nodes activity          | Low        | More than 75% of inputs are missing user specification | Provide missing input activity with simulation results or by editing the "By Resource Type -> I/Os" view   |
| Internal nodes activity     | Medium     | User specified less than 25% of internal nodes         | Provide missing internal nodes activity with simulation results or by editing the "By Resource Type" views |
| Device models               | High       | Device models are Production                           |                                                                                                            |
|                             |            |                                                        |                                                                                                            |
| Overall confidence level    | Low        |                                                        |                                                                                                            |
+-----------------------------+------------+--------------------------------------------------------+------------------------------------------------------------------------------------------------------------+


2. Settings
-----------

2.1 Environment
---------------

+-----------------------+--------------------------+
| Ambient Temp (C)      | 25.0                     |
| ThetaJA (C/W)         | 3.3                      |
| Airflow (LFM)         | 250                      |
| Heat Sink             | medium (Medium Profile)  |
| ThetaSA (C/W)         | 4.6                      |
| Board Selection       | medium (10"x10")         |
| # of Board Layers     | 12to15 (12 to 15 Layers) |
| Board Temperature (C) | 25.0                     |
+-----------------------+--------------------------+


2.2 Clock Constraints
---------------------

+-------+--------+-----------------+
| Clock | Domain | Constraint (ns) |
+-------+--------+-----------------+
| clk   | clk    |            10.0 |
+-------+--------+-----------------+


3. Detailed Reports
-------------------

3.1 By Hierarchy
----------------

+-------------------------------------+-----------+
| Name                                | Power (W) |
+-------------------------------------+-----------+
| poly_mul_top                        |     2.584 |
|   u_core                            |     1.566 |
|     g_stage[0].u_stage              |     0.198 |
|       g_output_reorder.fifo_a_delay |     0.007 |
|       g_output_reorder.fifo_b_delay |     0.007 |
|       u_butterfly                   |     0.135 |
|       u_twiddle_rom                 |     0.028 |
|     g_stage[10].u_stage             |     0.095 |
|       g_output_reorder.fifo_a_delay |     0.002 |
|       u_butterfly                   |     0.091 |
|     g_stage[11].u_stage             |     0.098 |
|       u_butterfly                   |     0.098 |
|     g_stage[1].u_stage              |     0.159 |
|       g_output_reorder.fifo_a_delay |     0.007 |
|       g_output_reorder.fifo_b_delay |     0.007 |
|       u_butterfly                   |     0.111 |
|       u_twiddle_rom                 |     0.019 |
|     g_stage[2].u_stage              |     0.135 |
|       g_output_reorder.fifo_a_delay |     0.007 |
|       g_output_reorder.fifo_b_delay |     0.006 |
|       u_butterfly                   |     0.102 |
|       u_twiddle_rom                 |     0.012 |
|     g_stage[3].u_stage              |     0.122 |
|       g_output_reorder.fifo_a_delay |     0.008 |
|       g_output_reorder.fifo_b_delay |     0.007 |
|       u_butterfly                   |     0.095 |
|       u_twiddle_rom                 |     0.007 |
|     g_stage[4].u_stage              |     0.104 |
|       g_output_reorder.fifo_a_delay |     0.003 |
|       g_output_reorder.fifo_b_delay |     0.002 |
|       u_butterfly                   |     0.093 |
|       u_twiddle_rom                 |     0.003 |
|     g_stage[5].u_stage              |     0.101 |
|       g_output_reorder.fifo_a_delay |     0.002 |
|       g_output_reorder.fifo_b_delay |     0.001 |
|       u_butterfly                   |     0.095 |
|       u_twiddle_rom                 |     0.002 |
|     g_stage[6].u_stage              |     0.098 |
|       g_output_reorder.fifo_a_delay |     0.002 |
|       g_output_reorder.fifo_b_delay |     0.001 |
|       u_butterfly                   |     0.092 |
|       u_twiddle_rom                 |     0.002 |
|     g_stage[7].u_stage              |     0.100 |
|       g_output_reorder.fifo_a_delay |     0.002 |
|       g_output_reorder.fifo_b_delay |     0.001 |
|       u_butterfly                   |     0.093 |
|       u_twiddle_rom                 |     0.002 |
|     g_stage[8].u_stage              |     0.098 |
|       g_output_reorder.fifo_a_delay |     0.003 |
|       g_output_reorder.fifo_b_delay |     0.001 |
|       u_butterfly                   |     0.088 |
|       u_twiddle_rom                 |     0.005 |
|     g_stage[9].u_stage              |     0.090 |
|       g_output_reorder.fifo_a_delay |     0.002 |
|       g_output_reorder.fifo_b_delay |     0.001 |
|       u_butterfly                   |     0.084 |
|       u_twiddle_rom                 |     0.002 |
|     u_intt_scale0                   |     0.058 |
|     u_intt_scale1                   |     0.060 |
|     u_ntt_output_delay              |     0.031 |
|   u_mul0                            |     0.104 |
|     u_mul                           |     0.104 |
|   u_mul1                            |     0.093 |
|     u_mul                           |     0.093 |
|   u_post_addr_delay                 |     0.004 |
|   u_post_mul0                       |     0.083 |
|   u_post_mul1                       |     0.088 |
|   u_pre_mul0                        |     0.084 |
|   u_pre_mul1                        |     0.083 |
|   u_psi_fwd0                        |     0.011 |
|   u_psi_fwd1                        |     0.011 |
|   u_psi_inv0                        |     0.002 |
|   u_psi_inv1                        |     0.002 |
+-------------------------------------+-----------+


