Copyright 1986-2022 Xilinx, Inc. All Rights Reserved.
----------------------------------------------------------------------------------------
| Tool Version     : Vivado v.2022.2 (win64) Build 3671981 Fri Oct 14 05:00:03 MDT 2022
| Date             : Mon Jun 15 01:21:27 2026
| Host             : LAPTOP-G40ALRVF running 64-bit major release  (build 9200)
| Command          : report_power -file V:/reports/power.rpt
| Design           : poly_mul_top
| Device           : xc7a200tsbg484-1
| Design State     : synthesized
| Grade            : commercial
| Process          : typical
| Characterization : Production
----------------------------------------------------------------------------------------

Power Report

Table of Contents
-----------------
1. Summary
1.1 On-Chip Components
1.2 Power Supply Summary
1.3 Confidence Level
2. Settings
2.1 Environment
2.2 Clock Constraints
3. Detailed Reports
3.1 By Hierarchy

1. Summary
----------

+--------------------------+--------------+
| Total On-Chip Power (W)  | 4.047        |
| Design Power Budget (W)  | Unspecified* |
| Power Budget Margin (W)  | NA           |
| Dynamic (W)              | 3.890        |
| Device Static (W)        | 0.157        |
| Effective TJA (C/W)      | 3.3          |
| Max Ambient (C)          | 71.6         |
| Junction Temperature (C) | 38.4         |
| Confidence Level         | Low          |
| Setting File             | ---          |
| Simulation Activity File | ---          |
| Design Nets Matched      | NA           |
+--------------------------+--------------+
* Specify Design Power Budget using, set_operating_conditions -design_power_budget <value in Watts>


1.1 On-Chip Components
----------------------

+--------------------------+-----------+----------+-----------+-----------------+
| On-Chip                  | Power (W) | Used     | Available | Utilization (%) |
+--------------------------+-----------+----------+-----------+-----------------+
| Clocks                   |     0.245 |        3 |       --- |             --- |
| Slice Logic              |     1.619 |   226820 |       --- |             --- |
|   LUT as Logic           |     1.362 |   120316 |    134600 |           89.39 |
|   LUT as Distributed RAM |     0.106 |    26112 |     46200 |           56.52 |
|   CARRY4                 |     0.099 |    15584 |     33650 |           46.31 |
|   Register               |     0.028 |    30892 |    269200 |           11.48 |
|   LUT as Shift Register  |     0.013 |     2031 |     46200 |            4.40 |
|   F7/F8 Muxes            |     0.011 |    14792 |    134600 |           10.99 |
|   Others                 |     0.000 |      241 |       --- |             --- |
| Signals                  |     1.473 |   196804 |       --- |             --- |
| Block RAM                |     0.046 |       10 |       365 |            2.74 |
| DSPs                     |     0.448 |      600 |       740 |           81.08 |
| I/O                      |     0.058 |      159 |       285 |           55.79 |
| Static Power             |     0.157 |          |           |                 |
| Total                    |     4.047 |          |           |                 |
+--------------------------+-----------+----------+-----------+-----------------+


1.2 Power Supply Summary
------------------------

+-----------+-------------+-----------+-------------+------------+-------------+-------------+------------+
| Source    | Voltage (V) | Total (A) | Dynamic (A) | Static (A) | Powerup (A) | Budget (A)  | Margin (A) |
+-----------+-------------+-----------+-------------+------------+-------------+-------------+------------+
| Vccint    |       1.000 |     3.881 |       3.830 |      0.051 |       NA    | Unspecified | NA         |
| Vccaux    |       1.800 |     0.038 |       0.005 |      0.033 |       NA    | Unspecified | NA         |
| Vcco33    |       3.300 |     0.000 |       0.000 |      0.000 |       NA    | Unspecified | NA         |
| Vcco25    |       2.500 |     0.000 |       0.000 |      0.000 |       NA    | Unspecified | NA         |
| Vcco18    |       1.800 |     0.033 |       0.028 |      0.005 |       NA    | Unspecified | NA         |
| Vcco15    |       1.500 |     0.000 |       0.000 |      0.000 |       NA    | Unspecified | NA         |
| Vcco135   |       1.350 |     0.000 |       0.000 |      0.000 |       NA    | Unspecified | NA         |
| Vcco12    |       1.200 |     0.000 |       0.000 |      0.000 |       NA    | Unspecified | NA         |
| Vccaux_io |       1.800 |     0.000 |       0.000 |      0.000 |       NA    | Unspecified | NA         |
| Vccbram   |       1.000 |     0.004 |       0.003 |      0.002 |       NA    | Unspecified | NA         |
| MGTAVcc   |       1.000 |     0.000 |       0.000 |      0.000 |       NA    | Unspecified | NA         |
| MGTAVtt   |       1.200 |     0.000 |       0.000 |      0.000 |       NA    | Unspecified | NA         |
| Vccadc    |       1.800 |     0.020 |       0.000 |      0.020 |       NA    | Unspecified | NA         |
+-----------+-------------+-----------+-------------+------------+-------------+-------------+------------+


1.3 Confidence Level
--------------------

+-----------------------------+------------+--------------------------------------------------------+------------------------------------------------------------------------------------------------------------+
| User Input Data             | Confidence | Details                                                | Action                                                                                                     |
+-----------------------------+------------+--------------------------------------------------------+------------------------------------------------------------------------------------------------------------+
| Design implementation state | Low        | Design is synthesized                                  | Accuracy of the tool is not optimal until design is fully placed and routed                                |
| Clock nodes activity        | High       | User specified more than 95% of clocks                 |                                                                                                            |
| I/O nodes activity          | Low        | More than 75% of inputs are missing user specification | Provide missing input activity with simulation results or by editing the "By Resource Type -> I/Os" view   |
| Internal nodes activity     | Medium     | User specified less than 25% of internal nodes         | Provide missing internal nodes activity with simulation results or by editing the "By Resource Type" views |
| Device models               | High       | Device models are Production                           |                                                                                                            |
|                             |            |                                                        |                                                                                                            |
| Overall confidence level    | Low        |                                                        |                                                                                                            |
+-----------------------------+------------+--------------------------------------------------------+------------------------------------------------------------------------------------------------------------+


2. Settings
-----------

2.1 Environment
---------------

+-----------------------+--------------------------+
| Ambient Temp (C)      | 25.0                     |
| ThetaJA (C/W)         | 3.3                      |
| Airflow (LFM)         | 250                      |
| Heat Sink             | medium (Medium Profile)  |
| ThetaSA (C/W)         | 4.6                      |
| Board Selection       | medium (10"x10")         |
| # of Board Layers     | 12to15 (12 to 15 Layers) |
| Board Temperature (C) | 25.0                     |
+-----------------------+--------------------------+


2.2 Clock Constraints
---------------------

+-------+--------+-----------------+
| Clock | Domain | Constraint (ns) |
+-------+--------+-----------------+
| clk   | clk    |            10.0 |
+-------+--------+-----------------+


3. Detailed Reports
-------------------

3.1 By Hierarchy
----------------

+-------------------------------------+-----------+
| Name                                | Power (W) |
+-------------------------------------+-----------+
| poly_mul_top                        |     3.890 |
|   u_core                            |     2.123 |
|     g_stage[0].u_stage              |     0.205 |
|       g_output_reorder.fifo_a_delay |     0.007 |
|       g_output_reorder.fifo_b_delay |     0.007 |
|       u_butterfly                   |     0.167 |
|       u_twiddle_rom                 |     0.014 |
|     g_stage[10].u_stage             |     0.151 |
|       g_output_reorder.fifo_a_delay |     0.002 |
|       u_butterfly                   |     0.148 |
|     g_stage[11].u_stage             |     0.083 |
|       u_butterfly                   |     0.083 |
|     g_stage[1].u_stage              |     0.212 |
|       g_output_reorder.fifo_a_delay |     0.007 |
|       g_output_reorder.fifo_b_delay |     0.006 |
|       u_butterfly                   |     0.165 |
|       u_twiddle_rom                 |     0.019 |
|     g_stage[2].u_stage              |     0.199 |
|       g_output_reorder.fifo_a_delay |     0.007 |
|       g_output_reorder.fifo_b_delay |     0.006 |
|       u_butterfly                   |     0.164 |
|       u_twiddle_rom                 |     0.012 |
|     g_stage[3].u_stage              |     0.192 |
|       g_output_reorder.fifo_a_delay |     0.008 |
|       g_output_reorder.fifo_b_delay |     0.007 |
|       u_butterfly                   |     0.163 |
|       u_twiddle_rom                 |     0.008 |
|     g_stage[4].u_stage              |     0.171 |
|       g_output_reorder.fifo_a_delay |     0.003 |
|       g_output_reorder.fifo_b_delay |     0.002 |
|       u_butterfly                   |     0.161 |
|       u_twiddle_rom                 |     0.003 |
|     g_stage[5].u_stage              |     0.167 |
|       g_output_reorder.fifo_a_delay |     0.002 |
|       g_output_reorder.fifo_b_delay |     0.001 |
|       u_butterfly                   |     0.159 |
|       u_twiddle_rom                 |     0.002 |
|     g_stage[6].u_stage              |     0.167 |
|       g_output_reorder.fifo_a_delay |     0.002 |
|       g_output_reorder.fifo_b_delay |     0.001 |
|       u_butterfly                   |     0.160 |
|       u_twiddle_rom                 |     0.002 |
|     g_stage[7].u_stage              |     0.169 |
|       g_output_reorder.fifo_a_delay |     0.002 |
|       g_output_reorder.fifo_b_delay |     0.001 |
|       u_butterfly                   |     0.161 |
|       u_twiddle_rom                 |     0.002 |
|     g_stage[8].u_stage              |     0.166 |
|       g_output_reorder.fifo_a_delay |     0.002 |
|       g_output_reorder.fifo_b_delay |     0.001 |
|       u_butterfly                   |     0.160 |
|       u_twiddle_rom                 |     0.001 |
|     g_stage[9].u_stage              |     0.159 |
|       g_output_reorder.fifo_a_delay |     0.002 |
|       g_output_reorder.fifo_b_delay |     0.001 |
|       u_butterfly                   |     0.154 |
|     u_intt_scale0                   |     0.024 |
|     u_intt_scale1                   |     0.023 |
|     u_ntt_output_delay              |     0.017 |
|   u_mul0                            |     0.155 |
|     u_mul                           |     0.139 |
|   u_mul1                            |     0.147 |
|     u_mul                           |     0.132 |
|   u_post_addr_delay                 |     0.008 |
|   u_post_mul0                       |     0.185 |
|   u_post_mul1                       |     0.192 |
|   u_pre_mul0                        |     0.129 |
|   u_pre_mul1                        |     0.148 |
|   u_psi_fwd0                        |     0.009 |
|   u_psi_fwd1                        |     0.009 |
|   u_psi_inv0                        |     0.002 |
|   u_psi_inv1                        |     0.002 |
+-------------------------------------+-----------+


