Copyright 1986-2022 Xilinx, Inc. All Rights Reserved.
----------------------------------------------------------------------------------------
| Tool Version     : Vivado v.2022.2 (win64) Build 3671981 Fri Oct 14 05:00:03 MDT 2022
| Date             : Sat Jun 13 19:21:16 2026
| Host             : LAPTOP-G40ALRVF running 64-bit major release  (build 9200)
| Command          : report_power -file M:/reports/power.rpt
| Design           : poly_mul_top
| Device           : xc7a200tsbg484-1
| Design State     : synthesized
| Grade            : commercial
| Process          : typical
| Characterization : Production
----------------------------------------------------------------------------------------

Power Report

Table of Contents
-----------------
1. Summary
1.1 On-Chip Components
1.2 Power Supply Summary
1.3 Confidence Level
2. Settings
2.1 Environment
2.2 Clock Constraints
3. Detailed Reports
3.1 By Hierarchy

1. Summary
----------

+--------------------------+--------------+
| Total On-Chip Power (W)  | 2.582        |
| Design Power Budget (W)  | Unspecified* |
| Power Budget Margin (W)  | NA           |
| Dynamic (W)              | 2.437        |
| Device Static (W)        | 0.145        |
| Effective TJA (C/W)      | 3.3          |
| Max Ambient (C)          | 76.4         |
| Junction Temperature (C) | 33.6         |
| Confidence Level         | Low          |
| Setting File             | ---          |
| Simulation Activity File | ---          |
| Design Nets Matched      | NA           |
+--------------------------+--------------+
* Specify Design Power Budget using, set_operating_conditions -design_power_budget <value in Watts>


1.1 On-Chip Components
----------------------

+--------------------------+-----------+----------+-----------+-----------------+
| On-Chip                  | Power (W) | Used     | Available | Utilization (%) |
+--------------------------+-----------+----------+-----------+-----------------+
| Clocks                   |     0.145 |        3 |       --- |             --- |
| Slice Logic              |     0.994 |   155240 |       --- |             --- |
|   LUT as Logic           |     0.673 |    66834 |    134600 |           49.65 |
|   LUT as Distributed RAM |     0.187 |    35328 |     46200 |           76.47 |
|   CARRY4                 |     0.109 |    13545 |     33650 |           40.25 |
|   F7/F8 Muxes            |     0.016 |    18696 |    134600 |           13.89 |
|   Register               |     0.008 |     9449 |    269200 |            3.51 |
|   LUT as Shift Register  |    <0.001 |       53 |     46200 |            0.11 |
|   Others                 |     0.000 |      166 |       --- |             --- |
| Signals                  |     0.782 |   115748 |       --- |             --- |
| DSPs                     |     0.455 |      570 |       740 |           77.03 |
| I/O                      |     0.062 |      159 |       285 |           55.79 |
| Static Power             |     0.145 |          |           |                 |
| Total                    |     2.582 |          |           |                 |
+--------------------------+-----------+----------+-----------+-----------------+


1.2 Power Supply Summary
------------------------

+-----------+-------------+-----------+-------------+------------+-------------+-------------+------------+
| Source    | Voltage (V) | Total (A) | Dynamic (A) | Static (A) | Powerup (A) | Budget (A)  | Margin (A) |
+-----------+-------------+-----------+-------------+------------+-------------+-------------+------------+
| Vccint    |       1.000 |     2.418 |       2.376 |      0.042 |       NA    | Unspecified | NA         |
| Vccaux    |       1.800 |     0.037 |       0.005 |      0.032 |       NA    | Unspecified | NA         |
| Vcco33    |       3.300 |     0.000 |       0.000 |      0.000 |       NA    | Unspecified | NA         |
| Vcco25    |       2.500 |     0.000 |       0.000 |      0.000 |       NA    | Unspecified | NA         |
| Vcco18    |       1.800 |     0.034 |       0.029 |      0.005 |       NA    | Unspecified | NA         |
| Vcco15    |       1.500 |     0.000 |       0.000 |      0.000 |       NA    | Unspecified | NA         |
| Vcco135   |       1.350 |     0.000 |       0.000 |      0.000 |       NA    | Unspecified | NA         |
| Vcco12    |       1.200 |     0.000 |       0.000 |      0.000 |       NA    | Unspecified | NA         |
| Vccaux_io |       1.800 |     0.000 |       0.000 |      0.000 |       NA    | Unspecified | NA         |
| Vccbram   |       1.000 |     0.001 |       0.000 |      0.001 |       NA    | Unspecified | NA         |
| MGTAVcc   |       1.000 |     0.000 |       0.000 |      0.000 |       NA    | Unspecified | NA         |
| MGTAVtt   |       1.200 |     0.000 |       0.000 |      0.000 |       NA    | Unspecified | NA         |
| Vccadc    |       1.800 |     0.020 |       0.000 |      0.020 |       NA    | Unspecified | NA         |
+-----------+-------------+-----------+-------------+------------+-------------+-------------+------------+


1.3 Confidence Level
--------------------

+-----------------------------+------------+--------------------------------------------------------+------------------------------------------------------------------------------------------------------------+
| User Input Data             | Confidence | Details                                                | Action                                                                                                     |
+-----------------------------+------------+--------------------------------------------------------+------------------------------------------------------------------------------------------------------------+
| Design implementation state | Low        | Design is synthesized                                  | Accuracy of the tool is not optimal until design is fully placed and routed                                |
| Clock nodes activity        | High       | User specified more than 95% of clocks                 |                                                                                                            |
| I/O nodes activity          | Low        | More than 75% of inputs are missing user specification | Provide missing input activity with simulation results or by editing the "By Resource Type -> I/Os" view   |
| Internal nodes activity     | Medium     | User specified less than 25% of internal nodes         | Provide missing internal nodes activity with simulation results or by editing the "By Resource Type" views |
| Device models               | High       | Device models are Production                           |                                                                                                            |
|                             |            |                                                        |                                                                                                            |
| Overall confidence level    | Low        |                                                        |                                                                                                            |
+-----------------------------+------------+--------------------------------------------------------+------------------------------------------------------------------------------------------------------------+


2. Settings
-----------

2.1 Environment
---------------

+-----------------------+--------------------------+
| Ambient Temp (C)      | 25.0                     |
| ThetaJA (C/W)         | 3.3                      |
| Airflow (LFM)         | 250                      |
| Heat Sink             | medium (Medium Profile)  |
| ThetaSA (C/W)         | 4.6                      |
| Board Selection       | medium (10"x10")         |
| # of Board Layers     | 12to15 (12 to 15 Layers) |
| Board Temperature (C) | 25.0                     |
+-----------------------+--------------------------+


2.2 Clock Constraints
---------------------

+-------+--------+-----------------+
| Clock | Domain | Constraint (ns) |
+-------+--------+-----------------+
| clk   | clk    |            10.0 |
+-------+--------+-----------------+


3. Detailed Reports
-------------------

3.1 By Hierarchy
----------------

+-------------------------+-----------+
| Name                    | Power (W) |
+-------------------------+-----------+
| poly_mul_top            |     2.437 |
|   u_core                |     1.228 |
|     g_stage[0].u_stage  |     0.195 |
|       u_butterfly       |     0.100 |
|       u_twiddle_rom     |     0.016 |
|     g_stage[10].u_stage |     0.071 |
|       u_butterfly       |     0.069 |
|     g_stage[11].u_stage |     0.049 |
|       u_butterfly       |     0.049 |
|     g_stage[1].u_stage  |     0.158 |
|       u_butterfly       |     0.085 |
|       u_twiddle_rom     |     0.019 |
|     g_stage[2].u_stage  |     0.122 |
|       u_butterfly       |     0.080 |
|       u_twiddle_rom     |     0.012 |
|     g_stage[3].u_stage  |     0.100 |
|       u_butterfly       |     0.075 |
|       u_twiddle_rom     |     0.008 |
|     g_stage[4].u_stage  |     0.085 |
|       u_butterfly       |     0.074 |
|       u_twiddle_rom     |     0.003 |
|     g_stage[5].u_stage  |     0.082 |
|       u_butterfly       |     0.074 |
|       u_twiddle_rom     |     0.002 |
|     g_stage[6].u_stage  |     0.082 |
|       u_butterfly       |     0.073 |
|       u_twiddle_rom     |     0.002 |
|     g_stage[7].u_stage  |     0.079 |
|       u_butterfly       |     0.072 |
|       u_twiddle_rom     |     0.002 |
|     g_stage[8].u_stage  |     0.077 |
|       u_butterfly       |     0.070 |
|       u_twiddle_rom     |     0.001 |
|     g_stage[9].u_stage  |     0.076 |
|       u_butterfly       |     0.071 |
|     u_intt_scale0       |     0.026 |
|     u_intt_scale1       |     0.021 |
|     u_ntt_output_delay  |     0.003 |
|   u_mul0                |     0.061 |
|     u_mul               |     0.061 |
|   u_mul1                |     0.061 |
|     u_mul               |     0.061 |
|   u_post_addr_delay     |     0.012 |
|   u_post_mul0           |     0.065 |
|   u_post_mul1           |     0.066 |
|   u_pre_mul0            |     0.073 |
|   u_pre_mul1            |     0.072 |
|   u_psi_fwd0            |     0.009 |
|   u_psi_fwd1            |     0.009 |
|   u_psi_inv0            |     0.001 |
|   u_psi_inv1            |     0.001 |
+-------------------------+-----------+


