Copyright 1986-2022 Xilinx, Inc. All Rights Reserved.
--------------------------------------------------------------------------------------------------
| Tool Version     : Vivado v.2022.2 (win64) Build 3671981 Fri Oct 14 05:00:03 MDT 2022
| Date             : Mon Jun 29 16:36:12 2026
| Host             : LAPTOP-G40ALRVF running 64-bit major release  (build 9200)
| Command          : report_power -file D:/MDC-NTT/reports/power_gs_mdc_core_wl_scale.rpt
| Design           : gs_mdc_core
| Device           : xc7a200tsbg484-1
| Design State     : synthesized
| Grade            : commercial
| Process          : typical
| Characterization : Production
--------------------------------------------------------------------------------------------------

Power Report

Table of Contents
-----------------
1. Summary
1.1 On-Chip Components
1.2 Power Supply Summary
1.3 Confidence Level
2. Settings
2.1 Environment
2.2 Clock Constraints
3. Detailed Reports
3.1 By Hierarchy

1. Summary
----------

+--------------------------+--------------+
| Total On-Chip Power (W)  | 1.664        |
| Design Power Budget (W)  | Unspecified* |
| Power Budget Margin (W)  | NA           |
| Dynamic (W)              | 1.524        |
| Device Static (W)        | 0.140        |
| Effective TJA (C/W)      | 3.3          |
| Max Ambient (C)          | 79.5         |
| Junction Temperature (C) | 30.5         |
| Confidence Level         | Low          |
| Setting File             | ---          |
| Simulation Activity File | ---          |
| Design Nets Matched      | NA           |
+--------------------------+--------------+
* Specify Design Power Budget using, set_operating_conditions -design_power_budget <value in Watts>


1.1 On-Chip Components
----------------------

+-------------------------+-----------+----------+-----------+-----------------+
| On-Chip                 | Power (W) | Used     | Available | Utilization (%) |
+-------------------------+-----------+----------+-----------+-----------------+
| Clocks                  |     0.186 |        3 |       --- |             --- |
| Slice Logic             |     0.448 |    74976 |       --- |             --- |
|   LUT as Logic          |     0.361 |    30040 |    134600 |           22.32 |
|   CARRY4                |     0.044 |     5398 |     33650 |           16.04 |
|   Register              |     0.025 |    26621 |    269200 |            9.89 |
|   LUT as Shift Register |     0.011 |     1691 |     46200 |            3.66 |
|   F7/F8 Muxes           |     0.006 |     3960 |    134600 |            2.94 |
|   Others                |     0.000 |      454 |       --- |             --- |
| Signals                 |     0.450 |    61627 |       --- |             --- |
| Block RAM               |     0.046 |       10 |       365 |            2.74 |
| DSPs                    |     0.272 |      280 |       740 |           37.84 |
| I/O                     |     0.123 |      265 |       285 |           92.98 |
| Static Power            |     0.140 |          |           |                 |
| Total                   |     1.664 |          |           |                 |
+-------------------------+-----------+----------+-----------+-----------------+


1.2 Power Supply Summary
------------------------

+-----------+-------------+-----------+-------------+------------+-------------+-------------+------------+
| Source    | Voltage (V) | Total (A) | Dynamic (A) | Static (A) | Powerup (A) | Budget (A)  | Margin (A) |
+-----------+-------------+-----------+-------------+------------+-------------+-------------+------------+
| Vccint    |       1.000 |     1.437 |       1.400 |      0.037 |       NA    | Unspecified | NA         |
| Vccaux    |       1.800 |     0.041 |       0.010 |      0.031 |       NA    | Unspecified | NA         |
| Vcco33    |       3.300 |     0.000 |       0.000 |      0.000 |       NA    | Unspecified | NA         |
| Vcco25    |       2.500 |     0.000 |       0.000 |      0.000 |       NA    | Unspecified | NA         |
| Vcco18    |       1.800 |     0.063 |       0.058 |      0.005 |       NA    | Unspecified | NA         |
| Vcco15    |       1.500 |     0.000 |       0.000 |      0.000 |       NA    | Unspecified | NA         |
| Vcco135   |       1.350 |     0.000 |       0.000 |      0.000 |       NA    | Unspecified | NA         |
| Vcco12    |       1.200 |     0.000 |       0.000 |      0.000 |       NA    | Unspecified | NA         |
| Vccaux_io |       1.800 |     0.000 |       0.000 |      0.000 |       NA    | Unspecified | NA         |
| Vccbram   |       1.000 |     0.004 |       0.003 |      0.001 |       NA    | Unspecified | NA         |
| MGTAVcc   |       1.000 |     0.000 |       0.000 |      0.000 |       NA    | Unspecified | NA         |
| MGTAVtt   |       1.200 |     0.000 |       0.000 |      0.000 |       NA    | Unspecified | NA         |
| Vccadc    |       1.800 |     0.020 |       0.000 |      0.020 |       NA    | Unspecified | NA         |
+-----------+-------------+-----------+-------------+------------+-------------+-------------+------------+


1.3 Confidence Level
--------------------

+-----------------------------+------------+--------------------------------------------------------+------------------------------------------------------------------------------------------------------------+
| User Input Data             | Confidence | Details                                                | Action                                                                                                     |
+-----------------------------+------------+--------------------------------------------------------+------------------------------------------------------------------------------------------------------------+
| Design implementation state | Low        | Design is synthesized                                  | Accuracy of the tool is not optimal until design is fully placed and routed                                |
| Clock nodes activity        | High       | User specified more than 95% of clocks                 |                                                                                                            |
| I/O nodes activity          | Low        | More than 75% of inputs are missing user specification | Provide missing input activity with simulation results or by editing the "By Resource Type -> I/Os" view   |
| Internal nodes activity     | Medium     | User specified less than 25% of internal nodes         | Provide missing internal nodes activity with simulation results or by editing the "By Resource Type" views |
| Device models               | High       | Device models are Production                           |                                                                                                            |
|                             |            |                                                        |                                                                                                            |
| Overall confidence level    | Low        |                                                        |                                                                                                            |
+-----------------------------+------------+--------------------------------------------------------+------------------------------------------------------------------------------------------------------------+


2. Settings
-----------

2.1 Environment
---------------

+-----------------------+--------------------------+
| Ambient Temp (C)      | 25.0                     |
| ThetaJA (C/W)         | 3.3                      |
| Airflow (LFM)         | 250                      |
| Heat Sink             | medium (Medium Profile)  |
| ThetaSA (C/W)         | 4.6                      |
| Board Selection       | medium (10"x10")         |
| # of Board Layers     | 12to15 (12 to 15 Layers) |
| Board Temperature (C) | 25.0                     |
+-----------------------+--------------------------+


2.2 Clock Constraints
---------------------

+-------+--------+-----------------+
| Clock | Domain | Constraint (ns) |
+-------+--------+-----------------+
| clk   | clk    |            10.0 |
+-------+--------+-----------------+


3. Detailed Reports
-------------------

3.1 By Hierarchy
----------------

+-----------------------------------+-----------+
| Name                              | Power (W) |
+-----------------------------------+-----------+
| gs_mdc_core                       |     1.524 |
|   g_stage[0].u_stage              |     0.226 |
|     g_output_reorder.fifo_a_delay |     0.007 |
|     g_output_reorder.fifo_b_delay |     0.007 |
|     u_butterfly                   |     0.097 |
|       u_add                       |     0.002 |
|       u_mul                       |     0.088 |
|       u_sum_delay                 |     0.005 |
|     u_twiddle_rom                 |     0.063 |
|   g_stage[10].u_stage             |     0.087 |
|     g_output_reorder.fifo_a_delay |     0.002 |
|     u_butterfly                   |     0.083 |
|       u_add                       |     0.003 |
|       u_mul                       |     0.066 |
|       u_sub                       |     0.003 |
|       u_sum_delay                 |     0.007 |
|   g_stage[11].u_stage             |     0.064 |
|     u_butterfly                   |     0.064 |
|       u_add                       |     0.003 |
|       u_mul                       |     0.050 |
|       u_sub                       |     0.003 |
|       u_sum_delay                 |     0.004 |
|   g_stage[1].u_stage              |     0.149 |
|     g_output_reorder.fifo_a_delay |     0.007 |
|     g_output_reorder.fifo_b_delay |     0.007 |
|     u_butterfly                   |     0.091 |
|       u_add                       |     0.003 |
|       u_mul                       |     0.078 |
|       u_sub                       |     0.002 |
|       u_sum_delay                 |     0.005 |
|     u_twiddle_rom                 |     0.025 |
|   g_stage[2].u_stage              |     0.124 |
|     g_output_reorder.fifo_a_delay |     0.007 |
|     g_output_reorder.fifo_b_delay |     0.006 |
|     u_butterfly                   |     0.086 |
|       u_add                       |     0.003 |
|       u_mul                       |     0.073 |
|       u_sub                       |     0.002 |
|       u_sum_delay                 |     0.005 |
|     u_twiddle_rom                 |     0.013 |
|   g_stage[3].u_stage              |     0.112 |
|     g_output_reorder.fifo_a_delay |     0.008 |
|     g_output_reorder.fifo_b_delay |     0.006 |
|     u_butterfly                   |     0.084 |
|       u_add                       |     0.003 |
|       u_mul                       |     0.070 |
|       u_sub                       |     0.002 |
|       u_sum_delay                 |     0.005 |
|     u_twiddle_rom                 |     0.009 |
|   g_stage[4].u_stage              |     0.095 |
|     g_output_reorder.fifo_a_delay |     0.004 |
|     g_output_reorder.fifo_b_delay |     0.003 |
|     u_butterfly                   |     0.082 |
|       u_add                       |     0.003 |
|       u_mul                       |     0.069 |
|       u_sub                       |     0.002 |
|       u_sum_delay                 |     0.004 |
|     u_twiddle_rom                 |     0.003 |
|   g_stage[5].u_stage              |     0.089 |
|     g_output_reorder.fifo_a_delay |     0.003 |
|     g_output_reorder.fifo_b_delay |     0.002 |
|     u_butterfly                   |     0.079 |
|       u_add                       |     0.003 |
|       u_mul                       |     0.068 |
|       u_sub                       |     0.002 |
|       u_sum_delay                 |     0.005 |
|     u_twiddle_rom                 |     0.002 |
|   g_stage[6].u_stage              |     0.089 |
|     g_output_reorder.fifo_a_delay |     0.003 |
|     g_output_reorder.fifo_b_delay |     0.002 |
|     u_butterfly                   |     0.080 |
|       u_add                       |     0.003 |
|       u_mul                       |     0.068 |
|       u_sub                       |     0.002 |
|       u_sum_delay                 |     0.005 |
|     u_twiddle_rom                 |     0.002 |
|   g_stage[7].u_stage              |     0.090 |
|     g_output_reorder.fifo_a_delay |     0.003 |
|     g_output_reorder.fifo_b_delay |     0.002 |
|     u_butterfly                   |     0.081 |
|       u_add                       |     0.003 |
|       u_mul                       |     0.068 |
|       u_sub                       |     0.002 |
|       u_sum_delay                 |     0.005 |
|     u_twiddle_rom                 |     0.002 |
|   g_stage[8].u_stage              |     0.088 |
|     g_output_reorder.fifo_a_delay |     0.003 |
|     g_output_reorder.fifo_b_delay |     0.002 |
|     u_butterfly                   |     0.079 |
|       u_add                       |     0.003 |
|       u_mul                       |     0.067 |
|       u_sub                       |     0.002 |
|       u_sum_delay                 |     0.005 |
|     u_twiddle_rom                 |     0.001 |
|   g_stage[9].u_stage              |     0.086 |
|     g_output_reorder.fifo_a_delay |     0.003 |
|     g_output_reorder.fifo_b_delay |     0.002 |
|     u_butterfly                   |     0.080 |
|       u_add                       |     0.003 |
|       u_mul                       |     0.067 |
|       u_sub                       |     0.002 |
|       u_sum_delay                 |     0.006 |
|   u_intt_scale0                   |     0.027 |
|     g_wl.u_mul                    |     0.027 |
|       u_intmul                    |     0.009 |
|       u_round0                    |     0.003 |
|       u_round1                    |     0.003 |
|       u_round2                    |     0.003 |
|       u_round3                    |     0.009 |
|   u_intt_scale1                   |     0.027 |
|     g_wl.u_mul                    |     0.027 |
|       u_intmul                    |     0.009 |
|       u_round0                    |     0.003 |
|       u_round1                    |     0.003 |
|       u_round2                    |     0.003 |
|       u_round3                    |     0.009 |
|   u_ntt_output_delay              |     0.011 |
+-----------------------------------+-----------+


