Copyright 1986-2022 Xilinx, Inc. All Rights Reserved.
----------------------------------------------------------------------------------------------------------------------
| Tool Version : Vivado v.2022.2 (win64) Build 3671981 Fri Oct 14 05:00:03 MDT 2022
| Date         : Mon Jun 29 18:44:41 2026
| Host         : LAPTOP-G40ALRVF running 64-bit major release  (build 9200)
| Command      : report_timing -max_paths 5 -sort_by group -file D:/MDC-NTT/reports/timing_paths_poly_mul_top_old.rpt
| Design       : poly_mul_top
| Device       : 7a200t-sbg484
| Speed File   : -1  PRODUCTION 1.23 2018-06-13
----------------------------------------------------------------------------------------------------------------------

Timing Report

Slack (MET) :             0.733ns  (required time - arrival time)
  Source:                 u_core/g_stage[0].u_stage/u_butterfly/u_mul/g_current.u_mul/t_s00/CLK
                            (rising edge-triggered cell DSP48E1 clocked by clk  {rise@0.000ns fall@5.000ns period=10.000ns})
  Destination:            u_core/g_stage[0].u_stage/u_butterfly/u_mul/g_current.u_mul/t_s0_reg/PCIN[0]
                            (rising edge-triggered cell DSP48E1 clocked by clk  {rise@0.000ns fall@5.000ns period=10.000ns})
  Path Group:             clk
  Path Type:              Setup (Max at Slow Process Corner)
  Requirement:            10.000ns  (clk rise@10.000ns - clk rise@0.000ns)
  Data Path Delay:        7.687ns  (logic 7.632ns (99.285%)  route 0.055ns (0.715%))
  Logic Levels:           2  (DSP48E1=2)
  Clock Path Skew:        -0.145ns (DCD - SCD + CPR)
    Destination Clock Delay (DCD):    2.077ns = ( 12.077 - 10.000 ) 
    Source Clock Delay      (SCD):    2.400ns
    Clock Pessimism Removal (CPR):    0.178ns
  Clock Uncertainty:      0.035ns  ((TSJ^2 + TIJ^2)^1/2 + DJ) / 2 + PE
    Total System Jitter     (TSJ):    0.071ns
    Total Input Jitter      (TIJ):    0.000ns
    Discrete Jitter          (DJ):    0.000ns
    Phase Error              (PE):    0.000ns

    Location             Delay type                Incr(ns)  Path(ns)    Netlist Resource(s)
  -------------------------------------------------------------------    -------------------
                         (clock clk rise edge)        0.000     0.000 r  
                                                      0.000     0.000 r  clk (IN)
                         net (fo=0)                   0.000     0.000    clk
                         IBUF (Prop_ibuf_I_O)         0.920     0.920 r  clk_IBUF_inst/O
                         net (fo=1, unplaced)         0.800     1.720    clk_IBUF
                         BUFG (Prop_bufg_I_O)         0.096     1.816 r  clk_IBUF_BUFG_inst/O
                         net (fo=60441, unplaced)     0.584     2.400    u_core/g_stage[0].u_stage/u_butterfly/u_mul/g_current.u_mul/clk_IBUF_BUFG
                         DSP48E1                                      r  u_core/g_stage[0].u_stage/u_butterfly/u_mul/g_current.u_mul/t_s00/CLK
  -------------------------------------------------------------------    -------------------
                         DSP48E1 (Prop_dsp48e1_CLK_PCOUT[47])
                                                      4.206     6.606 r  u_core/g_stage[0].u_stage/u_butterfly/u_mul/g_current.u_mul/t_s00/PCOUT[47]
                         net (fo=1, unplaced)         0.055     6.661    u_core/g_stage[0].u_stage/u_butterfly/u_mul/g_current.u_mul/t_s00_n_106
                         DSP48E1 (Prop_dsp48e1_PCIN[47]_PCOUT[47])
                                                      1.713     8.374 r  u_core/g_stage[0].u_stage/u_butterfly/u_mul/g_current.u_mul/t_s00__0/PCOUT[47]
                         net (fo=1, unplaced)         0.000     8.374    u_core/g_stage[0].u_stage/u_butterfly/u_mul/g_current.u_mul/t_s00__0_n_106
                         DSP48E1 (Prop_dsp48e1_PCIN[47]_PCOUT[0])
                                                      1.713    10.087 r  u_core/g_stage[0].u_stage/u_butterfly/u_mul/g_current.u_mul/t_s00__1/PCOUT[0]
                         net (fo=1, unplaced)         0.000    10.087    u_core/g_stage[0].u_stage/u_butterfly/u_mul/g_current.u_mul/t_s00__1_n_153
                         DSP48E1                                      r  u_core/g_stage[0].u_stage/u_butterfly/u_mul/g_current.u_mul/t_s0_reg/PCIN[0]
  -------------------------------------------------------------------    -------------------

                         (clock clk rise edge)       10.000    10.000 r  
                                                      0.000    10.000 r  clk (IN)
                         net (fo=0)                   0.000    10.000    clk
                         IBUF (Prop_ibuf_I_O)         0.787    10.787 r  clk_IBUF_inst/O
                         net (fo=1, unplaced)         0.760    11.547    clk_IBUF
                         BUFG (Prop_bufg_I_O)         0.091    11.638 r  clk_IBUF_BUFG_inst/O
                         net (fo=60441, unplaced)     0.439    12.077    u_core/g_stage[0].u_stage/u_butterfly/u_mul/g_current.u_mul/clk_IBUF_BUFG
                         DSP48E1                                      r  u_core/g_stage[0].u_stage/u_butterfly/u_mul/g_current.u_mul/t_s0_reg/CLK
                         clock pessimism              0.178    12.255    
                         clock uncertainty           -0.035    12.220    
                         DSP48E1 (Setup_dsp48e1_CLK_PCIN[0])
                                                     -1.400    10.820    u_core/g_stage[0].u_stage/u_butterfly/u_mul/g_current.u_mul/t_s0_reg
  -------------------------------------------------------------------
                         required time                         10.820    
                         arrival time                         -10.087    
  -------------------------------------------------------------------
                         slack                                  0.733    

Slack (MET) :             0.733ns  (required time - arrival time)
  Source:                 u_core/g_stage[0].u_stage/u_butterfly/u_mul/g_current.u_mul/t_s00/CLK
                            (rising edge-triggered cell DSP48E1 clocked by clk  {rise@0.000ns fall@5.000ns period=10.000ns})
  Destination:            u_core/g_stage[0].u_stage/u_butterfly/u_mul/g_current.u_mul/t_s0_reg/PCIN[10]
                            (rising edge-triggered cell DSP48E1 clocked by clk  {rise@0.000ns fall@5.000ns period=10.000ns})
  Path Group:             clk
  Path Type:              Setup (Max at Slow Process Corner)
  Requirement:            10.000ns  (clk rise@10.000ns - clk rise@0.000ns)
  Data Path Delay:        7.687ns  (logic 7.632ns (99.285%)  route 0.055ns (0.715%))
  Logic Levels:           2  (DSP48E1=2)
  Clock Path Skew:        -0.145ns (DCD - SCD + CPR)
    Destination Clock Delay (DCD):    2.077ns = ( 12.077 - 10.000 ) 
    Source Clock Delay      (SCD):    2.400ns
    Clock Pessimism Removal (CPR):    0.178ns
  Clock Uncertainty:      0.035ns  ((TSJ^2 + TIJ^2)^1/2 + DJ) / 2 + PE
    Total System Jitter     (TSJ):    0.071ns
    Total Input Jitter      (TIJ):    0.000ns
    Discrete Jitter          (DJ):    0.000ns
    Phase Error              (PE):    0.000ns

    Location             Delay type                Incr(ns)  Path(ns)    Netlist Resource(s)
  -------------------------------------------------------------------    -------------------
                         (clock clk rise edge)        0.000     0.000 r  
                                                      0.000     0.000 r  clk (IN)
                         net (fo=0)                   0.000     0.000    clk
                         IBUF (Prop_ibuf_I_O)         0.920     0.920 r  clk_IBUF_inst/O
                         net (fo=1, unplaced)         0.800     1.720    clk_IBUF
                         BUFG (Prop_bufg_I_O)         0.096     1.816 r  clk_IBUF_BUFG_inst/O
                         net (fo=60441, unplaced)     0.584     2.400    u_core/g_stage[0].u_stage/u_butterfly/u_mul/g_current.u_mul/clk_IBUF_BUFG
                         DSP48E1                                      r  u_core/g_stage[0].u_stage/u_butterfly/u_mul/g_current.u_mul/t_s00/CLK
  -------------------------------------------------------------------    -------------------
                         DSP48E1 (Prop_dsp48e1_CLK_PCOUT[47])
                                                      4.206     6.606 r  u_core/g_stage[0].u_stage/u_butterfly/u_mul/g_current.u_mul/t_s00/PCOUT[47]
                         net (fo=1, unplaced)         0.055     6.661    u_core/g_stage[0].u_stage/u_butterfly/u_mul/g_current.u_mul/t_s00_n_106
                         DSP48E1 (Prop_dsp48e1_PCIN[47]_PCOUT[47])
                                                      1.713     8.374 r  u_core/g_stage[0].u_stage/u_butterfly/u_mul/g_current.u_mul/t_s00__0/PCOUT[47]
                         net (fo=1, unplaced)         0.000     8.374    u_core/g_stage[0].u_stage/u_butterfly/u_mul/g_current.u_mul/t_s00__0_n_106
                         DSP48E1 (Prop_dsp48e1_PCIN[47]_PCOUT[10])
                                                      1.713    10.087 r  u_core/g_stage[0].u_stage/u_butterfly/u_mul/g_current.u_mul/t_s00__1/PCOUT[10]
                         net (fo=1, unplaced)         0.000    10.087    u_core/g_stage[0].u_stage/u_butterfly/u_mul/g_current.u_mul/t_s00__1_n_143
                         DSP48E1                                      r  u_core/g_stage[0].u_stage/u_butterfly/u_mul/g_current.u_mul/t_s0_reg/PCIN[10]
  -------------------------------------------------------------------    -------------------

                         (clock clk rise edge)       10.000    10.000 r  
                                                      0.000    10.000 r  clk (IN)
                         net (fo=0)                   0.000    10.000    clk
                         IBUF (Prop_ibuf_I_O)         0.787    10.787 r  clk_IBUF_inst/O
                         net (fo=1, unplaced)         0.760    11.547    clk_IBUF
                         BUFG (Prop_bufg_I_O)         0.091    11.638 r  clk_IBUF_BUFG_inst/O
                         net (fo=60441, unplaced)     0.439    12.077    u_core/g_stage[0].u_stage/u_butterfly/u_mul/g_current.u_mul/clk_IBUF_BUFG
                         DSP48E1                                      r  u_core/g_stage[0].u_stage/u_butterfly/u_mul/g_current.u_mul/t_s0_reg/CLK
                         clock pessimism              0.178    12.255    
                         clock uncertainty           -0.035    12.220    
                         DSP48E1 (Setup_dsp48e1_CLK_PCIN[10])
                                                     -1.400    10.820    u_core/g_stage[0].u_stage/u_butterfly/u_mul/g_current.u_mul/t_s0_reg
  -------------------------------------------------------------------
                         required time                         10.820    
                         arrival time                         -10.087    
  -------------------------------------------------------------------
                         slack                                  0.733    

Slack (MET) :             0.733ns  (required time - arrival time)
  Source:                 u_core/g_stage[0].u_stage/u_butterfly/u_mul/g_current.u_mul/t_s00/CLK
                            (rising edge-triggered cell DSP48E1 clocked by clk  {rise@0.000ns fall@5.000ns period=10.000ns})
  Destination:            u_core/g_stage[0].u_stage/u_butterfly/u_mul/g_current.u_mul/t_s0_reg/PCIN[11]
                            (rising edge-triggered cell DSP48E1 clocked by clk  {rise@0.000ns fall@5.000ns period=10.000ns})
  Path Group:             clk
  Path Type:              Setup (Max at Slow Process Corner)
  Requirement:            10.000ns  (clk rise@10.000ns - clk rise@0.000ns)
  Data Path Delay:        7.687ns  (logic 7.632ns (99.285%)  route 0.055ns (0.715%))
  Logic Levels:           2  (DSP48E1=2)
  Clock Path Skew:        -0.145ns (DCD - SCD + CPR)
    Destination Clock Delay (DCD):    2.077ns = ( 12.077 - 10.000 ) 
    Source Clock Delay      (SCD):    2.400ns
    Clock Pessimism Removal (CPR):    0.178ns
  Clock Uncertainty:      0.035ns  ((TSJ^2 + TIJ^2)^1/2 + DJ) / 2 + PE
    Total System Jitter     (TSJ):    0.071ns
    Total Input Jitter      (TIJ):    0.000ns
    Discrete Jitter          (DJ):    0.000ns
    Phase Error              (PE):    0.000ns

    Location             Delay type                Incr(ns)  Path(ns)    Netlist Resource(s)
  -------------------------------------------------------------------    -------------------
                         (clock clk rise edge)        0.000     0.000 r  
                                                      0.000     0.000 r  clk (IN)
                         net (fo=0)                   0.000     0.000    clk
                         IBUF (Prop_ibuf_I_O)         0.920     0.920 r  clk_IBUF_inst/O
                         net (fo=1, unplaced)         0.800     1.720    clk_IBUF
                         BUFG (Prop_bufg_I_O)         0.096     1.816 r  clk_IBUF_BUFG_inst/O
                         net (fo=60441, unplaced)     0.584     2.400    u_core/g_stage[0].u_stage/u_butterfly/u_mul/g_current.u_mul/clk_IBUF_BUFG
                         DSP48E1                                      r  u_core/g_stage[0].u_stage/u_butterfly/u_mul/g_current.u_mul/t_s00/CLK
  -------------------------------------------------------------------    -------------------
                         DSP48E1 (Prop_dsp48e1_CLK_PCOUT[47])
                                                      4.206     6.606 r  u_core/g_stage[0].u_stage/u_butterfly/u_mul/g_current.u_mul/t_s00/PCOUT[47]
                         net (fo=1, unplaced)         0.055     6.661    u_core/g_stage[0].u_stage/u_butterfly/u_mul/g_current.u_mul/t_s00_n_106
                         DSP48E1 (Prop_dsp48e1_PCIN[47]_PCOUT[47])
                                                      1.713     8.374 r  u_core/g_stage[0].u_stage/u_butterfly/u_mul/g_current.u_mul/t_s00__0/PCOUT[47]
                         net (fo=1, unplaced)         0.000     8.374    u_core/g_stage[0].u_stage/u_butterfly/u_mul/g_current.u_mul/t_s00__0_n_106
                         DSP48E1 (Prop_dsp48e1_PCIN[47]_PCOUT[11])
                                                      1.713    10.087 r  u_core/g_stage[0].u_stage/u_butterfly/u_mul/g_current.u_mul/t_s00__1/PCOUT[11]
                         net (fo=1, unplaced)         0.000    10.087    u_core/g_stage[0].u_stage/u_butterfly/u_mul/g_current.u_mul/t_s00__1_n_142
                         DSP48E1                                      r  u_core/g_stage[0].u_stage/u_butterfly/u_mul/g_current.u_mul/t_s0_reg/PCIN[11]
  -------------------------------------------------------------------    -------------------

                         (clock clk rise edge)       10.000    10.000 r  
                                                      0.000    10.000 r  clk (IN)
                         net (fo=0)                   0.000    10.000    clk
                         IBUF (Prop_ibuf_I_O)         0.787    10.787 r  clk_IBUF_inst/O
                         net (fo=1, unplaced)         0.760    11.547    clk_IBUF
                         BUFG (Prop_bufg_I_O)         0.091    11.638 r  clk_IBUF_BUFG_inst/O
                         net (fo=60441, unplaced)     0.439    12.077    u_core/g_stage[0].u_stage/u_butterfly/u_mul/g_current.u_mul/clk_IBUF_BUFG
                         DSP48E1                                      r  u_core/g_stage[0].u_stage/u_butterfly/u_mul/g_current.u_mul/t_s0_reg/CLK
                         clock pessimism              0.178    12.255    
                         clock uncertainty           -0.035    12.220    
                         DSP48E1 (Setup_dsp48e1_CLK_PCIN[11])
                                                     -1.400    10.820    u_core/g_stage[0].u_stage/u_butterfly/u_mul/g_current.u_mul/t_s0_reg
  -------------------------------------------------------------------
                         required time                         10.820    
                         arrival time                         -10.087    
  -------------------------------------------------------------------
                         slack                                  0.733    

Slack (MET) :             0.733ns  (required time - arrival time)
  Source:                 u_core/g_stage[0].u_stage/u_butterfly/u_mul/g_current.u_mul/t_s00/CLK
                            (rising edge-triggered cell DSP48E1 clocked by clk  {rise@0.000ns fall@5.000ns period=10.000ns})
  Destination:            u_core/g_stage[0].u_stage/u_butterfly/u_mul/g_current.u_mul/t_s0_reg/PCIN[12]
                            (rising edge-triggered cell DSP48E1 clocked by clk  {rise@0.000ns fall@5.000ns period=10.000ns})
  Path Group:             clk
  Path Type:              Setup (Max at Slow Process Corner)
  Requirement:            10.000ns  (clk rise@10.000ns - clk rise@0.000ns)
  Data Path Delay:        7.687ns  (logic 7.632ns (99.285%)  route 0.055ns (0.715%))
  Logic Levels:           2  (DSP48E1=2)
  Clock Path Skew:        -0.145ns (DCD - SCD + CPR)
    Destination Clock Delay (DCD):    2.077ns = ( 12.077 - 10.000 ) 
    Source Clock Delay      (SCD):    2.400ns
    Clock Pessimism Removal (CPR):    0.178ns
  Clock Uncertainty:      0.035ns  ((TSJ^2 + TIJ^2)^1/2 + DJ) / 2 + PE
    Total System Jitter     (TSJ):    0.071ns
    Total Input Jitter      (TIJ):    0.000ns
    Discrete Jitter          (DJ):    0.000ns
    Phase Error              (PE):    0.000ns

    Location             Delay type                Incr(ns)  Path(ns)    Netlist Resource(s)
  -------------------------------------------------------------------    -------------------
                         (clock clk rise edge)        0.000     0.000 r  
                                                      0.000     0.000 r  clk (IN)
                         net (fo=0)                   0.000     0.000    clk
                         IBUF (Prop_ibuf_I_O)         0.920     0.920 r  clk_IBUF_inst/O
                         net (fo=1, unplaced)         0.800     1.720    clk_IBUF
                         BUFG (Prop_bufg_I_O)         0.096     1.816 r  clk_IBUF_BUFG_inst/O
                         net (fo=60441, unplaced)     0.584     2.400    u_core/g_stage[0].u_stage/u_butterfly/u_mul/g_current.u_mul/clk_IBUF_BUFG
                         DSP48E1                                      r  u_core/g_stage[0].u_stage/u_butterfly/u_mul/g_current.u_mul/t_s00/CLK
  -------------------------------------------------------------------    -------------------
                         DSP48E1 (Prop_dsp48e1_CLK_PCOUT[47])
                                                      4.206     6.606 r  u_core/g_stage[0].u_stage/u_butterfly/u_mul/g_current.u_mul/t_s00/PCOUT[47]
                         net (fo=1, unplaced)         0.055     6.661    u_core/g_stage[0].u_stage/u_butterfly/u_mul/g_current.u_mul/t_s00_n_106
                         DSP48E1 (Prop_dsp48e1_PCIN[47]_PCOUT[47])
                                                      1.713     8.374 r  u_core/g_stage[0].u_stage/u_butterfly/u_mul/g_current.u_mul/t_s00__0/PCOUT[47]
                         net (fo=1, unplaced)         0.000     8.374    u_core/g_stage[0].u_stage/u_butterfly/u_mul/g_current.u_mul/t_s00__0_n_106
                         DSP48E1 (Prop_dsp48e1_PCIN[47]_PCOUT[12])
                                                      1.713    10.087 r  u_core/g_stage[0].u_stage/u_butterfly/u_mul/g_current.u_mul/t_s00__1/PCOUT[12]
                         net (fo=1, unplaced)         0.000    10.087    u_core/g_stage[0].u_stage/u_butterfly/u_mul/g_current.u_mul/t_s00__1_n_141
                         DSP48E1                                      r  u_core/g_stage[0].u_stage/u_butterfly/u_mul/g_current.u_mul/t_s0_reg/PCIN[12]
  -------------------------------------------------------------------    -------------------

                         (clock clk rise edge)       10.000    10.000 r  
                                                      0.000    10.000 r  clk (IN)
                         net (fo=0)                   0.000    10.000    clk
                         IBUF (Prop_ibuf_I_O)         0.787    10.787 r  clk_IBUF_inst/O
                         net (fo=1, unplaced)         0.760    11.547    clk_IBUF
                         BUFG (Prop_bufg_I_O)         0.091    11.638 r  clk_IBUF_BUFG_inst/O
                         net (fo=60441, unplaced)     0.439    12.077    u_core/g_stage[0].u_stage/u_butterfly/u_mul/g_current.u_mul/clk_IBUF_BUFG
                         DSP48E1                                      r  u_core/g_stage[0].u_stage/u_butterfly/u_mul/g_current.u_mul/t_s0_reg/CLK
                         clock pessimism              0.178    12.255    
                         clock uncertainty           -0.035    12.220    
                         DSP48E1 (Setup_dsp48e1_CLK_PCIN[12])
                                                     -1.400    10.820    u_core/g_stage[0].u_stage/u_butterfly/u_mul/g_current.u_mul/t_s0_reg
  -------------------------------------------------------------------
                         required time                         10.820    
                         arrival time                         -10.087    
  -------------------------------------------------------------------
                         slack                                  0.733    

Slack (MET) :             0.733ns  (required time - arrival time)
  Source:                 u_core/g_stage[0].u_stage/u_butterfly/u_mul/g_current.u_mul/t_s00/CLK
                            (rising edge-triggered cell DSP48E1 clocked by clk  {rise@0.000ns fall@5.000ns period=10.000ns})
  Destination:            u_core/g_stage[0].u_stage/u_butterfly/u_mul/g_current.u_mul/t_s0_reg/PCIN[13]
                            (rising edge-triggered cell DSP48E1 clocked by clk  {rise@0.000ns fall@5.000ns period=10.000ns})
  Path Group:             clk
  Path Type:              Setup (Max at Slow Process Corner)
  Requirement:            10.000ns  (clk rise@10.000ns - clk rise@0.000ns)
  Data Path Delay:        7.687ns  (logic 7.632ns (99.285%)  route 0.055ns (0.715%))
  Logic Levels:           2  (DSP48E1=2)
  Clock Path Skew:        -0.145ns (DCD - SCD + CPR)
    Destination Clock Delay (DCD):    2.077ns = ( 12.077 - 10.000 ) 
    Source Clock Delay      (SCD):    2.400ns
    Clock Pessimism Removal (CPR):    0.178ns
  Clock Uncertainty:      0.035ns  ((TSJ^2 + TIJ^2)^1/2 + DJ) / 2 + PE
    Total System Jitter     (TSJ):    0.071ns
    Total Input Jitter      (TIJ):    0.000ns
    Discrete Jitter          (DJ):    0.000ns
    Phase Error              (PE):    0.000ns

    Location             Delay type                Incr(ns)  Path(ns)    Netlist Resource(s)
  -------------------------------------------------------------------    -------------------
                         (clock clk rise edge)        0.000     0.000 r  
                                                      0.000     0.000 r  clk (IN)
                         net (fo=0)                   0.000     0.000    clk
                         IBUF (Prop_ibuf_I_O)         0.920     0.920 r  clk_IBUF_inst/O
                         net (fo=1, unplaced)         0.800     1.720    clk_IBUF
                         BUFG (Prop_bufg_I_O)         0.096     1.816 r  clk_IBUF_BUFG_inst/O
                         net (fo=60441, unplaced)     0.584     2.400    u_core/g_stage[0].u_stage/u_butterfly/u_mul/g_current.u_mul/clk_IBUF_BUFG
                         DSP48E1                                      r  u_core/g_stage[0].u_stage/u_butterfly/u_mul/g_current.u_mul/t_s00/CLK
  -------------------------------------------------------------------    -------------------
                         DSP48E1 (Prop_dsp48e1_CLK_PCOUT[47])
                                                      4.206     6.606 r  u_core/g_stage[0].u_stage/u_butterfly/u_mul/g_current.u_mul/t_s00/PCOUT[47]
                         net (fo=1, unplaced)         0.055     6.661    u_core/g_stage[0].u_stage/u_butterfly/u_mul/g_current.u_mul/t_s00_n_106
                         DSP48E1 (Prop_dsp48e1_PCIN[47]_PCOUT[47])
                                                      1.713     8.374 r  u_core/g_stage[0].u_stage/u_butterfly/u_mul/g_current.u_mul/t_s00__0/PCOUT[47]
                         net (fo=1, unplaced)         0.000     8.374    u_core/g_stage[0].u_stage/u_butterfly/u_mul/g_current.u_mul/t_s00__0_n_106
                         DSP48E1 (Prop_dsp48e1_PCIN[47]_PCOUT[13])
                                                      1.713    10.087 r  u_core/g_stage[0].u_stage/u_butterfly/u_mul/g_current.u_mul/t_s00__1/PCOUT[13]
                         net (fo=1, unplaced)         0.000    10.087    u_core/g_stage[0].u_stage/u_butterfly/u_mul/g_current.u_mul/t_s00__1_n_140
                         DSP48E1                                      r  u_core/g_stage[0].u_stage/u_butterfly/u_mul/g_current.u_mul/t_s0_reg/PCIN[13]
  -------------------------------------------------------------------    -------------------

                         (clock clk rise edge)       10.000    10.000 r  
                                                      0.000    10.000 r  clk (IN)
                         net (fo=0)                   0.000    10.000    clk
                         IBUF (Prop_ibuf_I_O)         0.787    10.787 r  clk_IBUF_inst/O
                         net (fo=1, unplaced)         0.760    11.547    clk_IBUF
                         BUFG (Prop_bufg_I_O)         0.091    11.638 r  clk_IBUF_BUFG_inst/O
                         net (fo=60441, unplaced)     0.439    12.077    u_core/g_stage[0].u_stage/u_butterfly/u_mul/g_current.u_mul/clk_IBUF_BUFG
                         DSP48E1                                      r  u_core/g_stage[0].u_stage/u_butterfly/u_mul/g_current.u_mul/t_s0_reg/CLK
                         clock pessimism              0.178    12.255    
                         clock uncertainty           -0.035    12.220    
                         DSP48E1 (Setup_dsp48e1_CLK_PCIN[13])
                                                     -1.400    10.820    u_core/g_stage[0].u_stage/u_butterfly/u_mul/g_current.u_mul/t_s0_reg
  -------------------------------------------------------------------
                         required time                         10.820    
                         arrival time                         -10.087    
  -------------------------------------------------------------------
                         slack                                  0.733    




