Copyright 1986-2022 Xilinx, Inc. All Rights Reserved.
------------------------------------------------------------------------------------
| Tool Version : Vivado v.2022.2 (win64) Build 3671981 Fri Oct 14 05:00:03 MDT 2022
| Date         : Mon Jun 15 18:11:33 2026
| Host         : LAPTOP-G40ALRVF running 64-bit major release  (build 9200)
| Command      : report_timing_summary -file V:/reports/timing_summary.rpt
| Design       : poly_mul_top
| Device       : 7a200t-sbg484
| Speed File   : -1  PRODUCTION 1.23 2018-06-13
------------------------------------------------------------------------------------

Timing Summary Report

------------------------------------------------------------------------------------------------
| Timer Settings
| --------------
------------------------------------------------------------------------------------------------

  Enable Multi Corner Analysis               :  Yes
  Enable Pessimism Removal                   :  Yes
  Pessimism Removal Resolution               :  Nearest Common Node
  Enable Input Delay Default Clock           :  No
  Enable Preset / Clear Arcs                 :  No
  Disable Flight Delays                      :  No
  Ignore I/O Paths                           :  No
  Timing Early Launch at Borrowing Latches   :  No
  Borrow Time for Max Delay Exceptions       :  Yes
  Merge Timing Exceptions                    :  Yes

  Corner  Analyze    Analyze    
  Name    Max Paths  Min Paths  
  ------  ---------  ---------  
  Slow    Yes        Yes        
  Fast    Yes        Yes        


------------------------------------------------------------------------------------------------
| Report Methodology
| ------------------
------------------------------------------------------------------------------------------------

No report available as report_methodology has not been run prior. Run report_methodology on the current design for the summary of methodology violations.



check_timing report

Table of Contents
-----------------
1. checking no_clock (0)
2. checking constant_clock (0)
3. checking pulse_width_clock (0)
4. checking unconstrained_internal_endpoints (0)
5. checking no_input_delay (80)
6. checking no_output_delay (66)
7. checking multiple_clock (0)
8. checking generated_clocks (0)
9. checking loops (0)
10. checking partial_input_delay (0)
11. checking partial_output_delay (0)
12. checking latch_loops (0)

1. checking no_clock (0)
------------------------
 There are 0 register/latch pins with no clock.


2. checking constant_clock (0)
------------------------------
 There are 0 register/latch pins with constant_clock.


3. checking pulse_width_clock (0)
---------------------------------
 There are 0 register/latch pins which need pulse_width check


4. checking unconstrained_internal_endpoints (0)
------------------------------------------------
 There are 0 pins that are not constrained for maximum delay.

 There are 0 pins that are not constrained for maximum delay due to constant clock.


5. checking no_input_delay (80)
-------------------------------
 There are 80 input ports with no input delay specified. (HIGH)

 There are 0 input ports with no input delay but user has a false path constraint.


6. checking no_output_delay (66)
--------------------------------
 There are 66 ports with no output delay specified. (HIGH)

 There are 0 ports with no output delay but user has a false path constraint

 There are 0 ports with no output delay but with a timing clock defined on it or propagating through it


7. checking multiple_clock (0)
------------------------------
 There are 0 register/latch pins with multiple clocks.


8. checking generated_clocks (0)
--------------------------------
 There are 0 generated clocks that are not connected to a clock source.


9. checking loops (0)
---------------------
 There are 0 combinational loops in the design.


10. checking partial_input_delay (0)
------------------------------------
 There are 0 input ports with partial input delay specified.


11. checking partial_output_delay (0)
-------------------------------------
 There are 0 ports with partial output delay specified.


12. checking latch_loops (0)
----------------------------
 There are 0 combinational latch loops in the design through latch input



------------------------------------------------------------------------------------------------
| Design Timing Summary
| ---------------------
------------------------------------------------------------------------------------------------

    WNS(ns)      TNS(ns)  TNS Failing Endpoints  TNS Total Endpoints      WHS(ns)      THS(ns)  THS Failing Endpoints  THS Total Endpoints     WPWS(ns)     TPWS(ns)  TPWS Failing Endpoints  TPWS Total Endpoints  
    -------      -------  ---------------------  -------------------      -------      -------  ---------------------  -------------------     --------     --------  ----------------------  --------------------  
     -1.236    -1186.626                    960               186784        0.070        0.000                      0               186784        4.000        0.000                       0                 56225  


Timing constraints are not met.


------------------------------------------------------------------------------------------------
| Clock Summary
| -------------
------------------------------------------------------------------------------------------------

Clock  Waveform(ns)       Period(ns)      Frequency(MHz)
-----  ------------       ----------      --------------
clk    {0.000 5.250}      10.500          95.238          


------------------------------------------------------------------------------------------------
| Intra Clock Table
| -----------------
------------------------------------------------------------------------------------------------

Clock             WNS(ns)      TNS(ns)  TNS Failing Endpoints  TNS Total Endpoints      WHS(ns)      THS(ns)  THS Failing Endpoints  THS Total Endpoints     WPWS(ns)     TPWS(ns)  TPWS Failing Endpoints  TPWS Total Endpoints  
-----             -------      -------  ---------------------  -------------------      -------      -------  ---------------------  -------------------     --------     --------  ----------------------  --------------------  
clk                -1.236    -1186.626                    960               186784        0.070        0.000                      0               186784        4.000        0.000                       0                 56225  


------------------------------------------------------------------------------------------------
| Inter Clock Table
| -----------------
------------------------------------------------------------------------------------------------

From Clock    To Clock          WNS(ns)      TNS(ns)  TNS Failing Endpoints  TNS Total Endpoints      WHS(ns)      THS(ns)  THS Failing Endpoints  THS Total Endpoints  
----------    --------          -------      -------  ---------------------  -------------------      -------      -------  ---------------------  -------------------  


------------------------------------------------------------------------------------------------
| Other Path Groups Table
| -----------------------
------------------------------------------------------------------------------------------------

Path Group    From Clock    To Clock          WNS(ns)      TNS(ns)  TNS Failing Endpoints  TNS Total Endpoints      WHS(ns)      THS(ns)  THS Failing Endpoints  THS Total Endpoints  
----------    ----------    --------          -------      -------  ---------------------  -------------------      -------      -------  ---------------------  -------------------  


------------------------------------------------------------------------------------------------
| Timing Details
| --------------
------------------------------------------------------------------------------------------------


---------------------------------------------------------------------------------------------------
From Clock:  clk
  To Clock:  clk

Setup :          960  Failing Endpoints,  Worst Slack       -1.236ns,  Total Violation    -1186.626ns
Hold  :            0  Failing Endpoints,  Worst Slack        0.070ns,  Total Violation        0.000ns
PW    :            0  Failing Endpoints,  Worst Slack        4.000ns,  Total Violation        0.000ns
---------------------------------------------------------------------------------------------------


Max Delay Paths
--------------------------------------------------------------------------------------
Slack (VIOLATED) :        -1.236ns  (required time - arrival time)
  Source:                 u_core/g_stage[0].u_stage/u_butterfly/u_mul/t_s0_reg[16]__4/C
                            (rising edge-triggered cell FDRE clocked by clk  {rise@0.000ns fall@5.250ns period=10.500ns})
  Destination:            u_core/g_stage[0].u_stage/u_butterfly/u_mul/m_s1_reg/PCIN[0]
                            (rising edge-triggered cell DSP48E1 clocked by clk  {rise@0.000ns fall@5.250ns period=10.500ns})
  Path Group:             clk
  Path Type:              Setup (Max at Slow Process Corner)
  Requirement:            10.500ns  (clk rise@10.500ns - clk rise@0.000ns)
  Data Path Delay:        10.156ns  (logic 8.635ns (85.026%)  route 1.521ns (14.974%))
  Logic Levels:           4  (CARRY4=1 DSP48E1=3)
  Clock Path Skew:        -0.145ns (DCD - SCD + CPR)
    Destination Clock Delay (DCD):    2.077ns = ( 12.577 - 10.500 ) 
    Source Clock Delay      (SCD):    2.400ns
    Clock Pessimism Removal (CPR):    0.178ns
  Clock Uncertainty:      0.035ns  ((TSJ^2 + TIJ^2)^1/2 + DJ) / 2 + PE
    Total System Jitter     (TSJ):    0.071ns
    Total Input Jitter      (TIJ):    0.000ns
    Discrete Jitter          (DJ):    0.000ns
    Phase Error              (PE):    0.000ns

    Location             Delay type                Incr(ns)  Path(ns)    Netlist Resource(s)
  -------------------------------------------------------------------    -------------------
                         (clock clk rise edge)        0.000     0.000 r  
                                                      0.000     0.000 r  clk (IN)
                         net (fo=0)                   0.000     0.000    clk
                         IBUF (Prop_ibuf_I_O)         0.920     0.920 r  clk_IBUF_inst/O
                         net (fo=1, unplaced)         0.800     1.720    clk_IBUF
                         BUFG (Prop_bufg_I_O)         0.096     1.816 r  clk_IBUF_BUFG_inst/O
                         net (fo=56356, unplaced)     0.584     2.400    u_core/g_stage[0].u_stage/u_butterfly/u_mul/clk_IBUF_BUFG
                         FDRE                                         r  u_core/g_stage[0].u_stage/u_butterfly/u_mul/t_s0_reg[16]__4/C
  -------------------------------------------------------------------    -------------------
                         FDRE (Prop_fdre_C_Q)         0.456     2.856 r  u_core/g_stage[0].u_stage/u_butterfly/u_mul/t_s0_reg[16]__4/Q
                         net (fo=1, unplaced)         0.666     3.522    u_core_n_5059
                         CARRY4 (Prop_carry4_S[0]_O[0])
                                                      0.542     4.064 r  u_mul/m_s10_i_5/O[0]
                         net (fo=4, unplaced)         0.800     4.864    u_core/g_stage[0].u_stage/u_butterfly/u_mul/t_s3_reg[124]_u_core_g_stage_r_1_1[0]
                         DSP48E1 (Prop_dsp48e1_A[16]_PCOUT[47])
                                                      4.211     9.075 r  u_core/g_stage[0].u_stage/u_butterfly/u_mul/m_s10__1/PCOUT[47]
                         net (fo=1, unplaced)         0.055     9.130    u_core/g_stage[0].u_stage/u_butterfly/u_mul/m_s10__1_n_106
                         DSP48E1 (Prop_dsp48e1_PCIN[47]_PCOUT[47])
                                                      1.713    10.843 r  u_core/g_stage[0].u_stage/u_butterfly/u_mul/m_s10__2/PCOUT[47]
                         net (fo=1, unplaced)         0.000    10.843    u_core/g_stage[0].u_stage/u_butterfly/u_mul/m_s10__2_n_106
                         DSP48E1 (Prop_dsp48e1_PCIN[47]_PCOUT[0])
                                                      1.713    12.556 r  u_core/g_stage[0].u_stage/u_butterfly/u_mul/m_s10__3/PCOUT[0]
                         net (fo=1, unplaced)         0.000    12.556    u_core/g_stage[0].u_stage/u_butterfly/u_mul/m_s10__3_n_153
                         DSP48E1                                      r  u_core/g_stage[0].u_stage/u_butterfly/u_mul/m_s1_reg/PCIN[0]
  -------------------------------------------------------------------    -------------------

                         (clock clk rise edge)       10.500    10.500 r  
                                                      0.000    10.500 r  clk (IN)
                         net (fo=0)                   0.000    10.500    clk
                         IBUF (Prop_ibuf_I_O)         0.787    11.287 r  clk_IBUF_inst/O
                         net (fo=1, unplaced)         0.760    12.047    clk_IBUF
                         BUFG (Prop_bufg_I_O)         0.091    12.138 r  clk_IBUF_BUFG_inst/O
                         net (fo=56356, unplaced)     0.439    12.577    u_core/g_stage[0].u_stage/u_butterfly/u_mul/clk_IBUF_BUFG
                         DSP48E1                                      r  u_core/g_stage[0].u_stage/u_butterfly/u_mul/m_s1_reg/CLK
                         clock pessimism              0.178    12.755    
                         clock uncertainty           -0.035    12.720    
                         DSP48E1 (Setup_dsp48e1_CLK_PCIN[0])
                                                     -1.400    11.320    u_core/g_stage[0].u_stage/u_butterfly/u_mul/m_s1_reg
  -------------------------------------------------------------------
                         required time                         11.320    
                         arrival time                         -12.556    
  -------------------------------------------------------------------
                         slack                                 -1.236    





Min Delay Paths
--------------------------------------------------------------------------------------
Slack (MET) :             0.070ns  (arrival time - required time)
  Source:                 u_core/g_stage[4].u_stage/g_output_reorder.fifo_a_delay/g_shift.data_pipe_reg[31][0]_srl32___u_core_g_stage_r_30/CLK
                            (rising edge-triggered cell SRLC32E clocked by clk  {rise@0.000ns fall@5.250ns period=10.500ns})
  Destination:            u_core/g_stage[4].u_stage/g_output_reorder.fifo_a_delay/g_shift.data_pipe_reg[61][0]_srl30___u_core_g_stage_r_60/D
                            (rising edge-triggered cell SRLC32E clocked by clk  {rise@0.000ns fall@5.250ns period=10.500ns})
  Path Group:             clk
  Path Type:              Hold (Min at Fast Process Corner)
  Requirement:            0.000ns  (clk rise@0.000ns - clk rise@0.000ns)
  Data Path Delay:        0.332ns  (logic 0.332ns (100.000%)  route 0.000ns (0.000%))
  Logic Levels:           0  
  Clock Path Skew:        0.145ns (DCD - SCD - CPR)
    Destination Clock Delay (DCD):    0.981ns
    Source Clock Delay      (SCD):    0.627ns
    Clock Pessimism Removal (CPR):    0.209ns

    Location             Delay type                Incr(ns)  Path(ns)    Netlist Resource(s)
  -------------------------------------------------------------------    -------------------
                         (clock clk rise edge)        0.000     0.000 r  
                                                      0.000     0.000 r  clk (IN)
                         net (fo=0)                   0.000     0.000    clk
                         IBUF (Prop_ibuf_I_O)         0.150     0.150 r  clk_IBUF_inst/O
                         net (fo=1, unplaced)         0.337     0.487    clk_IBUF
                         BUFG (Prop_bufg_I_O)         0.026     0.513 r  clk_IBUF_BUFG_inst/O
                         net (fo=56356, unplaced)     0.114     0.627    u_core/g_stage[4].u_stage/g_output_reorder.fifo_a_delay/clk_IBUF_BUFG
                         SRLC32E                                      r  u_core/g_stage[4].u_stage/g_output_reorder.fifo_a_delay/g_shift.data_pipe_reg[31][0]_srl32___u_core_g_stage_r_30/CLK
  -------------------------------------------------------------------    -------------------
                         SRLC32E (Prop_srlc32e_CLK_Q31)
                                                      0.332     0.959 r  u_core/g_stage[4].u_stage/g_output_reorder.fifo_a_delay/g_shift.data_pipe_reg[31][0]_srl32___u_core_g_stage_r_30/Q31
                         net (fo=1, unplaced)         0.000     0.959    u_core/g_stage[4].u_stage/g_output_reorder.fifo_a_delay/g_shift.data_pipe_reg[31][0]_srl32___u_core_g_stage_r_30_n_1
                         SRLC32E                                      r  u_core/g_stage[4].u_stage/g_output_reorder.fifo_a_delay/g_shift.data_pipe_reg[61][0]_srl30___u_core_g_stage_r_60/D
  -------------------------------------------------------------------    -------------------

                         (clock clk rise edge)        0.000     0.000 r  
                                                      0.000     0.000 r  clk (IN)
                         net (fo=0)                   0.000     0.000    clk
                         IBUF (Prop_ibuf_I_O)         0.338     0.338 r  clk_IBUF_inst/O
                         net (fo=1, unplaced)         0.355     0.693    clk_IBUF
                         BUFG (Prop_bufg_I_O)         0.029     0.722 r  clk_IBUF_BUFG_inst/O
                         net (fo=56356, unplaced)     0.259     0.981    u_core/g_stage[4].u_stage/g_output_reorder.fifo_a_delay/clk_IBUF_BUFG
                         SRLC32E                                      r  u_core/g_stage[4].u_stage/g_output_reorder.fifo_a_delay/g_shift.data_pipe_reg[61][0]_srl30___u_core_g_stage_r_60/CLK
                         clock pessimism             -0.209     0.772    
                         SRLC32E (Hold_srlc32e_CLK_D)
                                                      0.117     0.889    u_core/g_stage[4].u_stage/g_output_reorder.fifo_a_delay/g_shift.data_pipe_reg[61][0]_srl30___u_core_g_stage_r_60
  -------------------------------------------------------------------
                         required time                         -0.889    
                         arrival time                           0.959    
  -------------------------------------------------------------------
                         slack                                  0.070    





Pulse Width Checks
--------------------------------------------------------------------------------------
Clock Name:         clk
Waveform(ns):       { 0.000 5.250 }
Period(ns):         10.500
Sources:            { clk }

Check Type        Corner  Lib Pin      Reference Pin  Required(ns)  Actual(ns)  Slack(ns)  Location  Pin
Min Period        n/a     DSP48E1/CLK  n/a            3.884         10.500      6.616                u_core/g_stage[0].u_stage/u_butterfly/u_mul/m_s1_reg__0/CLK
Low Pulse Width   Slow    RAMD64E/CLK  n/a            1.250         5.250       4.000                a_bank0_reg_0_63_0_2/RAMA/CLK
High Pulse Width  Slow    RAMD64E/CLK  n/a            1.250         5.250       4.000                a_bank0_reg_0_63_0_2/RAMA/CLK



