Copyright 1986-2022 Xilinx, Inc. All Rights Reserved.
------------------------------------------------------------------------------------
| Tool Version : Vivado v.2022.2 (win64) Build 3671981 Fri Oct 14 05:00:03 MDT 2022
| Date         : Mon Jun 15 11:13:32 2026
| Host         : LAPTOP-G40ALRVF running 64-bit major release  (build 9200)
| Command      : report_timing_summary -file V:/reports/timing_summary.rpt
| Design       : poly_mul_top
| Device       : 7a200t-sbg484
| Speed File   : -1  PRODUCTION 1.23 2018-06-13
------------------------------------------------------------------------------------

Timing Summary Report

------------------------------------------------------------------------------------------------
| Timer Settings
| --------------
------------------------------------------------------------------------------------------------

  Enable Multi Corner Analysis               :  Yes
  Enable Pessimism Removal                   :  Yes
  Pessimism Removal Resolution               :  Nearest Common Node
  Enable Input Delay Default Clock           :  No
  Enable Preset / Clear Arcs                 :  No
  Disable Flight Delays                      :  No
  Ignore I/O Paths                           :  No
  Timing Early Launch at Borrowing Latches   :  No
  Borrow Time for Max Delay Exceptions       :  Yes
  Merge Timing Exceptions                    :  Yes

  Corner  Analyze    Analyze    
  Name    Max Paths  Min Paths  
  ------  ---------  ---------  
  Slow    Yes        Yes        
  Fast    Yes        Yes        


------------------------------------------------------------------------------------------------
| Report Methodology
| ------------------
------------------------------------------------------------------------------------------------

No report available as report_methodology has not been run prior. Run report_methodology on the current design for the summary of methodology violations.



check_timing report

Table of Contents
-----------------
1. checking no_clock (0)
2. checking constant_clock (0)
3. checking pulse_width_clock (0)
4. checking unconstrained_internal_endpoints (0)
5. checking no_input_delay (80)
6. checking no_output_delay (66)
7. checking multiple_clock (0)
8. checking generated_clocks (0)
9. checking loops (0)
10. checking partial_input_delay (0)
11. checking partial_output_delay (0)
12. checking latch_loops (0)

1. checking no_clock (0)
------------------------
 There are 0 register/latch pins with no clock.


2. checking constant_clock (0)
------------------------------
 There are 0 register/latch pins with constant_clock.


3. checking pulse_width_clock (0)
---------------------------------
 There are 0 register/latch pins which need pulse_width check


4. checking unconstrained_internal_endpoints (0)
------------------------------------------------
 There are 0 pins that are not constrained for maximum delay.

 There are 0 pins that are not constrained for maximum delay due to constant clock.


5. checking no_input_delay (80)
-------------------------------
 There are 80 input ports with no input delay specified. (HIGH)

 There are 0 input ports with no input delay but user has a false path constraint.


6. checking no_output_delay (66)
--------------------------------
 There are 66 ports with no output delay specified. (HIGH)

 There are 0 ports with no output delay but user has a false path constraint

 There are 0 ports with no output delay but with a timing clock defined on it or propagating through it


7. checking multiple_clock (0)
------------------------------
 There are 0 register/latch pins with multiple clocks.


8. checking generated_clocks (0)
--------------------------------
 There are 0 generated clocks that are not connected to a clock source.


9. checking loops (0)
---------------------
 There are 0 combinational loops in the design.


10. checking partial_input_delay (0)
------------------------------------
 There are 0 input ports with partial input delay specified.


11. checking partial_output_delay (0)
-------------------------------------
 There are 0 ports with partial output delay specified.


12. checking latch_loops (0)
----------------------------
 There are 0 combinational latch loops in the design through latch input



------------------------------------------------------------------------------------------------
| Design Timing Summary
| ---------------------
------------------------------------------------------------------------------------------------

    WNS(ns)      TNS(ns)  TNS Failing Endpoints  TNS Total Endpoints      WHS(ns)      THS(ns)  THS Failing Endpoints  THS Total Endpoints     WPWS(ns)     TPWS(ns)  TPWS Failing Endpoints  TPWS Total Endpoints  
    -------      -------  ---------------------  -------------------      -------      -------  ---------------------  -------------------     --------     --------  ----------------------  --------------------  
     -2.590    -2958.803                   2729               185287        0.070        0.000                      0               185287        3.750        0.000                       0                 54549  


Timing constraints are not met.


------------------------------------------------------------------------------------------------
| Clock Summary
| -------------
------------------------------------------------------------------------------------------------

Clock  Waveform(ns)       Period(ns)      Frequency(MHz)
-----  ------------       ----------      --------------
clk    {0.000 5.000}      10.000          100.000         


------------------------------------------------------------------------------------------------
| Intra Clock Table
| -----------------
------------------------------------------------------------------------------------------------

Clock             WNS(ns)      TNS(ns)  TNS Failing Endpoints  TNS Total Endpoints      WHS(ns)      THS(ns)  THS Failing Endpoints  THS Total Endpoints     WPWS(ns)     TPWS(ns)  TPWS Failing Endpoints  TPWS Total Endpoints  
-----             -------      -------  ---------------------  -------------------      -------      -------  ---------------------  -------------------     --------     --------  ----------------------  --------------------  
clk                -2.590    -2958.803                   2729               185287        0.070        0.000                      0               185287        3.750        0.000                       0                 54549  


------------------------------------------------------------------------------------------------
| Inter Clock Table
| -----------------
------------------------------------------------------------------------------------------------

From Clock    To Clock          WNS(ns)      TNS(ns)  TNS Failing Endpoints  TNS Total Endpoints      WHS(ns)      THS(ns)  THS Failing Endpoints  THS Total Endpoints  
----------    --------          -------      -------  ---------------------  -------------------      -------      -------  ---------------------  -------------------  


------------------------------------------------------------------------------------------------
| Other Path Groups Table
| -----------------------
------------------------------------------------------------------------------------------------

Path Group    From Clock    To Clock          WNS(ns)      TNS(ns)  TNS Failing Endpoints  TNS Total Endpoints      WHS(ns)      THS(ns)  THS Failing Endpoints  THS Total Endpoints  
----------    ----------    --------          -------      -------  ---------------------  -------------------      -------      -------  ---------------------  -------------------  


------------------------------------------------------------------------------------------------
| Timing Details
| --------------
------------------------------------------------------------------------------------------------


---------------------------------------------------------------------------------------------------
From Clock:  clk
  To Clock:  clk

Setup :         2729  Failing Endpoints,  Worst Slack       -2.590ns,  Total Violation    -2958.803ns
Hold  :            0  Failing Endpoints,  Worst Slack        0.070ns,  Total Violation        0.000ns
PW    :            0  Failing Endpoints,  Worst Slack        3.750ns,  Total Violation        0.000ns
---------------------------------------------------------------------------------------------------


Max Delay Paths
--------------------------------------------------------------------------------------
Slack (VIOLATED) :        -2.590ns  (required time - arrival time)
  Source:                 feed_count_reg[10]/C
                            (rising edge-triggered cell FDRE clocked by clk  {rise@0.000ns fall@5.000ns period=10.000ns})
  Destination:            u_core/g_stage[0].u_stage/u_butterfly/u_mul/t_s00/B[10]
                            (rising edge-triggered cell DSP48E1 clocked by clk  {rise@0.000ns fall@5.000ns period=10.000ns})
  Path Group:             clk
  Path Type:              Setup (Max at Slow Process Corner)
  Requirement:            10.000ns  (clk rise@10.000ns - clk rise@0.000ns)
  Data Path Delay:        11.781ns  (logic 5.619ns (47.697%)  route 6.162ns (52.303%))
  Logic Levels:           31  (CARRY4=24 LUT3=1 LUT4=1 LUT5=1 LUT6=1 MUXF7=1 MUXF8=1 RAMD64E=1)
  Clock Path Skew:        -0.145ns (DCD - SCD + CPR)
    Destination Clock Delay (DCD):    2.077ns = ( 12.077 - 10.000 ) 
    Source Clock Delay      (SCD):    2.400ns
    Clock Pessimism Removal (CPR):    0.178ns
  Clock Uncertainty:      0.035ns  ((TSJ^2 + TIJ^2)^1/2 + DJ) / 2 + PE
    Total System Jitter     (TSJ):    0.071ns
    Total Input Jitter      (TIJ):    0.000ns
    Discrete Jitter          (DJ):    0.000ns
    Phase Error              (PE):    0.000ns

    Location             Delay type                Incr(ns)  Path(ns)    Netlist Resource(s)
  -------------------------------------------------------------------    -------------------
                         (clock clk rise edge)        0.000     0.000 r  
                                                      0.000     0.000 r  clk (IN)
                         net (fo=0)                   0.000     0.000    clk
                         IBUF (Prop_ibuf_I_O)         0.920     0.920 r  clk_IBUF_inst/O
                         net (fo=1, unplaced)         0.800     1.720    clk_IBUF
                         BUFG (Prop_bufg_I_O)         0.096     1.816 r  clk_IBUF_BUFG_inst/O
                         net (fo=54824, unplaced)     0.584     2.400    clk_IBUF_BUFG
                         FDRE                                         r  feed_count_reg[10]/C
  -------------------------------------------------------------------    -------------------
                         FDRE (Prop_fdre_C_Q)         0.456     2.856 r  feed_count_reg[10]/Q
                         net (fo=142, unplaced)       1.073     3.929    c_ntt_odd_reg_1408_1471_0_2/ADDRA0
                         RAMD64E (Prop_ramd64e_RADR0_O)
                                                      0.295     4.224 f  c_ntt_odd_reg_1408_1471_0_2/RAMA/O
                         net (fo=1, unplaced)         1.111     5.335    u_core/g_stage[0].u_stage/u_butterfly/u_sub/y1_carry_i_15__0_5
                         LUT6 (Prop_lut6_I1_O)        0.124     5.459 f  u_core/g_stage[0].u_stage/u_butterfly/u_sub/y1_carry_i_24__0/O
                         net (fo=1, unplaced)         0.000     5.459    u_core/g_stage[0].u_stage/u_butterfly/u_sub/y1_carry_i_24__0_n_0
                         MUXF7 (Prop_muxf7_I1_O)      0.245     5.704 f  u_core/g_stage[0].u_stage/u_butterfly/u_sub/y1_carry_i_15__0/O
                         net (fo=1, unplaced)         0.000     5.704    u_core/g_stage[0].u_stage/u_butterfly/u_sub/y1_carry_i_15__0_n_0
                         MUXF8 (Prop_muxf8_I0_O)      0.104     5.808 f  u_core/g_stage[0].u_stage/u_butterfly/u_sub/y1_carry_i_11__4/O
                         net (fo=1, unplaced)         0.611     6.419    u_pre_mul1/i___2_carry_i_6
                         LUT5 (Prop_lut5_I0_O)        0.319     6.738 f  u_pre_mul1/y1_carry_i_9__21/O
                         net (fo=5, unplaced)         0.930     7.668    u_pre_mul0/core_in1[0]
                         LUT4 (Prop_lut4_I1_O)        0.150     7.818 r  u_pre_mul0/y1_carry_i_4__0/O
                         net (fo=1, unplaced)         0.000     7.818    u_core/g_stage[0].u_stage/u_butterfly/u_sub/DI[0]
                         CARRY4 (Prop_carry4_DI[0]_CO[3])
                                                      0.553     8.371 r  u_core/g_stage[0].u_stage/u_butterfly/u_sub/y1_carry/CO[3]
                         net (fo=1, unplaced)         0.009     8.380    u_core/g_stage[0].u_stage/u_butterfly/u_sub/y1_carry_n_0
                         CARRY4 (Prop_carry4_CI_CO[3])
                                                      0.114     8.494 r  u_core/g_stage[0].u_stage/u_butterfly/u_sub/y1_carry__0/CO[3]
                         net (fo=1, unplaced)         0.000     8.494    u_core/g_stage[0].u_stage/u_butterfly/u_sub/y1_carry__0_n_0
                         CARRY4 (Prop_carry4_CI_CO[3])
                                                      0.114     8.608 r  u_core/g_stage[0].u_stage/u_butterfly/u_sub/y1_carry__1/CO[3]
                         net (fo=1, unplaced)         0.000     8.608    u_core/g_stage[0].u_stage/u_butterfly/u_sub/y1_carry__1_n_0
                         CARRY4 (Prop_carry4_CI_CO[3])
                                                      0.114     8.722 r  u_core/g_stage[0].u_stage/u_butterfly/u_sub/y1_carry__2/CO[3]
                         net (fo=1, unplaced)         0.000     8.722    u_core/g_stage[0].u_stage/u_butterfly/u_sub/y1_carry__2_n_0
                         CARRY4 (Prop_carry4_CI_CO[3])
                                                      0.114     8.836 r  u_core/g_stage[0].u_stage/u_butterfly/u_sub/y1_carry__3/CO[3]
                         net (fo=1, unplaced)         0.000     8.836    u_core/g_stage[0].u_stage/u_butterfly/u_sub/y1_carry__3_n_0
                         CARRY4 (Prop_carry4_CI_CO[3])
                                                      0.114     8.950 r  u_core/g_stage[0].u_stage/u_butterfly/u_sub/y1_carry__4/CO[3]
                         net (fo=1, unplaced)         0.000     8.950    u_core/g_stage[0].u_stage/u_butterfly/u_sub/y1_carry__4_n_0
                         CARRY4 (Prop_carry4_CI_CO[3])
                                                      0.114     9.064 r  u_core/g_stage[0].u_stage/u_butterfly/u_sub/y1_carry__5/CO[3]
                         net (fo=1, unplaced)         0.000     9.064    u_core/g_stage[0].u_stage/u_butterfly/u_sub/y1_carry__5_n_0
                         CARRY4 (Prop_carry4_CI_CO[3])
                                                      0.114     9.178 r  u_core/g_stage[0].u_stage/u_butterfly/u_sub/y1_carry__6/CO[3]
                         net (fo=14, unplaced)        0.969    10.147    u_pre_mul0/t_s0_reg_0[0]
                         LUT3 (Prop_lut3_I2_O)        0.124    10.271 r  u_pre_mul0/i___2_carry_i_2/O
                         net (fo=2, unplaced)         0.650    10.921    u_core/g_stage[0].u_stage/u_butterfly/u_sub/t_s00__9[0]
                         CARRY4 (Prop_carry4_DI[1]_CO[3])
                                                      0.507    11.428 r  u_core/g_stage[0].u_stage/u_butterfly/u_sub/_inferred__1/i___2_carry/CO[3]
                         net (fo=1, unplaced)         0.009    11.437    u_core/g_stage[0].u_stage/u_butterfly/u_sub/_inferred__1/i___2_carry_n_0
                         CARRY4 (Prop_carry4_CI_CO[3])
                                                      0.114    11.551 r  u_core/g_stage[0].u_stage/u_butterfly/u_sub/_inferred__1/i___2_carry__0/CO[3]
                         net (fo=1, unplaced)         0.000    11.551    u_core/g_stage[0].u_stage/u_butterfly/u_sub/_inferred__1/i___2_carry__0_n_0
                         CARRY4 (Prop_carry4_CI_CO[3])
                                                      0.114    11.665 r  u_core/g_stage[0].u_stage/u_butterfly/u_sub/_inferred__1/i___2_carry__1/CO[3]
                         net (fo=1, unplaced)         0.000    11.665    u_core/g_stage[0].u_stage/u_butterfly/u_sub/_inferred__1/i___2_carry__1_n_0
                         CARRY4 (Prop_carry4_CI_CO[3])
                                                      0.114    11.779 r  u_core/g_stage[0].u_stage/u_butterfly/u_sub/_inferred__1/i___2_carry__2/CO[3]
                         net (fo=1, unplaced)         0.000    11.779    u_core/g_stage[0].u_stage/u_butterfly/u_sub/_inferred__1/i___2_carry__2_n_0
                         CARRY4 (Prop_carry4_CI_CO[3])
                                                      0.114    11.893 r  u_core/g_stage[0].u_stage/u_butterfly/u_sub/_inferred__1/i___2_carry__3/CO[3]
                         net (fo=1, unplaced)         0.000    11.893    u_core/g_stage[0].u_stage/u_butterfly/u_sub/_inferred__1/i___2_carry__3_n_0
                         CARRY4 (Prop_carry4_CI_CO[3])
                                                      0.114    12.007 r  u_core/g_stage[0].u_stage/u_butterfly/u_sub/_inferred__1/i___2_carry__4/CO[3]
                         net (fo=1, unplaced)         0.000    12.007    u_core/g_stage[0].u_stage/u_butterfly/u_sub/_inferred__1/i___2_carry__4_n_0
                         CARRY4 (Prop_carry4_CI_CO[3])
                                                      0.114    12.121 r  u_core/g_stage[0].u_stage/u_butterfly/u_sub/_inferred__1/i___2_carry__5/CO[3]
                         net (fo=1, unplaced)         0.000    12.121    u_core/g_stage[0].u_stage/u_butterfly/u_sub/_inferred__1/i___2_carry__5_n_0
                         CARRY4 (Prop_carry4_CI_CO[3])
                                                      0.114    12.235 r  u_core/g_stage[0].u_stage/u_butterfly/u_sub/_inferred__1/i___2_carry__6/CO[3]
                         net (fo=1, unplaced)         0.000    12.235    u_core/g_stage[0].u_stage/u_butterfly/u_sub/_inferred__1/i___2_carry__6_n_0
                         CARRY4 (Prop_carry4_CI_CO[3])
                                                      0.114    12.349 r  u_core/g_stage[0].u_stage/u_butterfly/u_sub/_inferred__1/i___2_carry__7/CO[3]
                         net (fo=1, unplaced)         0.000    12.349    u_core/g_stage[0].u_stage/u_butterfly/u_sub/_inferred__1/i___2_carry__7_n_0
                         CARRY4 (Prop_carry4_CI_CO[3])
                                                      0.114    12.463 r  u_core/g_stage[0].u_stage/u_butterfly/u_sub/_inferred__1/i___2_carry__8/CO[3]
                         net (fo=1, unplaced)         0.000    12.463    u_core/g_stage[0].u_stage/u_butterfly/u_sub/_inferred__1/i___2_carry__8_n_0
                         CARRY4 (Prop_carry4_CI_CO[3])
                                                      0.114    12.577 r  u_core/g_stage[0].u_stage/u_butterfly/u_sub/_inferred__1/i___2_carry__9/CO[3]
                         net (fo=1, unplaced)         0.000    12.577    u_core/g_stage[0].u_stage/u_butterfly/u_sub/_inferred__1/i___2_carry__9_n_0
                         CARRY4 (Prop_carry4_CI_CO[3])
                                                      0.114    12.691 r  u_core/g_stage[0].u_stage/u_butterfly/u_sub/_inferred__1/i___2_carry__10/CO[3]
                         net (fo=1, unplaced)         0.000    12.691    u_core/g_stage[0].u_stage/u_butterfly/u_sub/_inferred__1/i___2_carry__10_n_0
                         CARRY4 (Prop_carry4_CI_CO[3])
                                                      0.114    12.805 r  u_core/g_stage[0].u_stage/u_butterfly/u_sub/_inferred__1/i___2_carry__11/CO[3]
                         net (fo=1, unplaced)         0.000    12.805    u_core/g_stage[0].u_stage/u_butterfly/u_sub/_inferred__1/i___2_carry__11_n_0
                         CARRY4 (Prop_carry4_CI_CO[3])
                                                      0.114    12.919 r  u_core/g_stage[0].u_stage/u_butterfly/u_sub/_inferred__1/i___2_carry__12/CO[3]
                         net (fo=1, unplaced)         0.000    12.919    u_core/g_stage[0].u_stage/u_butterfly/u_sub/_inferred__1/i___2_carry__12_n_0
                         CARRY4 (Prop_carry4_CI_CO[3])
                                                      0.114    13.033 r  u_core/g_stage[0].u_stage/u_butterfly/u_sub/_inferred__1/i___2_carry__13/CO[3]
                         net (fo=1, unplaced)         0.000    13.033    u_core/g_stage[0].u_stage/u_butterfly/u_sub/_inferred__1/i___2_carry__13_n_0
                         CARRY4 (Prop_carry4_CI_O[1])
                                                      0.348    13.381 r  u_core/g_stage[0].u_stage/u_butterfly/u_sub/_inferred__1/i___2_carry__14/O[1]
                         net (fo=4, unplaced)         0.800    14.181    u_core/g_stage[0].u_stage/u_butterfly/u_mul/B[10]
                         DSP48E1                                      r  u_core/g_stage[0].u_stage/u_butterfly/u_mul/t_s00/B[10]
  -------------------------------------------------------------------    -------------------

                         (clock clk rise edge)       10.000    10.000 r  
                                                      0.000    10.000 r  clk (IN)
                         net (fo=0)                   0.000    10.000    clk
                         IBUF (Prop_ibuf_I_O)         0.787    10.787 r  clk_IBUF_inst/O
                         net (fo=1, unplaced)         0.760    11.547    clk_IBUF
                         BUFG (Prop_bufg_I_O)         0.091    11.638 r  clk_IBUF_BUFG_inst/O
                         net (fo=54824, unplaced)     0.439    12.077    u_core/g_stage[0].u_stage/u_butterfly/u_mul/clk_IBUF_BUFG
                         DSP48E1                                      r  u_core/g_stage[0].u_stage/u_butterfly/u_mul/t_s00/CLK
                         clock pessimism              0.178    12.255    
                         clock uncertainty           -0.035    12.220    
                         DSP48E1 (Setup_dsp48e1_CLK_B[10])
                                                     -0.629    11.591    u_core/g_stage[0].u_stage/u_butterfly/u_mul/t_s00
  -------------------------------------------------------------------
                         required time                         11.591    
                         arrival time                         -14.181    
  -------------------------------------------------------------------
                         slack                                 -2.590    





Min Delay Paths
--------------------------------------------------------------------------------------
Slack (MET) :             0.070ns  (arrival time - required time)
  Source:                 u_core/g_stage[4].u_stage/g_output_reorder.fifo_a_delay/g_shift.data_pipe_reg[31][0]_srl32___u_core_g_stage_r_30/CLK
                            (rising edge-triggered cell SRLC32E clocked by clk  {rise@0.000ns fall@5.000ns period=10.000ns})
  Destination:            u_core/g_stage[4].u_stage/g_output_reorder.fifo_a_delay/g_shift.data_pipe_reg[61][0]_srl30___u_core_g_stage_r_60/D
                            (rising edge-triggered cell SRLC32E clocked by clk  {rise@0.000ns fall@5.000ns period=10.000ns})
  Path Group:             clk
  Path Type:              Hold (Min at Fast Process Corner)
  Requirement:            0.000ns  (clk rise@0.000ns - clk rise@0.000ns)
  Data Path Delay:        0.332ns  (logic 0.332ns (100.000%)  route 0.000ns (0.000%))
  Logic Levels:           0  
  Clock Path Skew:        0.145ns (DCD - SCD - CPR)
    Destination Clock Delay (DCD):    0.981ns
    Source Clock Delay      (SCD):    0.627ns
    Clock Pessimism Removal (CPR):    0.209ns

    Location             Delay type                Incr(ns)  Path(ns)    Netlist Resource(s)
  -------------------------------------------------------------------    -------------------
                         (clock clk rise edge)        0.000     0.000 r  
                                                      0.000     0.000 r  clk (IN)
                         net (fo=0)                   0.000     0.000    clk
                         IBUF (Prop_ibuf_I_O)         0.150     0.150 r  clk_IBUF_inst/O
                         net (fo=1, unplaced)         0.337     0.487    clk_IBUF
                         BUFG (Prop_bufg_I_O)         0.026     0.513 r  clk_IBUF_BUFG_inst/O
                         net (fo=54824, unplaced)     0.114     0.627    u_core/g_stage[4].u_stage/g_output_reorder.fifo_a_delay/clk_IBUF_BUFG
                         SRLC32E                                      r  u_core/g_stage[4].u_stage/g_output_reorder.fifo_a_delay/g_shift.data_pipe_reg[31][0]_srl32___u_core_g_stage_r_30/CLK
  -------------------------------------------------------------------    -------------------
                         SRLC32E (Prop_srlc32e_CLK_Q31)
                                                      0.332     0.959 r  u_core/g_stage[4].u_stage/g_output_reorder.fifo_a_delay/g_shift.data_pipe_reg[31][0]_srl32___u_core_g_stage_r_30/Q31
                         net (fo=1, unplaced)         0.000     0.959    u_core/g_stage[4].u_stage/g_output_reorder.fifo_a_delay/g_shift.data_pipe_reg[31][0]_srl32___u_core_g_stage_r_30_n_1
                         SRLC32E                                      r  u_core/g_stage[4].u_stage/g_output_reorder.fifo_a_delay/g_shift.data_pipe_reg[61][0]_srl30___u_core_g_stage_r_60/D
  -------------------------------------------------------------------    -------------------

                         (clock clk rise edge)        0.000     0.000 r  
                                                      0.000     0.000 r  clk (IN)
                         net (fo=0)                   0.000     0.000    clk
                         IBUF (Prop_ibuf_I_O)         0.338     0.338 r  clk_IBUF_inst/O
                         net (fo=1, unplaced)         0.355     0.693    clk_IBUF
                         BUFG (Prop_bufg_I_O)         0.029     0.722 r  clk_IBUF_BUFG_inst/O
                         net (fo=54824, unplaced)     0.259     0.981    u_core/g_stage[4].u_stage/g_output_reorder.fifo_a_delay/clk_IBUF_BUFG
                         SRLC32E                                      r  u_core/g_stage[4].u_stage/g_output_reorder.fifo_a_delay/g_shift.data_pipe_reg[61][0]_srl30___u_core_g_stage_r_60/CLK
                         clock pessimism             -0.209     0.772    
                         SRLC32E (Hold_srlc32e_CLK_D)
                                                      0.117     0.889    u_core/g_stage[4].u_stage/g_output_reorder.fifo_a_delay/g_shift.data_pipe_reg[61][0]_srl30___u_core_g_stage_r_60
  -------------------------------------------------------------------
                         required time                         -0.889    
                         arrival time                           0.959    
  -------------------------------------------------------------------
                         slack                                  0.070    





Pulse Width Checks
--------------------------------------------------------------------------------------
Clock Name:         clk
Waveform(ns):       { 0.000 5.000 }
Period(ns):         10.000
Sources:            { clk }

Check Type        Corner  Lib Pin      Reference Pin  Required(ns)  Actual(ns)  Slack(ns)  Location  Pin
Min Period        n/a     DSP48E1/CLK  n/a            3.884         10.000      6.116                u_core/g_stage[0].u_stage/u_butterfly/u_mul/m_s1_reg__0/CLK
Low Pulse Width   Slow    RAMD64E/CLK  n/a            1.250         5.000       3.750                a_bank0_reg_0_63_0_2/RAMA/CLK
High Pulse Width  Slow    RAMD64E/CLK  n/a            1.250         5.000       3.750                a_bank0_reg_0_63_0_2/RAMA/CLK



