Copyright 1986-2022 Xilinx, Inc. All Rights Reserved.
------------------------------------------------------------------------------------
| Tool Version : Vivado v.2022.2 (win64) Build 3671981 Fri Oct 14 05:00:03 MDT 2022
| Date         : Sat Jun 13 19:19:43 2026
| Host         : LAPTOP-G40ALRVF running 64-bit major release  (build 9200)
| Command      : report_timing_summary -file M:/reports/timing_summary.rpt
| Design       : poly_mul_top
| Device       : 7a200t-sbg484
| Speed File   : -1  PRODUCTION 1.23 2018-06-13
------------------------------------------------------------------------------------

Timing Summary Report

------------------------------------------------------------------------------------------------
| Timer Settings
| --------------
------------------------------------------------------------------------------------------------

  Enable Multi Corner Analysis               :  Yes
  Enable Pessimism Removal                   :  Yes
  Pessimism Removal Resolution               :  Nearest Common Node
  Enable Input Delay Default Clock           :  No
  Enable Preset / Clear Arcs                 :  No
  Disable Flight Delays                      :  No
  Ignore I/O Paths                           :  No
  Timing Early Launch at Borrowing Latches   :  No
  Borrow Time for Max Delay Exceptions       :  Yes
  Merge Timing Exceptions                    :  Yes

  Corner  Analyze    Analyze    
  Name    Max Paths  Min Paths  
  ------  ---------  ---------  
  Slow    Yes        Yes        
  Fast    Yes        Yes        


------------------------------------------------------------------------------------------------
| Report Methodology
| ------------------
------------------------------------------------------------------------------------------------

No report available as report_methodology has not been run prior. Run report_methodology on the current design for the summary of methodology violations.



check_timing report

Table of Contents
-----------------
1. checking no_clock (0)
2. checking constant_clock (0)
3. checking pulse_width_clock (0)
4. checking unconstrained_internal_endpoints (0)
5. checking no_input_delay (80)
6. checking no_output_delay (66)
7. checking multiple_clock (0)
8. checking generated_clocks (0)
9. checking loops (0)
10. checking partial_input_delay (0)
11. checking partial_output_delay (0)
12. checking latch_loops (0)

1. checking no_clock (0)
------------------------
 There are 0 register/latch pins with no clock.


2. checking constant_clock (0)
------------------------------
 There are 0 register/latch pins with constant_clock.


3. checking pulse_width_clock (0)
---------------------------------
 There are 0 register/latch pins which need pulse_width check


4. checking unconstrained_internal_endpoints (0)
------------------------------------------------
 There are 0 pins that are not constrained for maximum delay.

 There are 0 pins that are not constrained for maximum delay due to constant clock.


5. checking no_input_delay (80)
-------------------------------
 There are 80 input ports with no input delay specified. (HIGH)

 There are 0 input ports with no input delay but user has a false path constraint.


6. checking no_output_delay (66)
--------------------------------
 There are 66 ports with no output delay specified. (HIGH)

 There are 0 ports with no output delay but user has a false path constraint

 There are 0 ports with no output delay but with a timing clock defined on it or propagating through it


7. checking multiple_clock (0)
------------------------------
 There are 0 register/latch pins with multiple clocks.


8. checking generated_clocks (0)
--------------------------------
 There are 0 generated clocks that are not connected to a clock source.


9. checking loops (0)
---------------------
 There are 0 combinational loops in the design.


10. checking partial_input_delay (0)
------------------------------------
 There are 0 input ports with partial input delay specified.


11. checking partial_output_delay (0)
-------------------------------------
 There are 0 ports with partial output delay specified.


12. checking latch_loops (0)
----------------------------
 There are 0 combinational latch loops in the design through latch input



------------------------------------------------------------------------------------------------
| Design Timing Summary
| ---------------------
------------------------------------------------------------------------------------------------

    WNS(ns)      TNS(ns)  TNS Failing Endpoints  TNS Total Endpoints      WHS(ns)      THS(ns)  THS Failing Endpoints  THS Total Endpoints     WPWS(ns)     TPWS(ns)  TPWS Failing Endpoints  TPWS Total Endpoints  
    -------      -------  ---------------------  -------------------      -------      -------  ---------------------  -------------------     --------     --------  ----------------------  --------------------  
    -21.706   -67897.711                   8299               233441        0.072        0.000                      0               233441        3.750        0.000                       0                 44901  


Timing constraints are not met.


------------------------------------------------------------------------------------------------
| Clock Summary
| -------------
------------------------------------------------------------------------------------------------

Clock  Waveform(ns)       Period(ns)      Frequency(MHz)
-----  ------------       ----------      --------------
clk    {0.000 5.000}      10.000          100.000         


------------------------------------------------------------------------------------------------
| Intra Clock Table
| -----------------
------------------------------------------------------------------------------------------------

Clock             WNS(ns)      TNS(ns)  TNS Failing Endpoints  TNS Total Endpoints      WHS(ns)      THS(ns)  THS Failing Endpoints  THS Total Endpoints     WPWS(ns)     TPWS(ns)  TPWS Failing Endpoints  TPWS Total Endpoints  
-----             -------      -------  ---------------------  -------------------      -------      -------  ---------------------  -------------------     --------     --------  ----------------------  --------------------  
clk               -21.706   -67897.711                   8299               233441        0.072        0.000                      0               233441        3.750        0.000                       0                 44901  


------------------------------------------------------------------------------------------------
| Inter Clock Table
| -----------------
------------------------------------------------------------------------------------------------

From Clock    To Clock          WNS(ns)      TNS(ns)  TNS Failing Endpoints  TNS Total Endpoints      WHS(ns)      THS(ns)  THS Failing Endpoints  THS Total Endpoints  
----------    --------          -------      -------  ---------------------  -------------------      -------      -------  ---------------------  -------------------  


------------------------------------------------------------------------------------------------
| Other Path Groups Table
| -----------------------
------------------------------------------------------------------------------------------------

Path Group    From Clock    To Clock          WNS(ns)      TNS(ns)  TNS Failing Endpoints  TNS Total Endpoints      WHS(ns)      THS(ns)  THS Failing Endpoints  THS Total Endpoints  
----------    ----------    --------          -------      -------  ---------------------  -------------------      -------      -------  ---------------------  -------------------  


------------------------------------------------------------------------------------------------
| Timing Details
| --------------
------------------------------------------------------------------------------------------------


---------------------------------------------------------------------------------------------------
From Clock:  clk
  To Clock:  clk

Setup :         8299  Failing Endpoints,  Worst Slack      -21.706ns,  Total Violation   -67897.709ns
Hold  :            0  Failing Endpoints,  Worst Slack        0.072ns,  Total Violation        0.000ns
PW    :            0  Failing Endpoints,  Worst Slack        3.750ns,  Total Violation        0.000ns
---------------------------------------------------------------------------------------------------


Max Delay Paths
--------------------------------------------------------------------------------------
Slack (VIOLATED) :        -21.706ns  (required time - arrival time)
  Source:                 u_core/g_stage[0].u_stage/u_butterfly/u_mul/sum_s12__5/CLK
                            (rising edge-triggered cell DSP48E1 clocked by clk  {rise@0.000ns fall@5.000ns period=10.000ns})
  Destination:            u_core/g_stage[0].u_stage/u_butterfly/u_mul/sum_s1_reg[128]/D
                            (rising edge-triggered cell FDRE clocked by clk  {rise@0.000ns fall@5.000ns period=10.000ns})
  Path Group:             clk
  Path Type:              Setup (Max at Slow Process Corner)
  Requirement:            10.000ns  (clk rise@10.000ns - clk rise@0.000ns)
  Data Path Delay:        31.572ns  (logic 22.777ns (72.143%)  route 8.795ns (27.857%))
  Logic Levels:           44  (CARRY4=29 DSP48E1=4 LUT2=3 LUT3=4 LUT4=4)
  Clock Path Skew:        -0.145ns (DCD - SCD + CPR)
    Destination Clock Delay (DCD):    2.077ns = ( 12.077 - 10.000 ) 
    Source Clock Delay      (SCD):    2.400ns
    Clock Pessimism Removal (CPR):    0.178ns
  Clock Uncertainty:      0.035ns  ((TSJ^2 + TIJ^2)^1/2 + DJ) / 2 + PE
    Total System Jitter     (TSJ):    0.071ns
    Total Input Jitter      (TIJ):    0.000ns
    Discrete Jitter          (DJ):    0.000ns
    Phase Error              (PE):    0.000ns

    Location             Delay type                Incr(ns)  Path(ns)    Netlist Resource(s)
  -------------------------------------------------------------------    -------------------
                         (clock clk rise edge)        0.000     0.000 r  
                                                      0.000     0.000 r  clk (IN)
                         net (fo=0)                   0.000     0.000    clk
                         IBUF (Prop_ibuf_I_O)         0.920     0.920 r  clk_IBUF_inst/O
                         net (fo=1, unplaced)         0.800     1.720    clk_IBUF
                         BUFG (Prop_bufg_I_O)         0.096     1.816 r  clk_IBUF_BUFG_inst/O
                         net (fo=44998, unplaced)     0.584     2.400    u_core/g_stage[0].u_stage/u_butterfly/u_mul/clk_IBUF_BUFG
                         DSP48E1                                      r  u_core/g_stage[0].u_stage/u_butterfly/u_mul/sum_s12__5/CLK
  -------------------------------------------------------------------    -------------------
                         DSP48E1 (Prop_dsp48e1_CLK_PCOUT[47])
                                                      4.206     6.606 r  u_core/g_stage[0].u_stage/u_butterfly/u_mul/sum_s12__5/PCOUT[47]
                         net (fo=1, unplaced)         0.055     6.661    u_core/g_stage[0].u_stage/u_butterfly/u_mul/sum_s12__5_n_106
                         DSP48E1 (Prop_dsp48e1_PCIN[47]_PCOUT[47])
                                                      1.713     8.374 r  u_core/g_stage[0].u_stage/u_butterfly/u_mul/sum_s12__6/PCOUT[47]
                         net (fo=1, unplaced)         0.000     8.374    u_core/g_stage[0].u_stage/u_butterfly/u_mul/sum_s12__6_n_106
                         DSP48E1 (Prop_dsp48e1_PCIN[47]_PCOUT[47])
                                                      1.713    10.087 r  u_core/g_stage[0].u_stage/u_butterfly/u_mul/sum_s12__7/PCOUT[47]
                         net (fo=1, unplaced)         0.000    10.087    u_core/g_stage[0].u_stage/u_butterfly/u_mul/sum_s12__7_n_106
                         DSP48E1 (Prop_dsp48e1_PCIN[47]_P[0])
                                                      1.518    11.605 r  u_core/g_stage[0].u_stage/u_butterfly/u_mul/sum_s12__8/P[0]
                         net (fo=2, unplaced)         0.800    12.405    u_core/g_stage[0].u_stage/u_butterfly/u_mul/sum_s12__8_0[0]
                         LUT2 (Prop_lut2_I0_O)        0.124    12.529 r  u_core/g_stage[0].u_stage/u_butterfly/u_mul/sum_s11__0_i_31/O
                         net (fo=1, unplaced)         0.000    12.529    u_core_n_4162
                         CARRY4 (Prop_carry4_S[1]_CO[3])
                                                      0.550    13.079 r  u_butterfly/u_mul/sum_s11__0_i_4/CO[3]
                         net (fo=1, unplaced)         0.009    13.088    u_butterfly/u_mul/sum_s11__0_i_4_n_0
                         CARRY4 (Prop_carry4_CI_CO[3])
                                                      0.114    13.202 r  u_butterfly/u_mul/sum_s11__0_i_3/CO[3]
                         net (fo=1, unplaced)         0.000    13.202    u_butterfly/u_mul/sum_s11__0_i_3_n_0
                         CARRY4 (Prop_carry4_CI_O[1])
                                                      0.348    13.550 r  u_butterfly/u_mul/sum_s11__0_i_2/O[1]
                         net (fo=31, unplaced)        0.681    14.231    u_butterfly/u_mul/sum_s11__0_i_2_n_6
                         LUT2 (Prop_lut2_I0_O)        0.306    14.537 r  sum_s11_i_269/O
                         net (fo=1, unplaced)         0.000    14.537    sum_s11_i_269_n_0
                         CARRY4 (Prop_carry4_S[1]_CO[3])
                                                      0.550    15.087 r  u_butterfly/u_mul/sum_s11_i_220/CO[3]
                         net (fo=1, unplaced)         0.000    15.087    u_butterfly/u_mul/sum_s11_i_220_n_0
                         CARRY4 (Prop_carry4_CI_O[3])
                                                      0.329    15.416 r  u_butterfly/u_mul/sum_s11__203_carry__11_i_130/O[3]
                         net (fo=2, unplaced)         0.629    16.045    u_butterfly/u_mul/sum_s11__203_carry__11_i_130_n_4
                         LUT3 (Prop_lut3_I2_O)        0.300    16.345 r  u_butterfly/u_mul/sum_s11__203_carry__11_i_92/O
                         net (fo=2, unplaced)         0.653    16.998    u_butterfly/u_mul/sum_s11__203_carry__11_i_92_n_0
                         LUT4 (Prop_lut4_I3_O)        0.332    17.330 r  u_butterfly/u_mul/sum_s11__203_carry__11_i_96/O
                         net (fo=1, unplaced)         0.000    17.330    u_butterfly/u_mul/sum_s11__203_carry__11_i_96_n_0
                         CARRY4 (Prop_carry4_S[0]_CO[3])
                                                      0.532    17.862 r  u_butterfly/u_mul/sum_s11__203_carry__11_i_43/CO[3]
                         net (fo=1, unplaced)         0.000    17.862    u_butterfly/u_mul/sum_s11__203_carry__11_i_43_n_0
                         CARRY4 (Prop_carry4_CI_O[3])
                                                      0.329    18.191 r  u_butterfly/u_mul/sum_s11__203_carry__11_i_40/O[3]
                         net (fo=2, unplaced)         0.432    18.623    u_butterfly/u_mul/sum_s11__203_carry__11_i_40_n_4
                         LUT3 (Prop_lut3_I0_O)        0.332    18.955 r  u_butterfly/u_mul/sum_s11__203_carry__11_i_22/O
                         net (fo=2, unplaced)         0.653    19.608    u_butterfly/u_mul/sum_s11__203_carry__11_i_22_n_0
                         LUT4 (Prop_lut4_I3_O)        0.332    19.940 r  u_butterfly/u_mul/sum_s11__203_carry__11_i_26/O
                         net (fo=1, unplaced)         0.000    19.940    u_butterfly/u_mul/sum_s11__203_carry__11_i_26_n_0
                         CARRY4 (Prop_carry4_S[0]_CO[3])
                                                      0.532    20.472 r  u_butterfly/u_mul/sum_s11__203_carry__11_i_9/CO[3]
                         net (fo=1, unplaced)         0.000    20.472    u_butterfly/u_mul/sum_s11__203_carry__11_i_9_n_0
                         CARRY4 (Prop_carry4_CI_O[1])
                                                      0.348    20.820 r  u_butterfly/u_mul/sum_s11__203_carry__12_i_8/O[1]
                         net (fo=12, unplaced)        0.763    21.583    u_butterfly/u_mul/sum_s11__203_carry__12_i_8_n_6
                         CARRY4 (Prop_carry4_S[1]_CO[3])
                                                      0.854    22.437 r  u_butterfly/u_mul/sum_s11_i_7/CO[3]
                         net (fo=1, unplaced)         0.000    22.437    u_butterfly/u_mul/sum_s11_i_7_n_0
                         CARRY4 (Prop_carry4_CI_CO[3])
                                                      0.114    22.551 r  u_butterfly/u_mul/sum_s11_i_6/CO[3]
                         net (fo=1, unplaced)         0.000    22.551    u_core/g_stage[0].u_stage/u_butterfly/u_mul/sum_s11_1[0]
                         CARRY4 (Prop_carry4_CI_O[1])
                                                      0.348    22.899 r  u_core/g_stage[0].u_stage/u_butterfly/u_mul/sum_s11_i_5/O[1]
                         net (fo=1, unplaced)         0.800    23.699    u_core/g_stage[0].u_stage/u_butterfly/u_mul/PCIN__0[45]
                         DSP48E1 (Prop_dsp48e1_C[45]_P[18])
                                                      1.999    25.698 r  u_core/g_stage[0].u_stage/u_butterfly/u_mul/sum_s11/P[18]
                         net (fo=3, unplaced)         0.800    26.497    u_core/g_stage[0].u_stage/u_butterfly/u_mul/sum_s11_n_87
                         LUT3 (Prop_lut3_I2_O)        0.149    26.646 r  u_core/g_stage[0].u_stage/u_butterfly/u_mul/sum_s11__203_carry__4_i_4/O
                         net (fo=2, unplaced)         0.653    27.299    u_core/g_stage[0].u_stage/u_butterfly/u_mul/sum_s11__203_carry__4_i_4_n_0
                         LUT4 (Prop_lut4_I3_O)        0.332    27.631 r  u_core/g_stage[0].u_stage/u_butterfly/u_mul/sum_s11__203_carry__4_i_8/O
                         net (fo=1, unplaced)         0.000    27.631    u_core/g_stage[0].u_stage/u_butterfly/u_mul/sum_s11__203_carry__4_i_8_n_0
                         CARRY4 (Prop_carry4_S[0]_CO[3])
                                                      0.532    28.163 r  u_core/g_stage[0].u_stage/u_butterfly/u_mul/sum_s11__203_carry__4/CO[3]
                         net (fo=1, unplaced)         0.000    28.163    u_core/g_stage[0].u_stage/u_butterfly/u_mul/sum_s11__203_carry__4_n_0
                         CARRY4 (Prop_carry4_CI_CO[3])
                                                      0.114    28.277 r  u_core/g_stage[0].u_stage/u_butterfly/u_mul/sum_s11__203_carry__5/CO[3]
                         net (fo=1, unplaced)         0.000    28.277    u_core/g_stage[0].u_stage/u_butterfly/u_mul/sum_s11__203_carry__5_n_0
                         CARRY4 (Prop_carry4_CI_O[3])
                                                      0.329    28.606 r  u_core/g_stage[0].u_stage/u_butterfly/u_mul/sum_s11__203_carry__6/O[3]
                         net (fo=2, unplaced)         0.629    29.235    u_core/g_stage[0].u_stage/u_butterfly/u_mul/sum_s11__203_carry__6_n_4
                         LUT3 (Prop_lut3_I1_O)        0.303    29.538 r  u_core/g_stage[0].u_stage/u_butterfly/u_mul/sum_s11__403_carry__6_i_1/O
                         net (fo=2, unplaced)         0.621    30.159    u_core/g_stage[0].u_stage/u_butterfly/u_mul/sum_s11__403_carry__6_i_1_n_0
                         LUT4 (Prop_lut4_I0_O)        0.327    30.486 r  u_core/g_stage[0].u_stage/u_butterfly/u_mul/sum_s11__403_carry__6_i_5/O
                         net (fo=1, unplaced)         0.000    30.486    u_core/g_stage[0].u_stage/u_butterfly/u_mul/sum_s11__403_carry__6_i_5_n_0
                         CARRY4 (Prop_carry4_S[3]_CO[3])
                                                      0.401    30.887 r  u_core/g_stage[0].u_stage/u_butterfly/u_mul/sum_s11__403_carry__6/CO[3]
                         net (fo=1, unplaced)         0.000    30.887    u_core/g_stage[0].u_stage/u_butterfly/u_mul/sum_s11__403_carry__6_n_0
                         CARRY4 (Prop_carry4_CI_CO[3])
                                                      0.114    31.001 r  u_core/g_stage[0].u_stage/u_butterfly/u_mul/sum_s11__403_carry__7/CO[3]
                         net (fo=1, unplaced)         0.000    31.001    u_core/g_stage[0].u_stage/u_butterfly/u_mul/sum_s11__403_carry__7_n_0
                         CARRY4 (Prop_carry4_CI_CO[3])
                                                      0.114    31.115 r  u_core/g_stage[0].u_stage/u_butterfly/u_mul/sum_s11__403_carry__8/CO[3]
                         net (fo=1, unplaced)         0.000    31.115    u_core/g_stage[0].u_stage/u_butterfly/u_mul/sum_s11__403_carry__8_n_0
                         CARRY4 (Prop_carry4_CI_CO[3])
                                                      0.114    31.229 r  u_core/g_stage[0].u_stage/u_butterfly/u_mul/sum_s11__403_carry__9/CO[3]
                         net (fo=1, unplaced)         0.000    31.229    u_core/g_stage[0].u_stage/u_butterfly/u_mul/sum_s11__403_carry__9_n_0
                         CARRY4 (Prop_carry4_CI_CO[3])
                                                      0.114    31.343 r  u_core/g_stage[0].u_stage/u_butterfly/u_mul/sum_s11__403_carry__10/CO[3]
                         net (fo=1, unplaced)         0.000    31.343    u_core/g_stage[0].u_stage/u_butterfly/u_mul/sum_s11__403_carry__10_n_0
                         CARRY4 (Prop_carry4_CI_CO[3])
                                                      0.114    31.457 r  u_core/g_stage[0].u_stage/u_butterfly/u_mul/sum_s11__403_carry__11/CO[3]
                         net (fo=1, unplaced)         0.000    31.457    u_core/g_stage[0].u_stage/u_butterfly/u_mul/sum_s11__403_carry__11_n_0
                         CARRY4 (Prop_carry4_CI_CO[3])
                                                      0.114    31.571 r  u_core/g_stage[0].u_stage/u_butterfly/u_mul/sum_s11__403_carry__12/CO[3]
                         net (fo=1, unplaced)         0.000    31.571    u_core/g_stage[0].u_stage/u_butterfly/u_mul/sum_s11__403_carry__12_n_0
                         CARRY4 (Prop_carry4_CI_CO[3])
                                                      0.114    31.685 r  u_core/g_stage[0].u_stage/u_butterfly/u_mul/sum_s11__403_carry__13/CO[3]
                         net (fo=1, unplaced)         0.000    31.685    u_core/g_stage[0].u_stage/u_butterfly/u_mul/sum_s11__403_carry__13_n_0
                         CARRY4 (Prop_carry4_CI_CO[3])
                                                      0.114    31.799 r  u_core/g_stage[0].u_stage/u_butterfly/u_mul/sum_s11__403_carry__14/CO[3]
                         net (fo=1, unplaced)         0.000    31.799    u_core/g_stage[0].u_stage/u_butterfly/u_mul/sum_s11__403_carry__14_n_0
                         CARRY4 (Prop_carry4_CI_CO[3])
                                                      0.114    31.913 r  u_core/g_stage[0].u_stage/u_butterfly/u_mul/sum_s11__403_carry__15/CO[3]
                         net (fo=1, unplaced)         0.000    31.913    u_core/g_stage[0].u_stage/u_butterfly/u_mul/sum_s11__403_carry__15_n_0
                         CARRY4 (Prop_carry4_CI_O[3])
                                                      0.329    32.242 r  u_core/g_stage[0].u_stage/u_butterfly/u_mul/sum_s11__403_carry__16/O[3]
                         net (fo=1, unplaced)         0.618    32.860    u_core/g_stage[0].u_stage/u_butterfly/u_mul/sum_s11__403_carry__16_n_4
                         LUT2 (Prop_lut2_I1_O)        0.307    33.167 r  u_core/g_stage[0].u_stage/u_butterfly/u_mul/sum_s1[123]_i_3/O
                         net (fo=1, unplaced)         0.000    33.167    u_core/g_stage[0].u_stage/u_butterfly/u_mul/sum_s1[123]_i_3_n_0
                         CARRY4 (Prop_carry4_S[2]_CO[3])
                                                      0.398    33.565 r  u_core/g_stage[0].u_stage/u_butterfly/u_mul/sum_s1_reg[123]_i_1/CO[3]
                         net (fo=1, unplaced)         0.000    33.565    u_core/g_stage[0].u_stage/u_butterfly/u_mul/sum_s1_reg[123]_i_1_n_0
                         CARRY4 (Prop_carry4_CI_CO[3])
                                                      0.114    33.679 r  u_core/g_stage[0].u_stage/u_butterfly/u_mul/sum_s1_reg[127]_i_1/CO[3]
                         net (fo=1, unplaced)         0.000    33.679    u_core/g_stage[0].u_stage/u_butterfly/u_mul/sum_s1_reg[127]_i_1_n_0
                         CARRY4 (Prop_carry4_CI_CO[0])
                                                      0.293    33.972 r  u_core/g_stage[0].u_stage/u_butterfly/u_mul/sum_s1_reg[128]_i_1/CO[0]
                         net (fo=1, unplaced)         0.000    33.972    u_core/g_stage[0].u_stage/u_butterfly/u_mul/p_1_in[128]
                         FDRE                                         r  u_core/g_stage[0].u_stage/u_butterfly/u_mul/sum_s1_reg[128]/D
  -------------------------------------------------------------------    -------------------

                         (clock clk rise edge)       10.000    10.000 r  
                                                      0.000    10.000 r  clk (IN)
                         net (fo=0)                   0.000    10.000    clk
                         IBUF (Prop_ibuf_I_O)         0.787    10.787 r  clk_IBUF_inst/O
                         net (fo=1, unplaced)         0.760    11.547    clk_IBUF
                         BUFG (Prop_bufg_I_O)         0.091    11.638 r  clk_IBUF_BUFG_inst/O
                         net (fo=44998, unplaced)     0.439    12.077    u_core/g_stage[0].u_stage/u_butterfly/u_mul/clk_IBUF_BUFG
                         FDRE                                         r  u_core/g_stage[0].u_stage/u_butterfly/u_mul/sum_s1_reg[128]/C
                         clock pessimism              0.178    12.255    
                         clock uncertainty           -0.035    12.220    
                         FDRE (Setup_fdre_C_D)        0.046    12.266    u_core/g_stage[0].u_stage/u_butterfly/u_mul/sum_s1_reg[128]
  -------------------------------------------------------------------
                         required time                         12.266    
                         arrival time                         -33.972    
  -------------------------------------------------------------------
                         slack                                -21.706    





Min Delay Paths
--------------------------------------------------------------------------------------
Slack (MET) :             0.072ns  (arrival time - required time)
  Source:                 u_core/g_stage[4].u_stage/u_butterfly/u_mul/y_reg[0]/C
                            (rising edge-triggered cell FDRE clocked by clk  {rise@0.000ns fall@5.000ns period=10.000ns})
  Destination:            u_core/g_stage[4].u_stage/g_output_reorder.fifo_a_reg_0_63_0_0/DP/I
                            (rising edge-triggered cell RAMD64E clocked by clk  {rise@0.000ns fall@5.000ns period=10.000ns})
  Path Group:             clk
  Path Type:              Hold (Min at Fast Process Corner)
  Requirement:            0.000ns  (clk rise@0.000ns - clk rise@0.000ns)
  Data Path Delay:        0.308ns  (logic 0.141ns (45.854%)  route 0.167ns (54.146%))
  Logic Levels:           0  
  Clock Path Skew:        0.145ns (DCD - SCD - CPR)
    Destination Clock Delay (DCD):    0.981ns
    Source Clock Delay      (SCD):    0.627ns
    Clock Pessimism Removal (CPR):    0.209ns

    Location             Delay type                Incr(ns)  Path(ns)    Netlist Resource(s)
  -------------------------------------------------------------------    -------------------
                         (clock clk rise edge)        0.000     0.000 r  
                                                      0.000     0.000 r  clk (IN)
                         net (fo=0)                   0.000     0.000    clk
                         IBUF (Prop_ibuf_I_O)         0.150     0.150 r  clk_IBUF_inst/O
                         net (fo=1, unplaced)         0.337     0.487    clk_IBUF
                         BUFG (Prop_bufg_I_O)         0.026     0.513 r  clk_IBUF_BUFG_inst/O
                         net (fo=44998, unplaced)     0.114     0.627    u_core/g_stage[4].u_stage/u_butterfly/u_mul/clk_IBUF_BUFG
                         FDRE                                         r  u_core/g_stage[4].u_stage/u_butterfly/u_mul/y_reg[0]/C
  -------------------------------------------------------------------    -------------------
                         FDRE (Prop_fdre_C_Q)         0.141     0.768 r  u_core/g_stage[4].u_stage/u_butterfly/u_mul/y_reg[0]/Q
                         net (fo=2, unplaced)         0.167     0.934    u_core/g_stage[4].u_stage/g_output_reorder.fifo_a_reg_0_63_0_0/D
                         RAMD64E                                      r  u_core/g_stage[4].u_stage/g_output_reorder.fifo_a_reg_0_63_0_0/DP/I
  -------------------------------------------------------------------    -------------------

                         (clock clk rise edge)        0.000     0.000 r  
                                                      0.000     0.000 r  clk (IN)
                         net (fo=0)                   0.000     0.000    clk
                         IBUF (Prop_ibuf_I_O)         0.338     0.338 r  clk_IBUF_inst/O
                         net (fo=1, unplaced)         0.355     0.693    clk_IBUF
                         BUFG (Prop_bufg_I_O)         0.029     0.722 r  clk_IBUF_BUFG_inst/O
                         net (fo=44998, unplaced)     0.259     0.981    u_core/g_stage[4].u_stage/g_output_reorder.fifo_a_reg_0_63_0_0/WCLK
                         RAMD64E                                      r  u_core/g_stage[4].u_stage/g_output_reorder.fifo_a_reg_0_63_0_0/DP/CLK
                         clock pessimism             -0.209     0.772    
                         RAMD64E (Hold_ramd64e_CLK_I)
                                                      0.091     0.863    u_core/g_stage[4].u_stage/g_output_reorder.fifo_a_reg_0_63_0_0/DP
  -------------------------------------------------------------------
                         required time                         -0.863    
                         arrival time                           0.934    
  -------------------------------------------------------------------
                         slack                                  0.072    





Pulse Width Checks
--------------------------------------------------------------------------------------
Clock Name:         clk
Waveform(ns):       { 0.000 5.000 }
Period(ns):         10.000
Sources:            { clk }

Check Type        Corner  Lib Pin      Reference Pin  Required(ns)  Actual(ns)  Slack(ns)  Location  Pin
Min Period        n/a     BUFG/I       n/a            2.155         10.000      7.845                clk_IBUF_BUFG_inst/I
Low Pulse Width   Slow    RAMD64E/CLK  n/a            1.250         5.000       3.750                a_bank0_reg_0_63_0_2/RAMA/CLK
High Pulse Width  Slow    RAMD64E/CLK  n/a            1.250         5.000       3.750                a_bank0_reg_0_63_0_2/RAMA/CLK



