Copyright 1986-2022 Xilinx, Inc. All Rights Reserved.
-------------------------------------------------------------------------------------------
| Tool Version : Vivado v.2022.2 (win64) Build 3671981 Fri Oct 14 05:00:03 MDT 2022
| Date         : Fri Jun 26 15:27:43 2026
| Host         : LAPTOP-G40ALRVF running 64-bit major release  (build 9200)
| Command      : report_timing_summary -file D:/MDC-NTT/reports/timing_gs_mdc_core_old.rpt
| Design       : gs_mdc_core
| Device       : 7a200t-sbg484
| Speed File   : -1  PRODUCTION 1.23 2018-06-13
-------------------------------------------------------------------------------------------

Timing Summary Report

------------------------------------------------------------------------------------------------
| Timer Settings
| --------------
------------------------------------------------------------------------------------------------

  Enable Multi Corner Analysis               :  Yes
  Enable Pessimism Removal                   :  Yes
  Pessimism Removal Resolution               :  Nearest Common Node
  Enable Input Delay Default Clock           :  No
  Enable Preset / Clear Arcs                 :  No
  Disable Flight Delays                      :  No
  Ignore I/O Paths                           :  No
  Timing Early Launch at Borrowing Latches   :  No
  Borrow Time for Max Delay Exceptions       :  Yes
  Merge Timing Exceptions                    :  Yes

  Corner  Analyze    Analyze    
  Name    Max Paths  Min Paths  
  ------  ---------  ---------  
  Slow    Yes        Yes        
  Fast    Yes        Yes        


------------------------------------------------------------------------------------------------
| Report Methodology
| ------------------
------------------------------------------------------------------------------------------------

No report available as report_methodology has not been run prior. Run report_methodology on the current design for the summary of methodology violations.



check_timing report

Table of Contents
-----------------
1. checking no_clock (0)
2. checking constant_clock (0)
3. checking pulse_width_clock (0)
4. checking unconstrained_internal_endpoints (0)
5. checking no_input_delay (133)
6. checking no_output_delay (130)
7. checking multiple_clock (0)
8. checking generated_clocks (0)
9. checking loops (0)
10. checking partial_input_delay (0)
11. checking partial_output_delay (0)
12. checking latch_loops (0)

1. checking no_clock (0)
------------------------
 There are 0 register/latch pins with no clock.


2. checking constant_clock (0)
------------------------------
 There are 0 register/latch pins with constant_clock.


3. checking pulse_width_clock (0)
---------------------------------
 There are 0 register/latch pins which need pulse_width check


4. checking unconstrained_internal_endpoints (0)
------------------------------------------------
 There are 0 pins that are not constrained for maximum delay.

 There are 0 pins that are not constrained for maximum delay due to constant clock.


5. checking no_input_delay (133)
--------------------------------
 There are 133 input ports with no input delay specified. (HIGH)

 There are 0 input ports with no input delay but user has a false path constraint.


6. checking no_output_delay (130)
---------------------------------
 There are 130 ports with no output delay specified. (HIGH)

 There are 0 ports with no output delay but user has a false path constraint

 There are 0 ports with no output delay but with a timing clock defined on it or propagating through it


7. checking multiple_clock (0)
------------------------------
 There are 0 register/latch pins with multiple clocks.


8. checking generated_clocks (0)
--------------------------------
 There are 0 generated clocks that are not connected to a clock source.


9. checking loops (0)
---------------------
 There are 0 combinational loops in the design.


10. checking partial_input_delay (0)
------------------------------------
 There are 0 input ports with partial input delay specified.


11. checking partial_output_delay (0)
-------------------------------------
 There are 0 ports with partial output delay specified.


12. checking latch_loops (0)
----------------------------
 There are 0 combinational latch loops in the design through latch input



------------------------------------------------------------------------------------------------
| Design Timing Summary
| ---------------------
------------------------------------------------------------------------------------------------

    WNS(ns)      TNS(ns)  TNS Failing Endpoints  TNS Total Endpoints      WHS(ns)      THS(ns)  THS Failing Endpoints  THS Total Endpoints     WPWS(ns)     TPWS(ns)  TPWS Failing Endpoints  TPWS Total Endpoints  
    -------      -------  ---------------------  -------------------      -------      -------  ---------------------  -------------------     --------     --------  ----------------------  --------------------  
      0.733        0.000                      0                37812        0.070        0.000                      0                37812        4.020        0.000                       0                 25876  


All user specified timing constraints are met.


------------------------------------------------------------------------------------------------
| Clock Summary
| -------------
------------------------------------------------------------------------------------------------

Clock  Waveform(ns)       Period(ns)      Frequency(MHz)
-----  ------------       ----------      --------------
clk    {0.000 5.000}      10.000          100.000         


------------------------------------------------------------------------------------------------
| Intra Clock Table
| -----------------
------------------------------------------------------------------------------------------------

Clock             WNS(ns)      TNS(ns)  TNS Failing Endpoints  TNS Total Endpoints      WHS(ns)      THS(ns)  THS Failing Endpoints  THS Total Endpoints     WPWS(ns)     TPWS(ns)  TPWS Failing Endpoints  TPWS Total Endpoints  
-----             -------      -------  ---------------------  -------------------      -------      -------  ---------------------  -------------------     --------     --------  ----------------------  --------------------  
clk                 0.733        0.000                      0                37812        0.070        0.000                      0                37812        4.020        0.000                       0                 25876  


------------------------------------------------------------------------------------------------
| Inter Clock Table
| -----------------
------------------------------------------------------------------------------------------------

From Clock    To Clock          WNS(ns)      TNS(ns)  TNS Failing Endpoints  TNS Total Endpoints      WHS(ns)      THS(ns)  THS Failing Endpoints  THS Total Endpoints  
----------    --------          -------      -------  ---------------------  -------------------      -------      -------  ---------------------  -------------------  


------------------------------------------------------------------------------------------------
| Other Path Groups Table
| -----------------------
------------------------------------------------------------------------------------------------

Path Group    From Clock    To Clock          WNS(ns)      TNS(ns)  TNS Failing Endpoints  TNS Total Endpoints      WHS(ns)      THS(ns)  THS Failing Endpoints  THS Total Endpoints  
----------    ----------    --------          -------      -------  ---------------------  -------------------      -------      -------  ---------------------  -------------------  


------------------------------------------------------------------------------------------------
| Timing Details
| --------------
------------------------------------------------------------------------------------------------


---------------------------------------------------------------------------------------------------
From Clock:  clk
  To Clock:  clk

Setup :            0  Failing Endpoints,  Worst Slack        0.733ns,  Total Violation        0.000ns
Hold  :            0  Failing Endpoints,  Worst Slack        0.070ns,  Total Violation        0.000ns
PW    :            0  Failing Endpoints,  Worst Slack        4.020ns,  Total Violation        0.000ns
---------------------------------------------------------------------------------------------------


Max Delay Paths
--------------------------------------------------------------------------------------
Slack (MET) :             0.733ns  (required time - arrival time)
  Source:                 g_stage[0].u_stage/u_butterfly/u_mul/g_current.u_mul/t_s00/CLK
                            (rising edge-triggered cell DSP48E1 clocked by clk  {rise@0.000ns fall@5.000ns period=10.000ns})
  Destination:            g_stage[0].u_stage/u_butterfly/u_mul/g_current.u_mul/t_s0_reg/PCIN[0]
                            (rising edge-triggered cell DSP48E1 clocked by clk  {rise@0.000ns fall@5.000ns period=10.000ns})
  Path Group:             clk
  Path Type:              Setup (Max at Slow Process Corner)
  Requirement:            10.000ns  (clk rise@10.000ns - clk rise@0.000ns)
  Data Path Delay:        7.687ns  (logic 7.632ns (99.285%)  route 0.055ns (0.715%))
  Logic Levels:           2  (DSP48E1=2)
  Clock Path Skew:        -0.145ns (DCD - SCD + CPR)
    Destination Clock Delay (DCD):    2.077ns = ( 12.077 - 10.000 ) 
    Source Clock Delay      (SCD):    2.400ns
    Clock Pessimism Removal (CPR):    0.178ns
  Clock Uncertainty:      0.035ns  ((TSJ^2 + TIJ^2)^1/2 + DJ) / 2 + PE
    Total System Jitter     (TSJ):    0.071ns
    Total Input Jitter      (TIJ):    0.000ns
    Discrete Jitter          (DJ):    0.000ns
    Phase Error              (PE):    0.000ns

    Location             Delay type                Incr(ns)  Path(ns)    Netlist Resource(s)
  -------------------------------------------------------------------    -------------------
                         (clock clk rise edge)        0.000     0.000 r  
                                                      0.000     0.000 r  clk (IN)
                         net (fo=0)                   0.000     0.000    clk
                         IBUF (Prop_ibuf_I_O)         0.920     0.920 r  clk_IBUF_inst/O
                         net (fo=1, unplaced)         0.800     1.720    clk_IBUF
                         BUFG (Prop_bufg_I_O)         0.096     1.816 r  clk_IBUF_BUFG_inst/O
                         net (fo=25879, unplaced)     0.584     2.400    g_stage[0].u_stage/u_butterfly/u_mul/g_current.u_mul/clk_IBUF_BUFG
                         DSP48E1                                      r  g_stage[0].u_stage/u_butterfly/u_mul/g_current.u_mul/t_s00/CLK
  -------------------------------------------------------------------    -------------------
                         DSP48E1 (Prop_dsp48e1_CLK_PCOUT[47])
                                                      4.206     6.606 r  g_stage[0].u_stage/u_butterfly/u_mul/g_current.u_mul/t_s00/PCOUT[47]
                         net (fo=1, unplaced)         0.055     6.661    g_stage[0].u_stage/u_butterfly/u_mul/g_current.u_mul/t_s00_n_106
                         DSP48E1 (Prop_dsp48e1_PCIN[47]_PCOUT[47])
                                                      1.713     8.374 r  g_stage[0].u_stage/u_butterfly/u_mul/g_current.u_mul/t_s00__0/PCOUT[47]
                         net (fo=1, unplaced)         0.000     8.374    g_stage[0].u_stage/u_butterfly/u_mul/g_current.u_mul/t_s00__0_n_106
                         DSP48E1 (Prop_dsp48e1_PCIN[47]_PCOUT[0])
                                                      1.713    10.087 r  g_stage[0].u_stage/u_butterfly/u_mul/g_current.u_mul/t_s00__1/PCOUT[0]
                         net (fo=1, unplaced)         0.000    10.087    g_stage[0].u_stage/u_butterfly/u_mul/g_current.u_mul/t_s00__1_n_153
                         DSP48E1                                      r  g_stage[0].u_stage/u_butterfly/u_mul/g_current.u_mul/t_s0_reg/PCIN[0]
  -------------------------------------------------------------------    -------------------

                         (clock clk rise edge)       10.000    10.000 r  
                                                      0.000    10.000 r  clk (IN)
                         net (fo=0)                   0.000    10.000    clk
                         IBUF (Prop_ibuf_I_O)         0.787    10.787 r  clk_IBUF_inst/O
                         net (fo=1, unplaced)         0.760    11.547    clk_IBUF
                         BUFG (Prop_bufg_I_O)         0.091    11.638 r  clk_IBUF_BUFG_inst/O
                         net (fo=25879, unplaced)     0.439    12.077    g_stage[0].u_stage/u_butterfly/u_mul/g_current.u_mul/clk_IBUF_BUFG
                         DSP48E1                                      r  g_stage[0].u_stage/u_butterfly/u_mul/g_current.u_mul/t_s0_reg/CLK
                         clock pessimism              0.178    12.255    
                         clock uncertainty           -0.035    12.220    
                         DSP48E1 (Setup_dsp48e1_CLK_PCIN[0])
                                                     -1.400    10.820    g_stage[0].u_stage/u_butterfly/u_mul/g_current.u_mul/t_s0_reg
  -------------------------------------------------------------------
                         required time                         10.820    
                         arrival time                         -10.087    
  -------------------------------------------------------------------
                         slack                                  0.733    





Min Delay Paths
--------------------------------------------------------------------------------------
Slack (MET) :             0.070ns  (arrival time - required time)
  Source:                 g_stage[4].u_stage/g_output_reorder.fifo_a_delay/g_shift.data_pipe_reg[31][0]_srl32___g_stage_r_30/CLK
                            (rising edge-triggered cell SRLC32E clocked by clk  {rise@0.000ns fall@5.000ns period=10.000ns})
  Destination:            g_stage[4].u_stage/g_output_reorder.fifo_a_delay/g_shift.data_pipe_reg[61][0]_srl30___g_stage_r_60/D
                            (rising edge-triggered cell SRLC32E clocked by clk  {rise@0.000ns fall@5.000ns period=10.000ns})
  Path Group:             clk
  Path Type:              Hold (Min at Fast Process Corner)
  Requirement:            0.000ns  (clk rise@0.000ns - clk rise@0.000ns)
  Data Path Delay:        0.332ns  (logic 0.332ns (100.000%)  route 0.000ns (0.000%))
  Logic Levels:           0  
  Clock Path Skew:        0.145ns (DCD - SCD - CPR)
    Destination Clock Delay (DCD):    0.981ns
    Source Clock Delay      (SCD):    0.627ns
    Clock Pessimism Removal (CPR):    0.209ns

    Location             Delay type                Incr(ns)  Path(ns)    Netlist Resource(s)
  -------------------------------------------------------------------    -------------------
                         (clock clk rise edge)        0.000     0.000 r  
                                                      0.000     0.000 r  clk (IN)
                         net (fo=0)                   0.000     0.000    clk
                         IBUF (Prop_ibuf_I_O)         0.150     0.150 r  clk_IBUF_inst/O
                         net (fo=1, unplaced)         0.337     0.487    clk_IBUF
                         BUFG (Prop_bufg_I_O)         0.026     0.513 r  clk_IBUF_BUFG_inst/O
                         net (fo=25879, unplaced)     0.114     0.627    g_stage[4].u_stage/g_output_reorder.fifo_a_delay/clk_IBUF_BUFG
                         SRLC32E                                      r  g_stage[4].u_stage/g_output_reorder.fifo_a_delay/g_shift.data_pipe_reg[31][0]_srl32___g_stage_r_30/CLK
  -------------------------------------------------------------------    -------------------
                         SRLC32E (Prop_srlc32e_CLK_Q31)
                                                      0.332     0.959 r  g_stage[4].u_stage/g_output_reorder.fifo_a_delay/g_shift.data_pipe_reg[31][0]_srl32___g_stage_r_30/Q31
                         net (fo=1, unplaced)         0.000     0.959    g_stage[4].u_stage/g_output_reorder.fifo_a_delay/g_shift.data_pipe_reg[31][0]_srl32___g_stage_r_30_n_1
                         SRLC32E                                      r  g_stage[4].u_stage/g_output_reorder.fifo_a_delay/g_shift.data_pipe_reg[61][0]_srl30___g_stage_r_60/D
  -------------------------------------------------------------------    -------------------

                         (clock clk rise edge)        0.000     0.000 r  
                                                      0.000     0.000 r  clk (IN)
                         net (fo=0)                   0.000     0.000    clk
                         IBUF (Prop_ibuf_I_O)         0.338     0.338 r  clk_IBUF_inst/O
                         net (fo=1, unplaced)         0.355     0.693    clk_IBUF
                         BUFG (Prop_bufg_I_O)         0.029     0.722 r  clk_IBUF_BUFG_inst/O
                         net (fo=25879, unplaced)     0.259     0.981    g_stage[4].u_stage/g_output_reorder.fifo_a_delay/clk_IBUF_BUFG
                         SRLC32E                                      r  g_stage[4].u_stage/g_output_reorder.fifo_a_delay/g_shift.data_pipe_reg[61][0]_srl30___g_stage_r_60/CLK
                         clock pessimism             -0.209     0.772    
                         SRLC32E (Hold_srlc32e_CLK_D)
                                                      0.117     0.889    g_stage[4].u_stage/g_output_reorder.fifo_a_delay/g_shift.data_pipe_reg[61][0]_srl30___g_stage_r_60
  -------------------------------------------------------------------
                         required time                         -0.889    
                         arrival time                           0.959    
  -------------------------------------------------------------------
                         slack                                  0.070    





Pulse Width Checks
--------------------------------------------------------------------------------------
Clock Name:         clk
Waveform(ns):       { 0.000 5.000 }
Period(ns):         10.000
Sources:            { clk }

Check Type        Corner  Lib Pin      Reference Pin  Required(ns)  Actual(ns)  Slack(ns)  Location  Pin
Min Period        n/a     DSP48E1/CLK  n/a            3.884         10.000      6.116                g_stage[0].u_stage/u_butterfly/u_mul/g_current.u_mul/t_s0_reg/CLK
Low Pulse Width   Slow    SRL16E/CLK   n/a            0.980         5.000       4.020                g_stage[0].u_stage/u_butterfly/u_mul/g_current.u_mul/t_s5_reg[0]_srl5___g_stage_r_3/CLK
High Pulse Width  Slow    SRL16E/CLK   n/a            0.980         5.000       4.020                g_stage[0].u_stage/u_butterfly/u_mul/g_current.u_mul/t_s5_reg[0]_srl5___g_stage_r_3/CLK



