Copyright 1986-2022 Xilinx, Inc. All Rights Reserved.
------------------------------------------------------------------------------------
| Tool Version : Vivado v.2022.2 (win64) Build 3671981 Fri Oct 14 05:00:03 MDT 2022
| Date         : Mon Jun 15 00:43:45 2026
| Host         : LAPTOP-G40ALRVF running 64-bit major release  (build 9200)
| Command      : report_timing_summary -file V:/reports/timing_summary.rpt
| Design       : poly_mul_top
| Device       : 7a200t-sbg484
| Speed File   : -1  PRODUCTION 1.23 2018-06-13
------------------------------------------------------------------------------------

Timing Summary Report

------------------------------------------------------------------------------------------------
| Timer Settings
| --------------
------------------------------------------------------------------------------------------------

  Enable Multi Corner Analysis               :  Yes
  Enable Pessimism Removal                   :  Yes
  Pessimism Removal Resolution               :  Nearest Common Node
  Enable Input Delay Default Clock           :  No
  Enable Preset / Clear Arcs                 :  No
  Disable Flight Delays                      :  No
  Ignore I/O Paths                           :  No
  Timing Early Launch at Borrowing Latches   :  No
  Borrow Time for Max Delay Exceptions       :  Yes
  Merge Timing Exceptions                    :  Yes

  Corner  Analyze    Analyze    
  Name    Max Paths  Min Paths  
  ------  ---------  ---------  
  Slow    Yes        Yes        
  Fast    Yes        Yes        


------------------------------------------------------------------------------------------------
| Report Methodology
| ------------------
------------------------------------------------------------------------------------------------

No report available as report_methodology has not been run prior. Run report_methodology on the current design for the summary of methodology violations.



check_timing report

Table of Contents
-----------------
1. checking no_clock (0)
2. checking constant_clock (0)
3. checking pulse_width_clock (0)
4. checking unconstrained_internal_endpoints (0)
5. checking no_input_delay (80)
6. checking no_output_delay (66)
7. checking multiple_clock (0)
8. checking generated_clocks (0)
9. checking loops (0)
10. checking partial_input_delay (0)
11. checking partial_output_delay (0)
12. checking latch_loops (0)

1. checking no_clock (0)
------------------------
 There are 0 register/latch pins with no clock.


2. checking constant_clock (0)
------------------------------
 There are 0 register/latch pins with constant_clock.


3. checking pulse_width_clock (0)
---------------------------------
 There are 0 register/latch pins which need pulse_width check


4. checking unconstrained_internal_endpoints (0)
------------------------------------------------
 There are 0 pins that are not constrained for maximum delay.

 There are 0 pins that are not constrained for maximum delay due to constant clock.


5. checking no_input_delay (80)
-------------------------------
 There are 80 input ports with no input delay specified. (HIGH)

 There are 0 input ports with no input delay but user has a false path constraint.


6. checking no_output_delay (66)
--------------------------------
 There are 66 ports with no output delay specified. (HIGH)

 There are 0 ports with no output delay but user has a false path constraint

 There are 0 ports with no output delay but with a timing clock defined on it or propagating through it


7. checking multiple_clock (0)
------------------------------
 There are 0 register/latch pins with multiple clocks.


8. checking generated_clocks (0)
--------------------------------
 There are 0 generated clocks that are not connected to a clock source.


9. checking loops (0)
---------------------
 There are 0 combinational loops in the design.


10. checking partial_input_delay (0)
------------------------------------
 There are 0 input ports with partial input delay specified.


11. checking partial_output_delay (0)
-------------------------------------
 There are 0 ports with partial output delay specified.


12. checking latch_loops (0)
----------------------------
 There are 0 combinational latch loops in the design through latch input



------------------------------------------------------------------------------------------------
| Design Timing Summary
| ---------------------
------------------------------------------------------------------------------------------------

    WNS(ns)      TNS(ns)  TNS Failing Endpoints  TNS Total Endpoints      WHS(ns)      THS(ns)  THS Failing Endpoints  THS Total Endpoints     WPWS(ns)     TPWS(ns)  TPWS Failing Endpoints  TPWS Total Endpoints  
    -------      -------  ---------------------  -------------------      -------      -------  ---------------------  -------------------     --------     --------  ----------------------  --------------------  
     -3.196    -7653.512                   5381               185057        0.070        0.000                      0               185057        3.750        0.000                       0                 48471  


Timing constraints are not met.


------------------------------------------------------------------------------------------------
| Clock Summary
| -------------
------------------------------------------------------------------------------------------------

Clock  Waveform(ns)       Period(ns)      Frequency(MHz)
-----  ------------       ----------      --------------
clk    {0.000 5.000}      10.000          100.000         


------------------------------------------------------------------------------------------------
| Intra Clock Table
| -----------------
------------------------------------------------------------------------------------------------

Clock             WNS(ns)      TNS(ns)  TNS Failing Endpoints  TNS Total Endpoints      WHS(ns)      THS(ns)  THS Failing Endpoints  THS Total Endpoints     WPWS(ns)     TPWS(ns)  TPWS Failing Endpoints  TPWS Total Endpoints  
-----             -------      -------  ---------------------  -------------------      -------      -------  ---------------------  -------------------     --------     --------  ----------------------  --------------------  
clk                -3.196    -7653.512                   5381               185057        0.070        0.000                      0               185057        3.750        0.000                       0                 48471  


------------------------------------------------------------------------------------------------
| Inter Clock Table
| -----------------
------------------------------------------------------------------------------------------------

From Clock    To Clock          WNS(ns)      TNS(ns)  TNS Failing Endpoints  TNS Total Endpoints      WHS(ns)      THS(ns)  THS Failing Endpoints  THS Total Endpoints  
----------    --------          -------      -------  ---------------------  -------------------      -------      -------  ---------------------  -------------------  


------------------------------------------------------------------------------------------------
| Other Path Groups Table
| -----------------------
------------------------------------------------------------------------------------------------

Path Group    From Clock    To Clock          WNS(ns)      TNS(ns)  TNS Failing Endpoints  TNS Total Endpoints      WHS(ns)      THS(ns)  THS Failing Endpoints  THS Total Endpoints  
----------    ----------    --------          -------      -------  ---------------------  -------------------      -------      -------  ---------------------  -------------------  


------------------------------------------------------------------------------------------------
| Timing Details
| --------------
------------------------------------------------------------------------------------------------


---------------------------------------------------------------------------------------------------
From Clock:  clk
  To Clock:  clk

Setup :         5381  Failing Endpoints,  Worst Slack       -3.196ns,  Total Violation    -7653.512ns
Hold  :            0  Failing Endpoints,  Worst Slack        0.070ns,  Total Violation        0.000ns
PW    :            0  Failing Endpoints,  Worst Slack        3.750ns,  Total Violation        0.000ns
---------------------------------------------------------------------------------------------------


Max Delay Paths
--------------------------------------------------------------------------------------
Slack (VIOLATED) :        -3.196ns  (required time - arrival time)
  Source:                 u_core/g_stage[0].u_stage/u_butterfly/u_mul/m_s1_reg[0]__4/C
                            (rising edge-triggered cell FDRE clocked by clk  {rise@0.000ns fall@5.000ns period=10.000ns})
  Destination:            u_core/g_stage[0].u_stage/u_butterfly/u_mul/mq_s2_reg__0/C[45]
                            (rising edge-triggered cell DSP48E1 clocked by clk  {rise@0.000ns fall@5.000ns period=10.000ns})
  Path Group:             clk
  Path Type:              Setup (Max at Slow Process Corner)
  Requirement:            10.000ns  (clk rise@10.000ns - clk rise@0.000ns)
  Data Path Delay:        11.136ns  (logic 6.173ns (55.434%)  route 4.963ns (44.566%))
  Logic Levels:           16  (CARRY4=12 LUT3=2 LUT4=2)
  Clock Path Skew:        -0.145ns (DCD - SCD + CPR)
    Destination Clock Delay (DCD):    2.077ns = ( 12.077 - 10.000 ) 
    Source Clock Delay      (SCD):    2.400ns
    Clock Pessimism Removal (CPR):    0.178ns
  Clock Uncertainty:      0.035ns  ((TSJ^2 + TIJ^2)^1/2 + DJ) / 2 + PE
    Total System Jitter     (TSJ):    0.071ns
    Total Input Jitter      (TIJ):    0.000ns
    Discrete Jitter          (DJ):    0.000ns
    Phase Error              (PE):    0.000ns

    Location             Delay type                Incr(ns)  Path(ns)    Netlist Resource(s)
  -------------------------------------------------------------------    -------------------
                         (clock clk rise edge)        0.000     0.000 r  
                                                      0.000     0.000 r  clk (IN)
                         net (fo=0)                   0.000     0.000    clk
                         IBUF (Prop_ibuf_I_O)         0.920     0.920 r  clk_IBUF_inst/O
                         net (fo=1, unplaced)         0.800     1.720    clk_IBUF
                         BUFG (Prop_bufg_I_O)         0.096     1.816 r  clk_IBUF_BUFG_inst/O
                         net (fo=48786, unplaced)     0.584     2.400    u_core/g_stage[0].u_stage/u_butterfly/u_mul/clk_IBUF_BUFG
                         FDRE                                         r  u_core/g_stage[0].u_stage/u_butterfly/u_mul/m_s1_reg[0]__4/C
  -------------------------------------------------------------------    -------------------
                         FDRE (Prop_fdre_C_Q)         0.456     2.856 r  u_core/g_stage[0].u_stage/u_butterfly/u_mul/m_s1_reg[0]__4/Q
                         net (fo=19, unplaced)        1.033     3.889    u_core_n_63
                         CARRY4 (Prop_carry4_S[2]_CO[3])
                                                      0.693     4.582 r  u_mul/mq_s2_reg[15]__4_i_32/CO[3]
                         net (fo=1, unplaced)         0.000     4.582    u_mul/mq_s2_reg[15]__4_i_32_n_0
                         CARRY4 (Prop_carry4_CI_CO[3])
                                                      0.114     4.696 r  u_mul/mq_s2_reg[19]__2_i_32/CO[3]
                         net (fo=1, unplaced)         0.000     4.696    u_mul/mq_s2_reg[19]__2_i_32_n_0
                         CARRY4 (Prop_carry4_CI_CO[3])
                                                      0.114     4.810 r  u_mul/mq_s2_reg[23]__1_i_35/CO[3]
                         net (fo=1, unplaced)         0.000     4.810    u_mul/mq_s2_reg[23]__1_i_35_n_0
                         CARRY4 (Prop_carry4_CI_CO[3])
                                                      0.114     4.924 r  u_mul/mq_s2_reg[27]__1_i_40/CO[3]
                         net (fo=1, unplaced)         0.000     4.924    u_mul/mq_s2_reg[27]__1_i_40_n_0
                         CARRY4 (Prop_carry4_CI_O[3])
                                                      0.329     5.253 r  u_mul/mq_s2_reg[31]__1_i_40/O[3]
                         net (fo=2, unplaced)         0.629     5.882    u_mul/mq_s2_reg[31]__1_i_40_n_4
                         LUT3 (Prop_lut3_I2_O)        0.300     6.182 r  u_mul/mq_s2[31]__1_i_21/O
                         net (fo=2, unplaced)         0.653     6.835    u_mul/mq_s2[31]__1_i_21_n_0
                         LUT4 (Prop_lut4_I3_O)        0.332     7.167 r  u_mul/mq_s2[31]__1_i_25/O
                         net (fo=1, unplaced)         0.000     7.167    u_mul/mq_s2[31]__1_i_25_n_0
                         CARRY4 (Prop_carry4_S[0]_CO[3])
                                                      0.532     7.699 r  u_mul/mq_s2_reg[31]__1_i_15/CO[3]
                         net (fo=1, unplaced)         0.000     7.699    u_mul/mq_s2_reg[31]__1_i_15_n_0
                         CARRY4 (Prop_carry4_CI_O[3])
                                                      0.329     8.028 r  u_mul/mq_s2_reg[35]__1_i_15/O[3]
                         net (fo=2, unplaced)         0.432     8.460    u_mul/mq_s2_reg[35]__1_i_15_n_4
                         LUT3 (Prop_lut3_I0_O)        0.332     8.792 r  u_mul/mq_s2[35]__1_i_10/O
                         net (fo=2, unplaced)         0.653     9.445    u_mul/mq_s2[35]__1_i_10_n_0
                         LUT4 (Prop_lut4_I3_O)        0.332     9.777 r  u_mul/mq_s2[35]__1_i_14/O
                         net (fo=1, unplaced)         0.000     9.777    u_mul/mq_s2[35]__1_i_14_n_0
                         CARRY4 (Prop_carry4_S[0]_CO[3])
                                                      0.532    10.309 r  u_mul/mq_s2_reg[35]__1_i_2/CO[3]
                         net (fo=1, unplaced)         0.000    10.309    u_mul/mq_s2_reg[35]__1_i_2_n_0
                         CARRY4 (Prop_carry4_CI_O[1])
                                                      0.348    10.657 r  u_mul/i___283_i_1/O[1]
                         net (fo=12, unplaced)        0.763    11.420    u_mul/i___283_i_1_n_6
                         CARRY4 (Prop_carry4_S[1]_CO[3])
                                                      0.854    12.274 r  u_mul/mq_s2_reg__0_i_3/CO[3]
                         net (fo=1, unplaced)         0.000    12.274    u_mul/mq_s2_reg__0_i_3_n_0
                         CARRY4 (Prop_carry4_CI_CO[3])
                                                      0.114    12.388 r  u_mul/mq_s2_reg__0_i_2/CO[3]
                         net (fo=1, unplaced)         0.000    12.388    u_core/g_stage[0].u_stage/u_butterfly/u_mul/mq_s2_reg__0_5[0]
                         CARRY4 (Prop_carry4_CI_O[1])
                                                      0.348    12.736 r  u_core/g_stage[0].u_stage/u_butterfly/u_mul/mq_s2_reg__0_i_1/O[1]
                         net (fo=1, unplaced)         0.800    13.536    u_core/g_stage[0].u_stage/u_butterfly/u_mul/PCIN__0[45]
                         DSP48E1                                      r  u_core/g_stage[0].u_stage/u_butterfly/u_mul/mq_s2_reg__0/C[45]
  -------------------------------------------------------------------    -------------------

                         (clock clk rise edge)       10.000    10.000 r  
                                                      0.000    10.000 r  clk (IN)
                         net (fo=0)                   0.000    10.000    clk
                         IBUF (Prop_ibuf_I_O)         0.787    10.787 r  clk_IBUF_inst/O
                         net (fo=1, unplaced)         0.760    11.547    clk_IBUF
                         BUFG (Prop_bufg_I_O)         0.091    11.638 r  clk_IBUF_BUFG_inst/O
                         net (fo=48786, unplaced)     0.439    12.077    u_core/g_stage[0].u_stage/u_butterfly/u_mul/clk_IBUF_BUFG
                         DSP48E1                                      r  u_core/g_stage[0].u_stage/u_butterfly/u_mul/mq_s2_reg__0/CLK
                         clock pessimism              0.178    12.255    
                         clock uncertainty           -0.035    12.220    
                         DSP48E1 (Setup_dsp48e1_CLK_C[45])
                                                     -1.880    10.340    u_core/g_stage[0].u_stage/u_butterfly/u_mul/mq_s2_reg__0
  -------------------------------------------------------------------
                         required time                         10.340    
                         arrival time                         -13.536    
  -------------------------------------------------------------------
                         slack                                 -3.196    





Min Delay Paths
--------------------------------------------------------------------------------------
Slack (MET) :             0.070ns  (arrival time - required time)
  Source:                 u_core/g_stage[4].u_stage/g_output_reorder.fifo_a_delay/g_shift.data_pipe_reg[31][0]_srl32___u_core_g_stage_r_30/CLK
                            (rising edge-triggered cell SRLC32E clocked by clk  {rise@0.000ns fall@5.000ns period=10.000ns})
  Destination:            u_core/g_stage[4].u_stage/g_output_reorder.fifo_a_delay/g_shift.data_pipe_reg[61][0]_srl30___u_core_g_stage_r_60/D
                            (rising edge-triggered cell SRLC32E clocked by clk  {rise@0.000ns fall@5.000ns period=10.000ns})
  Path Group:             clk
  Path Type:              Hold (Min at Fast Process Corner)
  Requirement:            0.000ns  (clk rise@0.000ns - clk rise@0.000ns)
  Data Path Delay:        0.332ns  (logic 0.332ns (100.000%)  route 0.000ns (0.000%))
  Logic Levels:           0  
  Clock Path Skew:        0.145ns (DCD - SCD - CPR)
    Destination Clock Delay (DCD):    0.981ns
    Source Clock Delay      (SCD):    0.627ns
    Clock Pessimism Removal (CPR):    0.209ns

    Location             Delay type                Incr(ns)  Path(ns)    Netlist Resource(s)
  -------------------------------------------------------------------    -------------------
                         (clock clk rise edge)        0.000     0.000 r  
                                                      0.000     0.000 r  clk (IN)
                         net (fo=0)                   0.000     0.000    clk
                         IBUF (Prop_ibuf_I_O)         0.150     0.150 r  clk_IBUF_inst/O
                         net (fo=1, unplaced)         0.337     0.487    clk_IBUF
                         BUFG (Prop_bufg_I_O)         0.026     0.513 r  clk_IBUF_BUFG_inst/O
                         net (fo=48786, unplaced)     0.114     0.627    u_core/g_stage[4].u_stage/g_output_reorder.fifo_a_delay/clk_IBUF_BUFG
                         SRLC32E                                      r  u_core/g_stage[4].u_stage/g_output_reorder.fifo_a_delay/g_shift.data_pipe_reg[31][0]_srl32___u_core_g_stage_r_30/CLK
  -------------------------------------------------------------------    -------------------
                         SRLC32E (Prop_srlc32e_CLK_Q31)
                                                      0.332     0.959 r  u_core/g_stage[4].u_stage/g_output_reorder.fifo_a_delay/g_shift.data_pipe_reg[31][0]_srl32___u_core_g_stage_r_30/Q31
                         net (fo=1, unplaced)         0.000     0.959    u_core/g_stage[4].u_stage/g_output_reorder.fifo_a_delay/g_shift.data_pipe_reg[31][0]_srl32___u_core_g_stage_r_30_n_1
                         SRLC32E                                      r  u_core/g_stage[4].u_stage/g_output_reorder.fifo_a_delay/g_shift.data_pipe_reg[61][0]_srl30___u_core_g_stage_r_60/D
  -------------------------------------------------------------------    -------------------

                         (clock clk rise edge)        0.000     0.000 r  
                                                      0.000     0.000 r  clk (IN)
                         net (fo=0)                   0.000     0.000    clk
                         IBUF (Prop_ibuf_I_O)         0.338     0.338 r  clk_IBUF_inst/O
                         net (fo=1, unplaced)         0.355     0.693    clk_IBUF
                         BUFG (Prop_bufg_I_O)         0.029     0.722 r  clk_IBUF_BUFG_inst/O
                         net (fo=48786, unplaced)     0.259     0.981    u_core/g_stage[4].u_stage/g_output_reorder.fifo_a_delay/clk_IBUF_BUFG
                         SRLC32E                                      r  u_core/g_stage[4].u_stage/g_output_reorder.fifo_a_delay/g_shift.data_pipe_reg[61][0]_srl30___u_core_g_stage_r_60/CLK
                         clock pessimism             -0.209     0.772    
                         SRLC32E (Hold_srlc32e_CLK_D)
                                                      0.117     0.889    u_core/g_stage[4].u_stage/g_output_reorder.fifo_a_delay/g_shift.data_pipe_reg[61][0]_srl30___u_core_g_stage_r_60
  -------------------------------------------------------------------
                         required time                         -0.889    
                         arrival time                           0.959    
  -------------------------------------------------------------------
                         slack                                  0.070    





Pulse Width Checks
--------------------------------------------------------------------------------------
Clock Name:         clk
Waveform(ns):       { 0.000 5.000 }
Period(ns):         10.000
Sources:            { clk }

Check Type        Corner  Lib Pin      Reference Pin  Required(ns)  Actual(ns)  Slack(ns)  Location  Pin
Min Period        n/a     DSP48E1/CLK  n/a            3.884         10.000      6.116                u_core/g_stage[0].u_stage/u_butterfly/u_mul/m_s1_reg__0/CLK
Low Pulse Width   Slow    RAMD64E/CLK  n/a            1.250         5.000       3.750                a_bank0_reg_0_63_0_2/RAMA/CLK
High Pulse Width  Slow    RAMD64E/CLK  n/a            1.250         5.000       3.750                a_bank0_reg_0_63_0_2/RAMA/CLK



