Copyright 1986-2022 Xilinx, Inc. All Rights Reserved.
---------------------------------------------------------------------------------------
| Tool Version : Vivado v.2022.2 (win64) Build 3671981 Fri Oct 14 05:00:03 MDT 2022
| Date         : Thu Jun 25 17:04:12 2026
| Host         : LAPTOP-G40ALRVF running 64-bit major release  (build 9200)
| Command      : report_timing_summary -file D:/MDC-NTT/reports/timing_mont_mul_wl.rpt
| Design       : mont_mul_wl
| Device       : 7a200t-sbg484
| Speed File   : -1  PRODUCTION 1.23 2018-06-13
---------------------------------------------------------------------------------------

Timing Summary Report

------------------------------------------------------------------------------------------------
| Timer Settings
| --------------
------------------------------------------------------------------------------------------------

  Enable Multi Corner Analysis               :  Yes
  Enable Pessimism Removal                   :  Yes
  Pessimism Removal Resolution               :  Nearest Common Node
  Enable Input Delay Default Clock           :  No
  Enable Preset / Clear Arcs                 :  No
  Disable Flight Delays                      :  No
  Ignore I/O Paths                           :  No
  Timing Early Launch at Borrowing Latches   :  No
  Borrow Time for Max Delay Exceptions       :  Yes
  Merge Timing Exceptions                    :  Yes

  Corner  Analyze    Analyze    
  Name    Max Paths  Min Paths  
  ------  ---------  ---------  
  Slow    Yes        Yes        
  Fast    Yes        Yes        


------------------------------------------------------------------------------------------------
| Report Methodology
| ------------------
------------------------------------------------------------------------------------------------

No report available as report_methodology has not been run prior. Run report_methodology on the current design for the summary of methodology violations.



check_timing report

Table of Contents
-----------------
1. checking no_clock (0)
2. checking constant_clock (0)
3. checking pulse_width_clock (0)
4. checking unconstrained_internal_endpoints (0)
5. checking no_input_delay (130)
6. checking no_output_delay (65)
7. checking multiple_clock (0)
8. checking generated_clocks (0)
9. checking loops (0)
10. checking partial_input_delay (0)
11. checking partial_output_delay (0)
12. checking latch_loops (0)

1. checking no_clock (0)
------------------------
 There are 0 register/latch pins with no clock.


2. checking constant_clock (0)
------------------------------
 There are 0 register/latch pins with constant_clock.


3. checking pulse_width_clock (0)
---------------------------------
 There are 0 register/latch pins which need pulse_width check


4. checking unconstrained_internal_endpoints (0)
------------------------------------------------
 There are 0 pins that are not constrained for maximum delay.

 There are 0 pins that are not constrained for maximum delay due to constant clock.


5. checking no_input_delay (130)
--------------------------------
 There are 130 input ports with no input delay specified. (HIGH)

 There are 0 input ports with no input delay but user has a false path constraint.


6. checking no_output_delay (65)
--------------------------------
 There are 65 ports with no output delay specified. (HIGH)

 There are 0 ports with no output delay but user has a false path constraint

 There are 0 ports with no output delay but with a timing clock defined on it or propagating through it


7. checking multiple_clock (0)
------------------------------
 There are 0 register/latch pins with multiple clocks.


8. checking generated_clocks (0)
--------------------------------
 There are 0 generated clocks that are not connected to a clock source.


9. checking loops (0)
---------------------
 There are 0 combinational loops in the design.


10. checking partial_input_delay (0)
------------------------------------
 There are 0 input ports with partial input delay specified.


11. checking partial_output_delay (0)
-------------------------------------
 There are 0 ports with partial output delay specified.


12. checking latch_loops (0)
----------------------------
 There are 0 combinational latch loops in the design through latch input



------------------------------------------------------------------------------------------------
| Design Timing Summary
| ---------------------
------------------------------------------------------------------------------------------------

    WNS(ns)      TNS(ns)  TNS Failing Endpoints  TNS Total Endpoints      WHS(ns)      THS(ns)  THS Failing Endpoints  THS Total Endpoints     WPWS(ns)     TPWS(ns)  TPWS Failing Endpoints  TPWS Total Endpoints  
    -------      -------  ---------------------  -------------------      -------      -------  ---------------------  -------------------     --------     --------  ----------------------  --------------------  
      2.695        0.000                      0                 1624        0.134        0.000                      0                 1624        4.020        0.000                       0                  1519  


All user specified timing constraints are met.


------------------------------------------------------------------------------------------------
| Clock Summary
| -------------
------------------------------------------------------------------------------------------------

Clock  Waveform(ns)       Period(ns)      Frequency(MHz)
-----  ------------       ----------      --------------
clk    {0.000 5.000}      10.000          100.000         


------------------------------------------------------------------------------------------------
| Intra Clock Table
| -----------------
------------------------------------------------------------------------------------------------

Clock             WNS(ns)      TNS(ns)  TNS Failing Endpoints  TNS Total Endpoints      WHS(ns)      THS(ns)  THS Failing Endpoints  THS Total Endpoints     WPWS(ns)     TPWS(ns)  TPWS Failing Endpoints  TPWS Total Endpoints  
-----             -------      -------  ---------------------  -------------------      -------      -------  ---------------------  -------------------     --------     --------  ----------------------  --------------------  
clk                 2.695        0.000                      0                 1624        0.134        0.000                      0                 1624        4.020        0.000                       0                  1519  


------------------------------------------------------------------------------------------------
| Inter Clock Table
| -----------------
------------------------------------------------------------------------------------------------

From Clock    To Clock          WNS(ns)      TNS(ns)  TNS Failing Endpoints  TNS Total Endpoints      WHS(ns)      THS(ns)  THS Failing Endpoints  THS Total Endpoints  
----------    --------          -------      -------  ---------------------  -------------------      -------      -------  ---------------------  -------------------  


------------------------------------------------------------------------------------------------
| Other Path Groups Table
| -----------------------
------------------------------------------------------------------------------------------------

Path Group    From Clock    To Clock          WNS(ns)      TNS(ns)  TNS Failing Endpoints  TNS Total Endpoints      WHS(ns)      THS(ns)  THS Failing Endpoints  THS Total Endpoints  
----------    ----------    --------          -------      -------  ---------------------  -------------------      -------      -------  ---------------------  -------------------  


------------------------------------------------------------------------------------------------
| Timing Details
| --------------
------------------------------------------------------------------------------------------------


---------------------------------------------------------------------------------------------------
From Clock:  clk
  To Clock:  clk

Setup :            0  Failing Endpoints,  Worst Slack        2.695ns,  Total Violation        0.000ns
Hold  :            0  Failing Endpoints,  Worst Slack        0.134ns,  Total Violation        0.000ns
PW    :            0  Failing Endpoints,  Worst Slack        4.020ns,  Total Violation        0.000ns
---------------------------------------------------------------------------------------------------


Max Delay Paths
--------------------------------------------------------------------------------------
Slack (MET) :             2.695ns  (required time - arrival time)
  Source:                 u_intmul/p_reg[0]/C
                            (rising edge-triggered cell FDRE clocked by clk  {rise@0.000ns fall@5.000ns period=10.000ns})
  Destination:            u_round0/qh0_prod_s1_reg/B[14]
                            (rising edge-triggered cell DSP48E1 clocked by clk  {rise@0.000ns fall@5.000ns period=10.000ns})
  Path Group:             clk
  Path Type:              Setup (Max at Slow Process Corner)
  Requirement:            10.000ns  (clk rise@10.000ns - clk rise@0.000ns)
  Data Path Delay:        3.410ns  (logic 1.907ns (55.928%)  route 1.503ns (44.072%))
  Logic Levels:           5  (CARRY4=4 LUT1=1)
  Clock Path Skew:        -0.145ns (DCD - SCD + CPR)
    Destination Clock Delay (DCD):    2.077ns = ( 12.077 - 10.000 ) 
    Source Clock Delay      (SCD):    2.400ns
    Clock Pessimism Removal (CPR):    0.178ns
  Clock Uncertainty:      0.035ns  ((TSJ^2 + TIJ^2)^1/2 + DJ) / 2 + PE
    Total System Jitter     (TSJ):    0.071ns
    Total Input Jitter      (TIJ):    0.000ns
    Discrete Jitter          (DJ):    0.000ns
    Phase Error              (PE):    0.000ns

    Location             Delay type                Incr(ns)  Path(ns)    Netlist Resource(s)
  -------------------------------------------------------------------    -------------------
                         (clock clk rise edge)        0.000     0.000 r  
                                                      0.000     0.000 r  clk (IN)
                         net (fo=0)                   0.000     0.000    clk
                         IBUF (Prop_ibuf_I_O)         0.920     0.920 r  clk_IBUF_inst/O
                         net (fo=1, unplaced)         0.800     1.720    clk_IBUF
                         BUFG (Prop_bufg_I_O)         0.096     1.816 r  clk_IBUF_BUFG_inst/O
                         net (fo=1518, unplaced)      0.584     2.400    u_intmul/clk_IBUF_BUFG
                         FDRE                                         r  u_intmul/p_reg[0]/C
  -------------------------------------------------------------------    -------------------
                         FDRE (Prop_fdre_C_Q)         0.456     2.856 f  u_intmul/p_reg[0]/Q
                         net (fo=13, unplaced)        0.361     3.217    u_intmul/Q[0]
                         LUT1 (Prop_lut1_I0_O)        0.295     3.512 r  u_intmul/neg_q0_inv_mul_return0_carry_i_1/O
                         net (fo=1, unplaced)         0.333     3.845    u_round0/p_0_in_1[0]
                         CARRY4 (Prop_carry4_CYINIT_CO[3])
                                                      0.580     4.425 r  u_round0/neg_q0_inv_mul_return0_carry/CO[3]
                         net (fo=1, unplaced)         0.009     4.434    u_round0/neg_q0_inv_mul_return0_carry_n_0
                         CARRY4 (Prop_carry4_CI_CO[3])
                                                      0.114     4.548 r  u_round0/neg_q0_inv_mul_return0_carry__0/CO[3]
                         net (fo=1, unplaced)         0.000     4.548    u_round0/neg_q0_inv_mul_return0_carry__0_n_0
                         CARRY4 (Prop_carry4_CI_CO[3])
                                                      0.114     4.662 r  u_round0/neg_q0_inv_mul_return0_carry__1/CO[3]
                         net (fo=1, unplaced)         0.000     4.662    u_round0/neg_q0_inv_mul_return0_carry__1_n_0
                         CARRY4 (Prop_carry4_CI_O[1])
                                                      0.348     5.010 r  u_round0/neg_q0_inv_mul_return0_carry__2/O[1]
                         net (fo=10, unplaced)        0.800     5.810    u_round0/p_reg[0][13]
                         DSP48E1                                      r  u_round0/qh0_prod_s1_reg/B[14]
  -------------------------------------------------------------------    -------------------

                         (clock clk rise edge)       10.000    10.000 r  
                                                      0.000    10.000 r  clk (IN)
                         net (fo=0)                   0.000    10.000    clk
                         IBUF (Prop_ibuf_I_O)         0.787    10.787 r  clk_IBUF_inst/O
                         net (fo=1, unplaced)         0.760    11.547    clk_IBUF
                         BUFG (Prop_bufg_I_O)         0.091    11.638 r  clk_IBUF_BUFG_inst/O
                         net (fo=1518, unplaced)      0.439    12.077    u_round0/clk_IBUF_BUFG
                         DSP48E1                                      r  u_round0/qh0_prod_s1_reg/CLK
                         clock pessimism              0.178    12.255    
                         clock uncertainty           -0.035    12.220    
                         DSP48E1 (Setup_dsp48e1_CLK_B[14])
                                                     -3.715     8.505    u_round0/qh0_prod_s1_reg
  -------------------------------------------------------------------
                         required time                          8.505    
                         arrival time                          -5.810    
  -------------------------------------------------------------------
                         slack                                  2.695    





Min Delay Paths
--------------------------------------------------------------------------------------
Slack (MET) :             0.134ns  (arrival time - required time)
  Source:                 valid_pipe_reg_r_10/C
                            (rising edge-triggered cell FDRE clocked by clk  {rise@0.000ns fall@5.000ns period=10.000ns})
  Destination:            valid_pipe_reg[12]/D
                            (rising edge-triggered cell FDRE clocked by clk  {rise@0.000ns fall@5.000ns period=10.000ns})
  Path Group:             clk
  Path Type:              Hold (Min at Fast Process Corner)
  Requirement:            0.000ns  (clk rise@0.000ns - clk rise@0.000ns)
  Data Path Delay:        0.370ns  (logic 0.239ns (64.578%)  route 0.131ns (35.422%))
  Logic Levels:           1  (LUT2=1)
  Clock Path Skew:        0.145ns (DCD - SCD - CPR)
    Destination Clock Delay (DCD):    0.981ns
    Source Clock Delay      (SCD):    0.627ns
    Clock Pessimism Removal (CPR):    0.209ns

    Location             Delay type                Incr(ns)  Path(ns)    Netlist Resource(s)
  -------------------------------------------------------------------    -------------------
                         (clock clk rise edge)        0.000     0.000 r  
                                                      0.000     0.000 r  clk (IN)
                         net (fo=0)                   0.000     0.000    clk
                         IBUF (Prop_ibuf_I_O)         0.150     0.150 r  clk_IBUF_inst/O
                         net (fo=1, unplaced)         0.337     0.487    clk_IBUF
                         BUFG (Prop_bufg_I_O)         0.026     0.513 r  clk_IBUF_BUFG_inst/O
                         net (fo=1518, unplaced)      0.114     0.627    clk_IBUF_BUFG
                         FDRE                                         r  valid_pipe_reg_r_10/C
  -------------------------------------------------------------------    -------------------
                         FDRE (Prop_fdre_C_Q)         0.141     0.768 r  valid_pipe_reg_r_10/Q
                         net (fo=1, unplaced)         0.131     0.899    valid_pipe_reg_r_10_n_0
                         LUT2 (Prop_lut2_I1_O)        0.098     0.997 r  valid_pipe_reg_gate/O
                         net (fo=1, unplaced)         0.000     0.997    valid_pipe_reg_gate_n_0
                         FDRE                                         r  valid_pipe_reg[12]/D
  -------------------------------------------------------------------    -------------------

                         (clock clk rise edge)        0.000     0.000 r  
                                                      0.000     0.000 r  clk (IN)
                         net (fo=0)                   0.000     0.000    clk
                         IBUF (Prop_ibuf_I_O)         0.338     0.338 r  clk_IBUF_inst/O
                         net (fo=1, unplaced)         0.355     0.693    clk_IBUF
                         BUFG (Prop_bufg_I_O)         0.029     0.722 r  clk_IBUF_BUFG_inst/O
                         net (fo=1518, unplaced)      0.259     0.981    clk_IBUF_BUFG
                         FDRE                                         r  valid_pipe_reg[12]/C
                         clock pessimism             -0.209     0.772    
                         FDRE (Hold_fdre_C_D)         0.091     0.863    valid_pipe_reg[12]
  -------------------------------------------------------------------
                         required time                         -0.863    
                         arrival time                           0.997    
  -------------------------------------------------------------------
                         slack                                  0.134    





Pulse Width Checks
--------------------------------------------------------------------------------------
Clock Name:         clk
Waveform(ns):       { 0.000 5.000 }
Period(ns):         10.000
Sources:            { clk }

Check Type        Corner  Lib Pin     Reference Pin  Required(ns)  Actual(ns)  Slack(ns)  Location  Pin
Min Period        n/a     BUFG/I      n/a            2.155         10.000      7.845                clk_IBUF_BUFG_inst/I
Low Pulse Width   Slow    SRL16E/CLK  n/a            0.980         5.000       4.020                valid_pipe_reg[10]_srl11___valid_pipe_reg_r_9/CLK
High Pulse Width  Slow    SRL16E/CLK  n/a            0.980         5.000       4.020                valid_pipe_reg[10]_srl11___valid_pipe_reg_r_9/CLK



