Copyright 1986-2022 Xilinx, Inc. All Rights Reserved.
-----------------------------------------------------------------------------------------------------------------
| Tool Version : Vivado v.2022.2 (win64) Build 3671981 Fri Oct 14 05:00:03 MDT 2022
| Date         : Thu Jun 25 16:58:29 2026
| Host         : LAPTOP-G40ALRVF running 64-bit major release  (build 9200)
| Command      : report_utilization -hierarchical -file D:/MDC-NTT/reports/utilization_mont_mul_current_hier.rpt
| Design       : mont_mul
| Device       : xc7a200tsbg484-1
| Speed File   : -1
| Design State : Synthesized
-----------------------------------------------------------------------------------------------------------------

Utilization Design Information

Table of Contents
-----------------
1. Utilization by Hierarchy

1. Utilization by Hierarchy
---------------------------

+----------+--------+------------+------------+---------+------+------+--------+--------+------------+
| Instance | Module | Total LUTs | Logic LUTs | LUTRAMs | SRLs |  FFs | RAMB36 | RAMB18 | DSP Blocks |
+----------+--------+------------+------------+---------+------+------+--------+--------+------------+
| mont_mul |  (top) |       1100 |        971 |       0 |  129 | 1166 |      0 |      0 |         26 |
+----------+--------+------------+------------+---------+------+------+--------+--------+------------+


