Copyright 1986-2022 Xilinx, Inc. All Rights Reserved.
----------------------------------------------------------------------------------------------------------------
| Tool Version : Vivado v.2022.2 (win64) Build 3671981 Fri Oct 14 05:00:03 MDT 2022
| Date         : Fri Jun 26 15:23:55 2026
| Host         : LAPTOP-G40ALRVF running 64-bit major release  (build 9200)
| Command      : report_utilization -hierarchical -file D:/MDC-NTT/reports/utilization_gs_mdc_core_old_hier.rpt
| Design       : gs_mdc_core
| Device       : xc7a200tsbg484-1
| Speed File   : -1
| Design State : Synthesized
----------------------------------------------------------------------------------------------------------------

Utilization Design Information

Table of Contents
-----------------
1. Utilization by Hierarchy

1. Utilization by Hierarchy
---------------------------

+-----------------------------------+---------------------------------+------------+------------+---------+------+-------+--------+--------+------------+
|              Instance             |              Module             | Total LUTs | Logic LUTs | LUTRAMs | SRLs |  FFs  | RAMB36 | RAMB18 | DSP Blocks |
+-----------------------------------+---------------------------------+------------+------------+---------+------+-------+--------+--------+------------+
| gs_mdc_core                       |                           (top) |      34407 |      30939 |       0 | 3468 | 22031 |     10 |      0 |        364 |
|   (gs_mdc_core)                   |                           (top) |         18 |         18 |       0 |    0 |   105 |      0 |      0 |          0 |
|   g_stage[0].u_stage              |                       mdc_stage |       6390 |       6197 |       0 |  193 |  1688 |      4 |      0 |         26 |
|     (g_stage[0].u_stage)          |                       mdc_stage |        255 |        255 |       0 |    0 |   257 |      0 |      0 |          0 |
|     g_output_reorder.fifo_a_delay |                    delay_memory |         10 |         10 |       0 |    0 |    10 |      2 |      0 |          0 |
|     g_output_reorder.fifo_b_delay |                 delay_memory_81 |         10 |         10 |       0 |    0 |    10 |      2 |      0 |          0 |
|     u_butterfly                   |                 gs_butterfly_82 |       2275 |       2082 |       0 |  193 |  1411 |      0 |      0 |         26 |
|       (u_butterfly)               |                 gs_butterfly_82 |        342 |        342 |       0 |    0 |   128 |      0 |      0 |          0 |
|       u_add                       |                      mod_add_84 |         32 |         32 |       0 |    0 |     0 |      0 |      0 |          0 |
|       u_mul                       |              mont_mul_select_85 |       1684 |       1555 |       0 |  129 |  1155 |      0 |      0 |         26 |
|         g_current.u_mul           |                     mont_mul_88 |       1684 |       1555 |       0 |  129 |  1155 |      0 |      0 |         26 |
|       u_sub                       |                      mod_sub_86 |          0 |          0 |       0 |    0 |     0 |      0 |      0 |          0 |
|       u_sum_delay                 |                   delay_line_87 |        225 |        161 |       0 |   64 |   128 |      0 |      0 |          0 |
|     u_twiddle_rom                 |                  twiddle_rom_83 |       3840 |       3840 |       0 |    0 |     0 |      0 |      0 |          0 |
|   g_stage[10].u_stage             |       mdc_stage__parameterized9 |       1790 |       1597 |       0 |  193 |  1556 |      0 |      0 |         26 |
|     (g_stage[10].u_stage)         |       mdc_stage__parameterized9 |         12 |         12 |       0 |    0 |    17 |      0 |      0 |          0 |
|     g_output_reorder.fifo_a_delay |    delay_memory__parameterized9 |         64 |         64 |       0 |    0 |    64 |      0 |      0 |          0 |
|     g_output_reorder.fifo_b_delay | delay_memory__parameterized9_73 |          0 |          0 |       0 |    0 |    64 |      0 |      0 |          0 |
|     u_butterfly                   |                 gs_butterfly_74 |       1711 |       1518 |       0 |  193 |  1411 |      0 |      0 |         26 |
|       (u_butterfly)               |                 gs_butterfly_74 |        344 |        344 |       0 |    0 |   128 |      0 |      0 |          0 |
|       u_add                       |                      mod_add_76 |         32 |         32 |       0 |    0 |     0 |      0 |      0 |          0 |
|       u_mul                       |              mont_mul_select_77 |       1247 |       1118 |       0 |  129 |  1155 |      0 |      0 |         26 |
|         g_current.u_mul           |                     mont_mul_80 |       1247 |       1118 |       0 |  129 |  1155 |      0 |      0 |         26 |
|       u_sub                       |                      mod_sub_78 |          0 |          0 |       0 |    0 |     0 |      0 |      0 |          0 |
|       u_sum_delay                 |                   delay_line_79 |         96 |         32 |       0 |   64 |   128 |      0 |      0 |          0 |
|     u_twiddle_rom                 |                  twiddle_rom_75 |          3 |          3 |       0 |    0 |     0 |      0 |      0 |          0 |
|   g_stage[11].u_stage             |      mdc_stage__parameterized10 |       1569 |       1377 |       0 |  192 |  1409 |      0 |      0 |         26 |
|     u_butterfly                   |                 gs_butterfly_67 |       1569 |       1377 |       0 |  192 |  1409 |      0 |      0 |         26 |
|       (u_butterfly)               |                 gs_butterfly_67 |        342 |        342 |       0 |    0 |   128 |      0 |      0 |          0 |
|       u_add                       |                      mod_add_68 |         32 |         32 |       0 |    0 |     0 |      0 |      0 |          0 |
|       u_mul                       |              mont_mul_select_69 |       1075 |        947 |       0 |  128 |  1153 |      0 |      0 |         26 |
|         g_current.u_mul           |                     mont_mul_72 |       1075 |        947 |       0 |  128 |  1153 |      0 |      0 |         26 |
|       u_sub                       |                      mod_sub_70 |          0 |          0 |       0 |    0 |     0 |      0 |      0 |          0 |
|       u_sum_delay                 |                   delay_line_71 |        128 |         64 |       0 |   64 |   128 |      0 |      0 |          0 |
|   g_stage[1].u_stage              |       mdc_stage__parameterized0 |       4145 |       3952 |       0 |  193 |  1576 |      2 |      0 |         26 |
|     (g_stage[1].u_stage)          |       mdc_stage__parameterized0 |        141 |        141 |       0 |    0 |   147 |      0 |      0 |          0 |
|     g_output_reorder.fifo_a_delay |    delay_memory__parameterized0 |          9 |          9 |       0 |    0 |     9 |      1 |      0 |          0 |
|     g_output_reorder.fifo_b_delay | delay_memory__parameterized0_59 |         73 |         73 |       0 |    0 |     9 |      1 |      0 |          0 |
|     u_butterfly                   |                 gs_butterfly_60 |       2002 |       1809 |       0 |  193 |  1411 |      0 |      0 |         26 |
|       (u_butterfly)               |                 gs_butterfly_60 |        342 |        342 |       0 |    0 |   128 |      0 |      0 |          0 |
|       u_add                       |                      mod_add_62 |         32 |         32 |       0 |    0 |     0 |      0 |      0 |          0 |
|       u_mul                       |              mont_mul_select_63 |       1412 |       1283 |       0 |  129 |  1155 |      0 |      0 |         26 |
|         g_current.u_mul           |                     mont_mul_66 |       1412 |       1283 |       0 |  129 |  1155 |      0 |      0 |         26 |
|       u_sub                       |                      mod_sub_64 |          0 |          0 |       0 |    0 |     0 |      0 |      0 |          0 |
|       u_sum_delay                 |                   delay_line_65 |        224 |        160 |       0 |   64 |   128 |      0 |      0 |          0 |
|     u_twiddle_rom                 |                  twiddle_rom_61 |       1920 |       1920 |       0 |    0 |     0 |      0 |      0 |          0 |
|   g_stage[2].u_stage              |       mdc_stage__parameterized1 |       3006 |       2813 |       0 |  193 |  1515 |      2 |      0 |         26 |
|     (g_stage[2].u_stage)          |       mdc_stage__parameterized1 |         84 |         84 |       0 |    0 |    88 |      0 |      0 |          0 |
|     g_output_reorder.fifo_a_delay |    delay_memory__parameterized1 |         71 |         71 |       0 |    0 |     8 |      1 |      0 |          0 |
|     g_output_reorder.fifo_b_delay | delay_memory__parameterized1_51 |          7 |          7 |       0 |    0 |     8 |      1 |      0 |          0 |
|     u_butterfly                   |                 gs_butterfly_52 |       1884 |       1691 |       0 |  193 |  1411 |      0 |      0 |         26 |
|       (u_butterfly)               |                 gs_butterfly_52 |        342 |        342 |       0 |    0 |   128 |      0 |      0 |          0 |
|       u_add                       |                      mod_add_54 |         32 |         32 |       0 |    0 |     0 |      0 |      0 |          0 |
|       u_mul                       |              mont_mul_select_55 |       1422 |       1293 |       0 |  129 |  1155 |      0 |      0 |         26 |
|         g_current.u_mul           |                     mont_mul_58 |       1422 |       1293 |       0 |  129 |  1155 |      0 |      0 |         26 |
|       u_sub                       |                      mod_sub_56 |          0 |          0 |       0 |    0 |     0 |      0 |      0 |          0 |
|       u_sum_delay                 |                   delay_line_57 |         96 |         32 |       0 |   64 |   128 |      0 |      0 |          0 |
|     u_twiddle_rom                 |                  twiddle_rom_53 |        960 |        960 |       0 |    0 |     0 |      0 |      0 |          0 |
|   g_stage[3].u_stage              |       mdc_stage__parameterized2 |       2454 |       2261 |       0 |  193 |  1470 |      2 |      0 |         26 |
|     (g_stage[3].u_stage)          |       mdc_stage__parameterized2 |         42 |         42 |       0 |    0 |    45 |      0 |      0 |          0 |
|     g_output_reorder.fifo_a_delay |    delay_memory__parameterized2 |         71 |         71 |       0 |    0 |     7 |      1 |      0 |          0 |
|     g_output_reorder.fifo_b_delay | delay_memory__parameterized2_43 |          7 |          7 |       0 |    0 |     7 |      1 |      0 |          0 |
|     u_butterfly                   |                 gs_butterfly_44 |       1854 |       1661 |       0 |  193 |  1411 |      0 |      0 |         26 |
|       (u_butterfly)               |                 gs_butterfly_44 |        342 |        342 |       0 |    0 |   128 |      0 |      0 |          0 |
|       u_add                       |                      mod_add_46 |         32 |         32 |       0 |    0 |     0 |      0 |      0 |          0 |
|       u_mul                       |              mont_mul_select_47 |       1391 |       1262 |       0 |  129 |  1155 |      0 |      0 |         26 |
|         g_current.u_mul           |                     mont_mul_50 |       1391 |       1262 |       0 |  129 |  1155 |      0 |      0 |         26 |
|       u_sub                       |                      mod_sub_48 |          0 |          0 |       0 |    0 |     0 |      0 |      0 |          0 |
|       u_sum_delay                 |                   delay_line_49 |         97 |         33 |       0 |   64 |   128 |      0 |      0 |          0 |
|     u_twiddle_rom                 |                  twiddle_rom_45 |        480 |        480 |       0 |    0 |     0 |      0 |      0 |          0 |
|   g_stage[4].u_stage              |       mdc_stage__parameterized3 |       2385 |       1936 |       0 |  449 |  1703 |      0 |      0 |         26 |
|     (g_stage[4].u_stage)          |       mdc_stage__parameterized3 |         31 |         31 |       0 |    0 |    36 |      0 |      0 |          0 |
|     g_output_reorder.fifo_a_delay |    delay_memory__parameterized3 |        224 |         96 |       0 |  128 |   128 |      0 |      0 |          0 |
|     g_output_reorder.fifo_b_delay | delay_memory__parameterized3_35 |        160 |         32 |       0 |  128 |   128 |      0 |      0 |          0 |
|     u_butterfly                   |                 gs_butterfly_36 |       1730 |       1537 |       0 |  193 |  1411 |      0 |      0 |         26 |
|       (u_butterfly)               |                 gs_butterfly_36 |        342 |        342 |       0 |    0 |   128 |      0 |      0 |          0 |
|       u_add                       |                      mod_add_38 |         32 |         32 |       0 |    0 |     0 |      0 |      0 |          0 |
|       u_mul                       |              mont_mul_select_39 |       1204 |       1075 |       0 |  129 |  1155 |      0 |      0 |         26 |
|         g_current.u_mul           |                     mont_mul_42 |       1204 |       1075 |       0 |  129 |  1155 |      0 |      0 |         26 |
|       u_sub                       |                      mod_sub_40 |          0 |          0 |       0 |    0 |     0 |      0 |      0 |          0 |
|       u_sum_delay                 |                   delay_line_41 |        160 |         96 |       0 |   64 |   128 |      0 |      0 |          0 |
|     u_twiddle_rom                 |                  twiddle_rom_37 |        240 |        240 |       0 |    0 |     0 |      0 |      0 |          0 |
|   g_stage[5].u_stage              |       mdc_stage__parameterized4 |       2125 |       1804 |       0 |  321 |  1691 |      0 |      0 |         26 |
|     (g_stage[5].u_stage)          |       mdc_stage__parameterized4 |         19 |         19 |       0 |    0 |    24 |      0 |      0 |          0 |
|     g_output_reorder.fifo_a_delay |    delay_memory__parameterized4 |        160 |         96 |       0 |   64 |   128 |      0 |      0 |          0 |
|     g_output_reorder.fifo_b_delay | delay_memory__parameterized4_27 |         96 |         32 |       0 |   64 |   128 |      0 |      0 |          0 |
|     u_butterfly                   |                 gs_butterfly_28 |       1730 |       1537 |       0 |  193 |  1411 |      0 |      0 |         26 |
|       (u_butterfly)               |                 gs_butterfly_28 |        342 |        342 |       0 |    0 |   128 |      0 |      0 |          0 |
|       u_add                       |                      mod_add_30 |         32 |         32 |       0 |    0 |     0 |      0 |      0 |          0 |
|       u_mul                       |              mont_mul_select_31 |       1204 |       1075 |       0 |  129 |  1155 |      0 |      0 |         26 |
|         g_current.u_mul           |                     mont_mul_34 |       1204 |       1075 |       0 |  129 |  1155 |      0 |      0 |         26 |
|       u_sub                       |                      mod_sub_32 |          0 |          0 |       0 |    0 |     0 |      0 |      0 |          0 |
|       u_sum_delay                 |                   delay_line_33 |        160 |         96 |       0 |   64 |   128 |      0 |      0 |          0 |
|     u_twiddle_rom                 |                  twiddle_rom_29 |        120 |        120 |       0 |    0 |     0 |      0 |      0 |          0 |
|   g_stage[6].u_stage              |       mdc_stage__parameterized5 |       2063 |       1742 |       0 |  321 |  1689 |      0 |      0 |         26 |
|     (g_stage[6].u_stage)          |       mdc_stage__parameterized5 |         17 |         17 |       0 |    0 |    22 |      0 |      0 |          0 |
|     g_output_reorder.fifo_a_delay |    delay_memory__parameterized5 |        160 |         96 |       0 |   64 |   128 |      0 |      0 |          0 |
|     g_output_reorder.fifo_b_delay | delay_memory__parameterized5_19 |         96 |         32 |       0 |   64 |   128 |      0 |      0 |          0 |
|     u_butterfly                   |                 gs_butterfly_20 |       1730 |       1537 |       0 |  193 |  1411 |      0 |      0 |         26 |
|       (u_butterfly)               |                 gs_butterfly_20 |        342 |        342 |       0 |    0 |   128 |      0 |      0 |          0 |
|       u_add                       |                      mod_add_22 |         32 |         32 |       0 |    0 |     0 |      0 |      0 |          0 |
|       u_mul                       |              mont_mul_select_23 |       1204 |       1075 |       0 |  129 |  1155 |      0 |      0 |         26 |
|         g_current.u_mul           |                     mont_mul_26 |       1204 |       1075 |       0 |  129 |  1155 |      0 |      0 |         26 |
|       u_sub                       |                      mod_sub_24 |          0 |          0 |       0 |    0 |     0 |      0 |      0 |          0 |
|       u_sum_delay                 |                   delay_line_25 |        160 |         96 |       0 |   64 |   128 |      0 |      0 |          0 |
|     u_twiddle_rom                 |                  twiddle_rom_21 |         60 |         60 |       0 |    0 |     0 |      0 |      0 |          0 |
|   g_stage[7].u_stage              |       mdc_stage__parameterized6 |       2104 |       1783 |       0 |  321 |  1690 |      0 |      0 |         26 |
|     (g_stage[7].u_stage)          |       mdc_stage__parameterized6 |         15 |         15 |       0 |    0 |    23 |      0 |      0 |          0 |
|     g_output_reorder.fifo_a_delay |    delay_memory__parameterized6 |        160 |         96 |       0 |   64 |   128 |      0 |      0 |          0 |
|     g_output_reorder.fifo_b_delay | delay_memory__parameterized6_11 |         96 |         32 |       0 |   64 |   128 |      0 |      0 |          0 |
|     u_butterfly                   |                 gs_butterfly_12 |       1773 |       1580 |       0 |  193 |  1411 |      0 |      0 |         26 |
|       (u_butterfly)               |                 gs_butterfly_12 |        342 |        342 |       0 |    0 |   128 |      0 |      0 |          0 |
|       u_add                       |                      mod_add_14 |         32 |         32 |       0 |    0 |     0 |      0 |      0 |          0 |
|       u_mul                       |              mont_mul_select_15 |       1310 |       1181 |       0 |  129 |  1155 |      0 |      0 |         26 |
|         g_current.u_mul           |                     mont_mul_18 |       1310 |       1181 |       0 |  129 |  1155 |      0 |      0 |         26 |
|       u_sub                       |                      mod_sub_16 |          0 |          0 |       0 |    0 |     0 |      0 |      0 |          0 |
|       u_sum_delay                 |                   delay_line_17 |         97 |         33 |       0 |   64 |   128 |      0 |      0 |          0 |
|     u_twiddle_rom                 |                  twiddle_rom_13 |         60 |         60 |       0 |    0 |     0 |      0 |      0 |          0 |
|   g_stage[8].u_stage              |       mdc_stage__parameterized7 |       2037 |       1716 |       0 |  321 |  1689 |      0 |      0 |         26 |
|     (g_stage[8].u_stage)          |       mdc_stage__parameterized7 |         14 |         14 |       0 |    0 |    22 |      0 |      0 |          0 |
|     g_output_reorder.fifo_a_delay |    delay_memory__parameterized7 |        160 |         96 |       0 |   64 |   128 |      0 |      0 |          0 |
|     g_output_reorder.fifo_b_delay |  delay_memory__parameterized7_3 |         96 |         32 |       0 |   64 |   128 |      0 |      0 |          0 |
|     u_butterfly                   |                  gs_butterfly_4 |       1712 |       1519 |       0 |  193 |  1411 |      0 |      0 |         26 |
|       (u_butterfly)               |                  gs_butterfly_4 |        342 |        342 |       0 |    0 |   128 |      0 |      0 |          0 |
|       u_add                       |                       mod_add_6 |         32 |         32 |       0 |    0 |     0 |      0 |      0 |          0 |
|       u_mul                       |               mont_mul_select_7 |       1250 |       1121 |       0 |  129 |  1155 |      0 |      0 |         26 |
|         g_current.u_mul           |                     mont_mul_10 |       1250 |       1121 |       0 |  129 |  1155 |      0 |      0 |         26 |
|       u_sub                       |                       mod_sub_8 |          0 |          0 |       0 |    0 |     0 |      0 |      0 |          0 |
|       u_sum_delay                 |                    delay_line_9 |         96 |         32 |       0 |   64 |   128 |      0 |      0 |          0 |
|     u_twiddle_rom                 |                   twiddle_rom_5 |         55 |         55 |       0 |    0 |     0 |      0 |      0 |          0 |
|   g_stage[9].u_stage              |       mdc_stage__parameterized8 |       1806 |       1613 |       0 |  193 |  1686 |      0 |      0 |         26 |
|     (g_stage[9].u_stage)          |       mdc_stage__parameterized8 |         13 |         13 |       0 |    0 |    19 |      0 |      0 |          0 |
|     g_output_reorder.fifo_a_delay |    delay_memory__parameterized8 |         64 |         64 |       0 |    0 |   128 |      0 |      0 |          0 |
|     g_output_reorder.fifo_b_delay |  delay_memory__parameterized8_1 |          0 |          0 |       0 |    0 |   128 |      0 |      0 |          0 |
|     u_butterfly                   |                    gs_butterfly |       1711 |       1518 |       0 |  193 |  1411 |      0 |      0 |         26 |
|       (u_butterfly)               |                    gs_butterfly |        342 |        342 |       0 |    0 |   128 |      0 |      0 |          0 |
|       u_add                       |                         mod_add |         32 |         32 |       0 |    0 |     0 |      0 |      0 |          0 |
|       u_mul                       |                 mont_mul_select |       1249 |       1120 |       0 |  129 |  1155 |      0 |      0 |         26 |
|         g_current.u_mul           |                      mont_mul_2 |       1249 |       1120 |       0 |  129 |  1155 |      0 |      0 |         26 |
|       u_sub                       |                         mod_sub |          0 |          0 |       0 |    0 |     0 |      0 |      0 |          0 |
|       u_sum_delay                 |                      delay_line |         96 |         32 |       0 |   64 |   128 |      0 |      0 |          0 |
|     u_twiddle_rom                 |                     twiddle_rom |         18 |         18 |       0 |    0 |     0 |      0 |      0 |          0 |
|   u_intt_scale0                   |                        mont_mul |       1099 |        970 |       0 |  129 |  1155 |      0 |      0 |         26 |
|   u_intt_scale1                   |                      mont_mul_0 |       1096 |        968 |       0 |  128 |  1153 |      0 |      0 |         26 |
|   u_ntt_output_delay              |      delay_line__parameterized0 |        320 |        192 |       0 |  128 |   256 |      0 |      0 |          0 |
+-----------------------------------+---------------------------------+------------+------------+---------+------+-------+--------+--------+------------+


